\BOOKMARK [1][-]{Doc-Start}{\376\377\000L\000i\000s\000t\000\040\000o\000f\000\040\000F\000i\000g\000u\000r\000e\000s}{}% 1
\BOOKMARK [1][-]{Doc-Start}{\376\377\000L\000i\000s\000t\000\040\000o\000f\000\040\000T\000a\000b\000l\000e\000s}{}% 2
\BOOKMARK [1][-]{section.1}{\376\377\000I\000n\000t\000r\000o\000d\000u\000c\000t\000i\000o\000n}{}% 3
\BOOKMARK [2][-]{subsection.1.1}{\376\377\000P\000u\000r\000p\000o\000s\000e}{section.1}% 4
\BOOKMARK [3][-]{subsubsection.1.1.1}{\376\377\000R\000e\000s\000e\000a\000r\000c\000h\000\040\000Q\000u\000e\000s\000t\000i\000o\000n\000s}{subsection.1.1}% 5
\BOOKMARK [2][-]{subsection.1.2}{\376\377\000D\000i\000g\000i\000t\000a\000l\000i\000s\000a\000t\000i\000o\000n\000\040\000i\000n\000\040\000R\000a\000i\000l\000w\000a\000y}{section.1}% 6
\BOOKMARK [1][-]{section.2}{\376\377\000M\000e\000t\000h\000o\000d}{}% 7
\BOOKMARK [2][-]{subsection.2.1}{\376\377\000R\000e\000s\000e\000a\000r\000c\000h\000\040\000M\000e\000t\000h\000o\000d\000o\000l\000o\000g\000y}{section.2}% 8
\BOOKMARK [2][-]{subsection.2.2}{\376\377\000L\000i\000t\000e\000r\000a\000t\000u\000r\000e\000\040\000R\000e\000v\000i\000e\000w\000\040\000S\000t\000r\000a\000t\000e\000g\000y}{section.2}% 9
\BOOKMARK [3][-]{subsubsection.2.2.1}{\376\377\000S\000e\000a\000r\000c\000h\000\040\000S\000t\000r\000a\000t\000e\000g\000y\000\040\000a\000n\000d\000\040\000D\000a\000t\000a\000b\000a\000s\000e\000s}{subsection.2.2}% 10
\BOOKMARK [3][-]{subsubsection.2.2.2}{\376\377\000I\000n\000c\000l\000u\000s\000i\000o\000n\000\040\000C\000r\000i\000t\000e\000r\000i\000a}{subsection.2.2}% 11
\BOOKMARK [3][-]{subsubsection.2.2.3}{\376\377\000S\000e\000a\000r\000c\000h\000\040\000Q\000u\000e\000r\000i\000e\000s\000\040\000a\000n\000d\000\040\000R\000e\000f\000i\000n\000e\000m\000e\000n\000t}{subsection.2.2}% 12
\BOOKMARK [2][-]{subsection.2.3}{\376\377\000V\000a\000l\000i\000d\000i\000t\000y}{section.2}% 13
\BOOKMARK [2][-]{subsection.2.4}{\376\377\000R\000e\000l\000i\000a\000b\000i\000l\000i\000t\000y}{section.2}% 14
\BOOKMARK [1][-]{section.3}{\376\377\000T\000h\000e\000o\000r\000y}{}% 15
\BOOKMARK [2][-]{subsection.3.1}{\376\377\000A\000T\000O}{section.3}% 16
\BOOKMARK [2][-]{subsection.3.2}{\376\377\000G\000o\000A}{section.3}% 17
\BOOKMARK [2][-]{subsection.3.3}{\376\377\000E\000R\000T\000M\000S}{section.3}% 18
\BOOKMARK [2][-]{subsection.3.4}{\376\377\000E\000T\000C\000S}{section.3}% 19
\BOOKMARK [3][-]{subsubsection.3.4.1}{\376\377\000L\000e\000v\000e\000l\000s}{subsection.3.4}% 20
\BOOKMARK [3][-]{subsubsection.3.4.2}{\376\377\000M\000o\000d\000e\000s}{subsection.3.4}% 21
\BOOKMARK [2][-]{subsection.3.5}{\376\377\000C\000e\000l\000l\000u\000l\000a\000r\000\040\000c\000o\000m\000m\000u\000n\000i\000c\000a\000t\000i\000o\000n\000s}{section.3}% 22
\BOOKMARK [3][-]{subsubsection.3.5.1}{\376\377\0005\000G\000\040\000U\000R\000L\000L\000C}{subsection.3.5}% 23
\BOOKMARK [3][-]{subsubsection.3.5.2}{\376\377\000G\000S\000M\000-\000R}{subsection.3.5}% 24
\BOOKMARK [3][-]{subsubsection.3.5.3}{\376\377\000F\000R\000M\000C\000S}{subsection.3.5}% 25
\BOOKMARK [3][-]{subsubsection.3.5.4}{\376\377\000W\000i\000-\000F\000i}{subsection.3.5}% 26
\BOOKMARK [2][-]{subsection.3.6}{\376\377\000E\000R\000T\000M\000S\000/\000A\000T\000O}{section.3}% 27
\BOOKMARK [2][-]{subsection.3.7}{\376\377\000L\000a\000t\000e\000n\000c\000y}{section.3}% 28
\BOOKMARK [3][-]{subsubsection.3.7.1}{\376\377\000L\000a\000t\000e\000n\000c\000y\000\040\000M\000e\000a\000s\000u\000r\000e\000m\000e\000n\000t\000s}{subsection.3.7}% 29
\BOOKMARK [2][-]{subsection.3.8}{\376\377\000R\000e\000g\000u\000l\000a\000t\000i\000o\000n\000s}{section.3}% 30
\BOOKMARK [3][-]{subsubsection.3.8.1}{\376\377\000S\000p\000e\000s\000i\000f\000i\000c\000\040\000v\000a\000l\000i\000d\000a\000t\000i\000o\000n\000\040\000c\000r\000i\000t\000e\000r\000i\000a}{subsection.3.8}% 31
