Linux 7.0.0-15-generic (bruker-ThinkPad-P14s-Gen-3) 	05/16/2026 	_x86_64_	(16 CPU)

12:28:11 PM     CPU      %usr     %nice      %sys   %iowait    %steal      %irq     %soft    %guest    %gnice     %idle
12:28:12 PM     all      5.60      0.00      1.39      0.00      0.00      0.00      0.19      0.00      0.00     92.82
12:28:13 PM     all      5.64      0.00      1.33      0.19      0.00      0.00      0.25      0.00      0.00     92.59
12:28:14 PM     all      5.21      0.00      0.83      0.06      0.00      0.00      0.25      0.00      0.00     93.65
12:28:15 PM     all      5.40      0.00      0.94      0.00      0.00      0.00      0.19      0.00      0.00     93.47
12:28:16 PM     all      4.94      0.00      0.57      0.00      0.00      0.00      0.19      0.00      0.00     94.30
12:28:17 PM     all      4.89      0.00      1.00      0.00      0.00      0.00      0.19      0.00      0.00     93.92
12:28:18 PM     all      5.13      0.00      0.57      0.00      0.00      0.00      0.13      0.00      0.00     94.18
12:28:19 PM     all      5.09      0.00      0.69      0.13      0.00      0.00      0.25      0.00      0.00     93.84
12:28:20 PM     all      4.94      0.00      0.89      0.00      0.00      0.00      0.19      0.00      0.00     93.98
12:28:21 PM     all      4.66      0.00      0.57      0.00      0.00      0.00      0.19      0.00      0.00     94.58
12:28:22 PM     all      5.28      0.00      1.01      0.00      0.00      0.00      0.19      0.00      0.00     93.53
12:28:23 PM     all      4.47      0.00      0.38      0.00      0.00      0.00      0.19      0.00      0.00     94.96
12:28:24 PM     all      4.61      0.00      0.88      0.06      0.00      0.00      0.19      0.00      0.00     94.25
12:28:25 PM     all      4.67      0.00      0.69      0.00      0.00      0.00      0.13      0.00      0.00     94.50
12:28:26 PM     all      5.40      0.00      0.69      0.13      0.00      0.00      0.19      0.00      0.00     93.59
12:28:27 PM     all      4.66      0.00      0.69      0.00      0.00      0.00      0.19      0.00      0.00     94.46
12:28:28 PM     all      5.77      0.00      0.69      0.00      0.00      0.00      0.19      0.00      0.00     93.35
12:28:29 PM     all      5.23      0.00      0.69      0.13      0.00      0.00      0.13      0.00      0.00     93.83
12:28:30 PM     all      4.99      0.00      0.76      0.00      0.00      0.00      0.13      0.00      0.00     94.13
12:28:31 PM     all      5.21      0.00      1.07      0.00      0.00      0.00      0.19      0.00      0.00     93.53
12:28:32 PM     all      5.96      0.00      0.63      0.00      0.00      0.00      0.19      0.00      0.00     93.22
12:28:33 PM     all      5.30      0.00      0.63      0.06      0.00      0.00      0.13      0.00      0.00     93.88
12:28:34 PM     all      5.72      0.00      0.69      0.00      0.00      0.00      0.19      0.00      0.00     93.40
12:28:35 PM     all      5.66      0.00      0.50      0.00      0.00      0.00      0.13      0.00      0.00     93.71
12:28:36 PM     all      5.64      0.00      0.88      0.00      0.00      0.00      0.13      0.00      0.00     93.36
12:28:37 PM     all      5.12      0.00      0.51      0.00      0.00      0.00      0.25      0.00      0.00     94.12
12:28:38 PM     all      5.39      0.00      0.82      0.06      0.00      0.00      0.25      0.00      0.00     93.48
12:28:39 PM     all      5.12      0.00      0.63      0.00      0.00      0.00      0.06      0.00      0.00     94.18
12:28:40 PM     all      5.35      0.00      0.76      0.00      0.00      0.00      0.25      0.00      0.00     93.64
12:28:41 PM     all      4.91      0.00      0.50      0.19      0.00      0.00      0.25      0.00      0.00     94.15
12:28:42 PM     all      5.41      0.00      0.75      0.00      0.00      0.00      0.13      0.00      0.00     93.71
12:28:43 PM     all      5.04      0.00      0.63      0.00      0.00      0.00      0.19      0.00      0.00     94.14
12:28:44 PM     all      5.12      0.00      0.88      0.06      0.00      0.00      0.25      0.00      0.00     93.68
12:28:45 PM     all      4.95      0.00      0.75      0.00      0.00      0.00      0.19      0.00      0.00     94.11
12:28:46 PM     all      5.11      0.00      0.76      0.00      0.00      0.00      0.25      0.00      0.00     93.88
12:28:47 PM     all      6.91      0.00      0.57      0.13      0.00      0.00      0.13      0.00      0.00     92.26
12:28:48 PM     all      7.79      0.00      1.88      0.06      0.00      0.00      0.25      0.00      0.00     90.01
12:28:49 PM     all      4.87      0.00      0.76      0.13      0.00      0.00      0.13      0.00      0.00     94.11
12:28:50 PM     all      3.77      0.00      0.57      0.06      0.00      0.00      0.19      0.00      0.00     95.41
12:28:51 PM     all      3.21      0.00      0.57      0.00      0.00      0.00      0.06      0.00      0.00     96.16
12:28:52 PM     all      3.47      0.00      0.38      0.00      0.00      0.00      0.06      0.00      0.00     96.09
12:28:53 PM     all      3.33      0.00      0.57      0.00      0.00      0.00      0.00      0.00      0.00     96.10
12:28:54 PM     all      2.78      0.00      0.57      0.00      0.00      0.00      0.13      0.00      0.00     96.53
12:28:55 PM     all      3.91      0.00      0.82      0.13      0.00      0.00      0.06      0.00      0.00     95.08
12:28:56 PM     all      3.08      0.00      0.57      0.00      0.00      0.00      0.19      0.00      0.00     96.16
12:28:57 PM     all      3.28      0.00      0.38      0.00      0.00      0.00      0.06      0.00      0.00     96.28
12:28:58 PM     all      4.01      0.00      0.81      0.00      0.00      0.00      0.06      0.00      0.00     95.12
12:28:59 PM     all      3.74      0.00      0.57      0.13      0.00      0.00      0.06      0.00      0.00     95.50
12:29:00 PM     all      5.18      0.00      1.14      0.00      0.00      0.00      0.13      0.00      0.00     93.56
12:29:01 PM     all      6.53      0.00      1.27      0.13      0.00      0.00      0.13      0.00      0.00     91.95
12:29:02 PM     all      8.77      0.00      1.39      0.00      0.00      0.00      0.19      0.00      0.00     89.65
12:29:03 PM     all     11.34      0.00      1.71      0.19      0.00      0.00      0.13      0.00      0.00     86.63
12:29:04 PM     all      5.87      0.00      1.01      0.13      0.00      0.00      0.19      0.00      0.00     92.80
12:29:05 PM     all      5.49      0.00      1.07      0.00      0.00      0.00      0.13      0.00      0.00     93.31
12:29:06 PM     all      4.54      0.00      1.20      0.13      0.00      0.00      0.13      0.00      0.00     94.01
12:29:07 PM     all      4.17      0.00      1.07      0.19      0.00      0.00      0.13      0.00      0.00     94.44
12:29:08 PM     all      6.70      0.00      1.07      0.00      0.00      0.00      0.06      0.00      0.00     92.17
12:29:09 PM     all      4.24      0.00      1.01      0.00      0.00      0.00      0.13      0.00      0.00     94.62
12:29:10 PM     all      7.20      0.00      2.27      0.00      0.00      0.00      0.13      0.00      0.00     90.40
12:29:11 PM     all      3.91      0.00      0.95      0.00      0.00      0.00      0.19      0.00      0.00     94.95
12:29:12 PM     all      4.17      0.00      1.07      0.00      0.00      0.00      0.19      0.00      0.00     94.57
12:29:13 PM     all      4.22      0.00      0.94      0.06      0.00      0.00      0.13      0.00      0.00     94.65
12:29:14 PM     all      3.87      0.00      0.76      0.00      0.00      0.00      0.06      0.00      0.00     95.31
12:29:15 PM     all      4.04      0.00      0.95      0.00      0.00      0.00      0.13      0.00      0.00     94.89
12:29:16 PM     all      4.54      0.00      1.13      0.00      0.00      0.00      0.13      0.00      0.00     94.20
12:29:17 PM     all      3.91      0.00      0.69      0.00      0.00      0.00      0.00      0.00      0.00     95.40
12:29:18 PM     all      4.18      0.00      0.95      0.19      0.00      0.00      0.13      0.00      0.00     94.55
12:29:19 PM     all      4.38      0.00      1.00      0.00      0.00      0.00      0.19      0.00      0.00     94.43
12:29:20 PM     all      4.17      0.00      1.07      0.06      0.00      0.00      0.13      0.00      0.00     94.57
12:29:21 PM     all      4.18      0.00      0.70      0.00      0.00      0.00      0.00      0.00      0.00     95.13
12:29:22 PM     all      4.42      0.00      1.01      0.00      0.00      0.00      0.19      0.00      0.00     94.38
12:29:23 PM     all      3.96      0.00      1.07      0.00      0.00      0.00      0.06      0.00      0.00     94.90
12:29:24 PM     all      3.98      0.00      0.76      0.00      0.00      0.00      0.13      0.00      0.00     95.13
12:29:25 PM     all      3.72      0.00      0.88      0.00      0.00      0.00      0.13      0.00      0.00     95.27
12:29:26 PM     all      4.67      0.00      1.07      0.06      0.00      0.00      0.13      0.00      0.00     94.07
12:29:27 PM     all      3.80      0.00      0.70      0.00      0.00      0.00      0.00      0.00      0.00     95.50
12:29:28 PM     all      4.09      0.00      1.07      0.13      0.00      0.00      0.25      0.00      0.00     94.46
12:29:29 PM     all      3.86      0.00      0.88      0.00      0.00      0.00      0.06      0.00      0.00     95.20
12:29:30 PM     all      4.64      0.00      0.88      0.00      0.00      0.00      0.06      0.00      0.00     94.42
12:29:31 PM     all      3.30      0.00      0.95      0.00      0.00      0.00      0.25      0.00      0.00     95.49
12:29:32 PM     all      3.91      0.00      1.01      0.00      0.00      0.00      0.19      0.00      0.00     94.89
12:29:33 PM     all      4.28      0.00      0.88      0.00      0.00      0.00      0.06      0.00      0.00     94.77
12:29:34 PM     all      3.99      0.00      1.01      0.06      0.00      0.00      0.13      0.00      0.00     94.81
12:29:35 PM     all      4.94      0.00      1.52      0.00      0.00      0.00      0.06      0.00      0.00     93.48
12:29:36 PM     all      5.96      0.00      0.95      0.06      0.00      0.00      0.19      0.00      0.00     92.83
12:29:37 PM     all      4.37      0.00      0.95      0.00      0.00      0.00      0.13      0.00      0.00     94.55
12:29:38 PM     all      3.98      0.00      0.95      0.00      0.00      0.00      0.06      0.00      0.00     95.01
12:29:39 PM     all      4.49      0.00      0.82      0.06      0.00      0.00      0.06      0.00      0.00     94.57
12:29:40 PM     all      5.11      0.00      1.13      0.00      0.00      0.00      0.13      0.00      0.00     93.63
12:29:41 PM     all      3.55      0.00      0.70      0.00      0.00      0.00      0.13      0.00      0.00     95.63
12:29:42 PM     all      4.68      0.00      0.95      0.00      0.00      0.00      0.06      0.00      0.00     94.31
12:29:43 PM     all      4.42      0.00      1.14      0.00      0.00      0.00      0.13      0.00      0.00     94.32
12:29:44 PM     all      4.41      0.00      1.07      0.06      0.00      0.00      0.13      0.00      0.00     94.33
12:29:45 PM     all      4.17      0.00      0.82      0.00      0.00      0.00      0.13      0.00      0.00     94.88
12:29:46 PM     all      4.49      0.00      1.01      0.00      0.00      0.00      0.06      0.00      0.00     94.43
12:29:47 PM     all      4.41      0.00      0.76      0.13      0.00      0.00      0.19      0.00      0.00     94.51
12:29:48 PM     all      6.25      0.00      2.27      0.00      0.00      0.00      0.19      0.00      0.00     91.29
12:29:49 PM     all      4.19      0.00      0.82      0.00      0.00      0.00      0.13      0.00      0.00     94.86
12:29:50 PM     all      4.67      0.00      0.88      0.00      0.00      0.00      0.06      0.00      0.00     94.38
12:29:51 PM     all      4.47      0.00      0.94      0.00      0.00      0.00      0.19      0.00      0.00     94.40
12:29:52 PM     all      4.44      0.00      0.57      0.00      0.00      0.00      0.13      0.00      0.00     94.86
12:29:53 PM     all      4.61      0.00      0.95      0.06      0.00      0.00      0.13      0.00      0.00     94.26
12:29:54 PM     all      5.12      0.00      1.01      0.00      0.00      0.00      0.13      0.00      0.00     93.75
12:29:55 PM     all      3.78      0.00      1.07      0.00      0.00      0.00      0.19      0.00      0.00     94.96
12:29:56 PM     all      4.85      0.00      0.76      0.00      0.00      0.00      0.19      0.00      0.00     94.20
12:29:57 PM     all      3.98      0.00      1.01      0.00      0.00      0.00      0.00      0.00      0.00     95.00
12:29:58 PM     all      4.34      0.00      0.88      0.06      0.00      0.00      0.19      0.00      0.00     94.52
12:29:59 PM     all      5.92      0.00      1.01      0.00      0.00      0.00      0.06      0.00      0.00     93.01
12:30:00 PM     all      4.16      0.00      0.95      0.00      0.00      0.00      0.06      0.00      0.00     94.83
12:30:01 PM     all      4.79      0.00      1.01      0.00      0.00      0.00      0.25      0.00      0.00     93.95
12:30:02 PM     all      4.56      0.00      0.82      0.06      0.00      0.00      0.06      0.00      0.00     94.49
12:30:03 PM     all      4.36      0.00      0.82      0.13      0.00      0.00      0.13      0.00      0.00     94.57
12:30:04 PM     all      4.42      0.00      1.14      0.00      0.00      0.00      0.06      0.00      0.00     94.38
12:30:05 PM     all      4.92      0.00      0.76      0.06      0.00      0.00      0.06      0.00      0.00     94.19
12:30:06 PM     all      4.79      0.00      1.07      0.00      0.00      0.00      0.19      0.00      0.00     93.94
12:30:07 PM     all      4.73      0.00      0.88      0.00      0.00      0.00      0.06      0.00      0.00     94.33
12:30:08 PM     all      4.11      0.00      1.07      0.06      0.00      0.00      0.19      0.00      0.00     94.57
12:30:09 PM     all      4.41      0.00      1.13      0.00      0.00      0.00      0.13      0.00      0.00     94.33
12:30:10 PM     all      8.51      0.00      2.29      0.00      0.00      0.00      0.06      0.00      0.00     89.14
12:30:11 PM     all      9.22      0.00      1.83      0.13      0.00      0.00      0.19      0.00      0.00     88.64
12:30:12 PM     all      5.37      0.00      1.07      0.06      0.00      0.00      0.19      0.00      0.00     93.30
12:30:13 PM     all      3.37      0.00      0.83      0.00      0.00      0.00      0.06      0.00      0.00     95.74
12:30:14 PM     all      5.28      0.00      1.32      0.19      0.00      0.00      0.19      0.00      0.00     93.02
12:30:15 PM     all      5.13      0.00      1.20      0.00      0.00      0.00      0.06      0.00      0.00     93.61
12:30:16 PM     all      4.74      0.00      1.26      0.00      0.00      0.00      0.19      0.00      0.00     93.81
12:30:17 PM     all      8.98      0.00      1.39      0.13      0.00      0.00      0.06      0.00      0.00     89.44
12:30:18 PM     all      4.84      0.00      0.94      0.00      0.00      0.00      0.06      0.00      0.00     94.15
12:30:19 PM     all      4.87      0.00      1.08      0.00      0.00      0.00      0.06      0.00      0.00     93.99
12:30:20 PM     all      5.25      0.00      1.20      0.00      0.00      0.00      0.19      0.00      0.00     93.36
12:30:21 PM     all      5.12      0.00      1.07      0.00      0.00      0.00      0.13      0.00      0.00     93.68
12:30:22 PM     all      5.18      0.00      1.14      0.13      0.00      0.00      0.13      0.00      0.00     93.43
12:30:23 PM     all      3.72      0.00      1.01      0.00      0.00      0.00      0.06      0.00      0.00     95.21
12:30:24 PM     all      4.17      0.00      0.82      0.00      0.00      0.00      0.13      0.00      0.00     94.88
12:30:25 PM     all      3.56      0.00      0.89      0.00      0.00      0.00      0.00      0.00      0.00     95.55
12:30:26 PM     all      4.55      0.00      1.07      0.00      0.00      0.00      0.19      0.00      0.00     94.19
12:30:27 PM     all      5.96      0.00      2.03      0.00      0.00      0.00      0.06      0.00      0.00     91.95
12:30:28 PM     all      6.51      0.00      1.39      0.13      0.00      0.00      0.13      0.00      0.00     91.84
12:30:29 PM     all      5.41      0.00      1.13      0.06      0.00      0.00      0.25      0.00      0.00     93.14
12:30:30 PM     all      3.93      0.00      0.82      0.25      0.00      0.00      0.13      0.00      0.00     94.87
12:30:31 PM     all      4.59      0.00      0.75      0.00      0.00      0.00      0.13      0.00      0.00     94.53
12:30:32 PM     all      3.71      0.00      0.69      0.00      0.00      0.00      0.19      0.00      0.00     95.41
12:30:33 PM     all      3.15      0.00      0.31      0.00      0.00      0.00      0.06      0.00      0.00     96.48
12:30:34 PM     all      3.57      0.00      0.75      0.00      0.00      0.00      0.06      0.00      0.00     95.62
12:30:35 PM     all      3.03      0.00      0.50      0.00      0.00      0.00      0.06      0.00      0.00     96.41
12:30:36 PM     all      3.53      0.00      0.50      0.06      0.00      0.00      0.06      0.00      0.00     95.84
12:30:37 PM     all      3.27      0.00      0.57      0.00      0.00      0.00      0.06      0.00      0.00     96.10
12:30:38 PM     all      3.34      0.00      0.44      0.00      0.00      0.00      0.06      0.00      0.00     96.15
12:30:39 PM     all      3.21      0.00      0.31      0.00      0.00      0.00      0.06      0.00      0.00     96.42
12:30:40 PM     all      3.23      0.00      0.63      0.00      0.00      0.00      0.06      0.00      0.00     96.08
12:30:41 PM     all      3.20      0.00      0.69      0.13      0.00      0.00      0.06      0.00      0.00     95.92
12:30:42 PM     all      3.64      0.00      0.56      0.06      0.00      0.00      0.13      0.00      0.00     95.61
12:30:43 PM     all      2.96      0.00      0.38      0.00      0.00      0.00      0.06      0.00      0.00     96.60
12:30:44 PM     all      3.34      0.00      0.44      0.00      0.00      0.00      0.13      0.00      0.00     96.09
12:30:45 PM     all      2.77      0.00      0.50      0.00      0.00      0.00      0.06      0.00      0.00     96.66
12:30:46 PM     all      3.22      0.00      0.32      0.06      0.00      0.00      0.13      0.00      0.00     96.28
12:30:47 PM     all      3.15      0.00      0.38      0.06      0.00      0.00      0.06      0.00      0.00     96.35
12:30:48 PM     all      3.20      0.00      0.57      0.00      0.00      0.00      0.13      0.00      0.00     96.11
12:30:49 PM     all      4.38      0.00      1.59      0.00      0.00      0.00      0.06      0.00      0.00     93.97
12:30:50 PM     all      3.52      0.00      0.44      0.00      0.00      0.00      0.19      0.00      0.00     95.85
12:30:51 PM     all      3.45      0.00      0.38      0.13      0.00      0.00      0.06      0.00      0.00     95.98
12:30:52 PM     all      3.22      0.00      0.69      0.00      0.00      0.00      0.00      0.00      0.00     96.09
12:30:53 PM     all      3.02      0.00      0.38      0.00      0.00      0.00      0.00      0.00      0.00     96.60
12:30:54 PM     all      3.04      0.00      0.51      0.00      0.00      0.00      0.06      0.00      0.00     96.39
12:30:55 PM     all      3.46      0.00      0.38      0.00      0.00      0.00      0.06      0.00      0.00     96.10
12:30:56 PM     all      3.40      0.00      0.50      0.00      0.00      0.00      0.06      0.00      0.00     96.03
12:30:57 PM     all      2.59      0.00      0.51      0.13      0.00      0.00      0.06      0.00      0.00     96.71
12:30:58 PM     all      3.33      0.00      0.75      0.00      0.00      0.00      0.06      0.00      0.00     95.85
12:30:59 PM     all      4.13      0.00      0.89      0.00      0.00      0.00      0.06      0.00      0.00     94.91
12:31:00 PM     all      4.79      0.00      0.95      0.13      0.00      0.00      0.25      0.00      0.00     93.88
12:31:01 PM     all      4.49      0.00      0.88      0.00      0.00      0.00      0.06      0.00      0.00     94.56
12:31:02 PM     all      3.52      0.00      0.57      0.00      0.00      0.00      0.06      0.00      0.00     95.85
12:31:03 PM     all      3.58      0.00      0.38      0.00      0.00      0.00      0.06      0.00      0.00     95.98
12:31:04 PM     all      3.10      0.00      0.51      0.00      0.00      0.00      0.13      0.00      0.00     96.27
12:31:05 PM     all      5.40      0.00      0.63      0.00      0.00      0.00      0.06      0.00      0.00     93.91
12:31:06 PM     all      3.72      0.00      0.69      0.13      0.00      0.00      0.13      0.00      0.00     95.33
12:31:07 PM     all      3.48      0.00      0.82      0.06      0.00      0.00      0.06      0.00      0.00     95.57
12:31:08 PM     all      4.02      0.00      0.75      0.06      0.00      0.00      0.19      0.00      0.00     94.98
12:31:09 PM     all      3.62      0.00      0.70      0.00      0.00      0.00      0.06      0.00      0.00     95.62
12:31:10 PM     all      5.53      0.00      1.26      0.31      0.00      0.00      0.19      0.00      0.00     92.71
12:31:11 PM     all      3.84      0.00      0.69      0.00      0.00      0.00      0.00      0.00      0.00     95.47
12:31:12 PM     all      3.47      0.00      0.57      0.06      0.00      0.00      0.19      0.00      0.00     95.72
12:31:13 PM     all      3.15      0.00      0.44      0.00      0.00      0.00      0.13      0.00      0.00     96.28
12:31:14 PM     all      3.66      0.00      0.38      0.00      0.00      0.00      0.06      0.00      0.00     95.90
12:31:15 PM     all      3.79      0.00      0.63      0.13      0.00      0.00      0.00      0.00      0.00     95.46
12:31:16 PM     all      3.97      0.00      0.76      0.00      0.00      0.00      0.06      0.00      0.00     95.21
12:31:17 PM     all      2.83      0.00      0.57      0.00      0.00      0.00      0.13      0.00      0.00     96.48
12:31:18 PM     all      4.03      0.00      0.82      0.00      0.00      0.00      0.06      0.00      0.00     95.09
12:31:19 PM     all      3.29      0.00      0.57      0.00      0.00      0.00      0.06      0.00      0.00     96.08
12:31:20 PM     all      3.39      0.00      0.31      0.06      0.00      0.00      0.13      0.00      0.00     96.10
12:31:21 PM     all      3.28      0.00      0.69      0.06      0.00      0.00      0.00      0.00      0.00     95.96
12:31:22 PM     all      3.42      0.00      0.51      0.00      0.00      0.00      0.06      0.00      0.00     96.02
12:31:23 PM     all      2.41      0.00      0.51      0.00      0.00      0.00      0.06      0.00      0.00     97.02
12:31:24 PM     all      3.27      0.00      0.63      0.00      0.00      0.00      0.13      0.00      0.00     95.97
12:31:25 PM     all      3.09      0.00      0.32      0.00      0.00      0.00      0.06      0.00      0.00     96.53
12:31:26 PM     all      3.16      0.00      0.57      0.13      0.00      0.00      0.13      0.00      0.00     96.02
12:31:27 PM     all      2.96      0.00      0.57      0.00      0.00      0.00      0.06      0.00      0.00     96.41
12:31:28 PM     all      3.70      0.00      0.44      0.00      0.00      0.00      0.06      0.00      0.00     95.80
12:31:29 PM     all      3.21      0.00      0.38      0.00      0.00      0.00      0.06      0.00      0.00     96.35
12:31:30 PM     all      3.22      0.00      0.63      0.00      0.00      0.00      0.06      0.00      0.00     96.09
12:31:31 PM     all      3.27      0.00      0.50      0.13      0.00      0.00      0.13      0.00      0.00     95.97
12:31:32 PM     all      3.76      0.00      0.69      0.00      0.00      0.00      0.06      0.00      0.00     95.48
12:31:33 PM     all      3.51      0.00      0.50      0.00      0.00      0.00      0.06      0.00      0.00     95.93
12:31:34 PM     all      3.15      0.00      0.44      0.00      0.00      0.00      0.13      0.00      0.00     96.28
12:31:35 PM     all      2.78      0.00      0.38      0.00      0.00      0.00      0.06      0.00      0.00     96.78
12:31:36 PM     all      3.94      0.00      0.50      0.00      0.00      0.00      0.06      0.00      0.00     95.50
12:31:37 PM     all      3.09      0.00      0.44      0.13      0.00      0.00      0.00      0.00      0.00     96.34
12:31:38 PM     all      3.45      0.00      0.69      0.00      0.00      0.00      0.19      0.00      0.00     95.67
12:31:39 PM     all      3.27      0.00      0.38      0.00      0.00      0.00      0.00      0.00      0.00     96.35
12:31:40 PM     all      3.53      0.00      0.44      0.06      0.00      0.00      0.19      0.00      0.00     95.78
12:31:41 PM     all      2.46      0.00      0.57      0.00      0.00      0.00      0.13      0.00      0.00     96.84
12:31:42 PM     all      3.64      0.00      0.50      0.13      0.00      0.00      0.06      0.00      0.00     95.67
12:31:43 PM     all      3.08      0.00      0.57      0.00      0.00      0.00      0.06      0.00      0.00     96.29
12:31:44 PM     all      3.77      0.00      0.38      0.06      0.00      0.00      0.06      0.00      0.00     95.73
12:31:45 PM     all      2.41      0.00      0.44      0.00      0.00      0.00      0.00      0.00      0.00     97.15
12:31:46 PM     all      3.22      0.00      0.44      0.00      0.00      0.00      0.06      0.00      0.00     96.27
12:31:47 PM     all      3.14      0.00      0.44      0.06      0.00      0.00      0.06      0.00      0.00     96.29
12:31:48 PM     all      3.21      0.00      0.57      0.00      0.00      0.00      0.13      0.00      0.00     96.09
12:31:49 PM     all      4.92      0.00      1.32      0.00      0.00      0.00      0.06      0.00      0.00     93.69
12:31:50 PM     all      3.52      0.00      0.63      0.06      0.00      0.00      0.06      0.00      0.00     95.73
12:31:51 PM     all      2.78      0.00      0.44      0.00      0.00      0.00      0.00      0.00      0.00     96.78
12:31:52 PM     all      3.15      0.00      0.63      0.06      0.00      0.00      0.06      0.00      0.00     96.10
12:31:53 PM     all      2.90      0.00      0.57      0.06      0.00      0.00      0.13      0.00      0.00     96.35
12:31:54 PM     all      3.17      0.00      0.25      0.00      0.00      0.00      0.13      0.00      0.00     96.44
12:31:55 PM     all      3.14      0.00      0.57      0.00      0.00      0.00      0.00      0.00      0.00     96.29
12:31:56 PM     all      2.85      0.00      0.51      0.06      0.00      0.00      0.06      0.00      0.00     96.51
12:31:57 PM     all      2.84      0.00      0.38      0.00      0.00      0.00      0.06      0.00      0.00     96.72
12:31:58 PM     all      3.52      0.00      0.44      0.13      0.00      0.00      0.06      0.00      0.00     95.85
12:31:59 PM     all      2.90      0.00      0.44      0.00      0.00      0.00      0.06      0.00      0.00     96.59
12:32:00 PM     all      3.15      0.00      0.50      0.00      0.00      0.00      0.19      0.00      0.00     96.16
12:32:01 PM     all      2.97      0.00      0.38      0.00      0.00      0.00      0.06      0.00      0.00     96.59
12:32:02 PM     all      3.15      0.00      0.63      0.06      0.00      0.00      0.06      0.00      0.00     96.09
12:32:03 PM     all      3.02      0.00      0.50      0.13      0.00      0.00      0.06      0.00      0.00     96.29
12:32:04 PM     all      3.34      0.00      0.50      0.06      0.00      0.00      0.06      0.00      0.00     96.03
12:32:05 PM     all      3.08      0.00      0.57      0.00      0.00      0.00      0.13      0.00      0.00     96.23
12:32:06 PM     all      3.33      0.00      0.57      0.00      0.00      0.00      0.13      0.00      0.00     95.98
12:32:07 PM     all      2.97      0.00      0.63      0.00      0.00      0.00      0.06      0.00      0.00     96.34
12:32:08 PM     all      3.27      0.00      0.57      0.06      0.00      0.00      0.13      0.00      0.00     95.97
12:32:09 PM     all      3.14      0.00      0.44      0.00      0.00      0.00      0.06      0.00      0.00     96.36
12:32:10 PM     all      2.91      0.00      0.38      0.00      0.00      0.00      0.13      0.00      0.00     96.59
12:32:11 PM     all      3.15      0.00      0.32      0.00      0.00      0.00      0.06      0.00      0.00     96.47
12:32:12 PM     all      5.59      0.00      0.94      0.00      0.00      0.00      0.06      0.00      0.00     93.40
12:32:13 PM     all      4.31      0.00      0.82      0.00      0.00      0.00      0.25      0.00      0.00     94.62
12:32:14 PM     all      4.28      0.00      1.07      0.06      0.00      0.00      0.19      0.00      0.00     94.40
12:32:15 PM     all      3.98      0.00      1.14      0.19      0.00      0.00      0.06      0.00      0.00     94.63
12:32:16 PM     all      3.10      0.00      0.70      0.00      0.00      0.00      0.06      0.00      0.00     96.14
12:32:17 PM     all      4.61      0.00      0.88      0.00      0.00      0.00      0.00      0.00      0.00     94.50
12:32:18 PM     all      6.19      0.00      1.20      0.06      0.00      0.00      0.19      0.00      0.00     92.35
12:32:19 PM     all      8.03      0.00      2.28      0.32      0.00      0.00      0.19      0.00      0.00     89.18
12:32:20 PM     all     12.74      0.00      2.41      0.00      0.00      0.00      0.38      0.00      0.00     84.47
12:32:21 PM     all     12.64      0.00      2.35      0.19      0.00      0.00      0.38      0.00      0.00     84.43
12:32:22 PM     all      9.09      0.00      2.52      0.25      0.00      0.00      0.19      0.00      0.00     87.95
12:32:23 PM     all      5.30      0.00      1.01      0.32      0.00      0.00      0.13      0.00      0.00     93.24
12:32:24 PM     all      8.88      0.00      1.95      0.13      0.00      0.00      0.13      0.00      0.00     88.91
12:32:25 PM     all      8.11      0.00      1.84      0.13      0.00      0.00      0.13      0.00      0.00     89.80
12:32:26 PM     all      4.87      0.00      1.14      0.00      0.00      0.00      0.19      0.00      0.00     93.80
12:32:27 PM     all      4.85      0.00      1.07      0.13      0.00      0.00      0.06      0.00      0.00     93.89
12:32:28 PM     all      8.58      0.00      1.58      0.19      0.00      0.00      0.13      0.00      0.00     89.53
12:32:29 PM     all      4.36      0.00      1.14      0.13      0.00      0.00      0.13      0.00      0.00     94.24
12:32:30 PM     all      5.68      0.00      1.14      0.00      0.00      0.00      0.25      0.00      0.00     92.93
12:32:31 PM     all      4.67      0.00      0.88      0.00      0.00      0.00      0.00      0.00      0.00     94.45
12:32:32 PM     all      3.98      0.00      1.20      0.00      0.00      0.00      0.19      0.00      0.00     94.62
12:32:33 PM     all      4.66      0.00      0.82      0.00      0.00      0.00      0.06      0.00      0.00     94.46
12:32:34 PM     all      5.41      0.00      1.01      0.06      0.00      0.00      0.19      0.00      0.00     93.33
12:32:35 PM     all      3.61      0.00      0.89      0.00      0.00      0.00      0.13      0.00      0.00     95.38
12:32:36 PM     all      3.87      0.00      0.76      0.00      0.00      0.00      0.13      0.00      0.00     95.25
12:32:37 PM     all      4.85      0.00      1.01      0.00      0.00      0.00      0.13      0.00      0.00     94.02
12:32:38 PM     all      4.11      0.00      0.88      0.06      0.00      0.00      0.06      0.00      0.00     94.88
12:32:39 PM     all      4.03      0.00      1.07      0.13      0.00      0.00      0.13      0.00      0.00     94.64
12:32:40 PM     all      4.43      0.00      0.95      0.00      0.00      0.00      0.06      0.00      0.00     94.56
12:32:41 PM     all      3.79      0.00      0.82      0.00      0.00      0.00      0.06      0.00      0.00     95.33
12:32:42 PM     all      4.48      0.00      0.82      0.00      0.00      0.00      0.06      0.00      0.00     94.64
12:32:43 PM     all      3.97      0.00      1.01      0.00      0.00      0.00      0.13      0.00      0.00     94.89
12:32:44 PM     all      4.31      0.00      0.95      0.06      0.00      0.00      0.06      0.00      0.00     94.61
12:32:45 PM     all      4.10      0.00      0.76      0.00      0.00      0.00      0.13      0.00      0.00     95.02
12:32:46 PM     all      4.19      0.00      0.70      0.32      0.00      0.00      0.13      0.00      0.00     94.67
12:32:47 PM     all      4.22      0.00      1.07      0.19      0.00      0.00      0.06      0.00      0.00     94.45
12:32:48 PM     all      4.63      0.00      0.89      0.00      0.00      0.00      0.00      0.00      0.00     94.48
12:32:49 PM     all      6.80      0.00      1.95      0.00      0.00      0.00      0.19      0.00      0.00     91.06
12:32:50 PM     all      4.86      0.00      1.07      0.00      0.00      0.00      0.06      0.00      0.00     94.01
12:32:51 PM     all      4.24      0.00      1.01      0.13      0.00      0.00      0.13      0.00      0.00     94.50
12:32:52 PM     all      4.97      0.00      1.26      0.06      0.00      0.00      0.06      0.00      0.00     93.65
12:32:53 PM     all      4.11      0.00      0.82      0.00      0.00      0.00      0.06      0.00      0.00     95.00
12:32:54 PM     all      4.48      0.00      1.01      0.00      0.00      0.00      0.13      0.00      0.00     94.38
12:32:55 PM     all      4.37      0.00      1.01      0.00      0.00      0.00      0.06      0.00      0.00     94.56
12:32:56 PM     all      4.86      0.00      1.07      0.06      0.00      0.00      0.19      0.00      0.00     93.82
12:32:57 PM     all      3.87      0.00      0.89      0.06      0.00      0.00      0.06      0.00      0.00     95.12
12:32:58 PM     all      3.92      0.00      0.82      0.00      0.00      0.00      0.06      0.00      0.00     95.19
12:32:59 PM     all     10.79      0.00      1.89      0.38      0.00      0.00      0.13      0.00      0.00     86.81
12:33:00 PM     all     10.08      0.00      1.52      0.06      0.00      0.00      0.19      0.00      0.00     88.15
12:33:01 PM     all     10.16      0.00      1.52      0.13      0.00      0.00      0.13      0.00      0.00     88.07
12:33:02 PM     all     10.76      0.00      1.65      0.00      0.00      0.00      0.19      0.00      0.00     87.41
12:33:03 PM     all      7.51      0.00      1.51      0.13      0.00      0.00      0.19      0.00      0.00     90.66
12:33:04 PM     all      9.96      0.00      1.02      0.19      0.00      0.00      0.06      0.00      0.00     88.77
12:33:05 PM     all      9.36      0.00      1.57      0.00      0.00      0.00      0.13      0.00      0.00     88.94
12:33:06 PM     all      8.11      0.00      1.14      0.00      0.00      0.00      0.32      0.00      0.00     90.43
12:33:07 PM     all      8.83      0.00      1.27      0.13      0.00      0.00      0.06      0.00      0.00     89.71
12:33:08 PM     all      9.05      0.00      1.20      0.00      0.00      0.00      0.25      0.00      0.00     89.49
12:33:09 PM     all      6.39      0.00      1.27      0.13      0.00      0.00      0.19      0.00      0.00     92.03
12:33:10 PM     all      5.48      0.00      1.07      0.00      0.00      0.00      0.13      0.00      0.00     93.32
12:33:11 PM     all      5.12      0.00      0.89      0.00      0.00      0.00      0.00      0.00      0.00     93.99
12:33:12 PM     all      7.02      0.00      0.95      0.00      0.00      0.00      0.13      0.00      0.00     91.91
12:33:13 PM     all      6.21      0.00      1.08      0.00      0.00      0.00      0.13      0.00      0.00     92.59
12:33:14 PM     all      5.29      0.00      1.20      0.50      0.00      0.00      0.19      0.00      0.00     92.82
12:33:15 PM     all      5.07      0.00      0.76      0.00      0.00      0.00      0.06      0.00      0.00     94.11
12:33:16 PM     all      5.24      0.00      0.95      0.00      0.00      0.00      0.06      0.00      0.00     93.75
12:33:17 PM     all      7.15      0.00      1.46      0.00      0.00      0.00      0.06      0.00      0.00     91.33
12:33:18 PM     all      5.66      0.00      1.07      0.00      0.00      0.00      0.19      0.00      0.00     93.08
12:33:19 PM     all      5.44      0.00      0.88      0.00      0.00      0.00      0.06      0.00      0.00     93.62
12:33:20 PM     all      9.03      0.00      1.20      0.32      0.00      0.00      0.13      0.00      0.00     89.33
12:33:21 PM     all      4.43      0.00      1.01      0.13      0.00      0.00      0.19      0.00      0.00     94.24
12:33:22 PM     all      4.05      0.00      0.82      0.06      0.00      0.00      0.00      0.00      0.00     95.07
12:33:23 PM     all      3.93      0.00      0.95      0.25      0.00      0.00      0.19      0.00      0.00     94.68
12:33:24 PM     all      4.99      0.00      1.33      0.00      0.00      0.00      0.13      0.00      0.00     93.55
12:33:25 PM     all      5.92      0.00      1.26      0.00      0.00      0.00      0.13      0.00      0.00     92.69
12:33:26 PM     all      4.05      0.00      0.82      0.06      0.00      0.00      0.13      0.00      0.00     94.94
12:33:27 PM     all      5.04      0.00      0.95      0.06      0.00      0.00      0.06      0.00      0.00     93.88
12:33:28 PM     all      3.81      0.00      0.82      0.00      0.00      0.00      0.13      0.00      0.00     95.24
12:33:29 PM     all      3.72      0.00      0.95      0.13      0.00      0.00      0.06      0.00      0.00     95.14
12:33:30 PM     all      6.56      0.00      0.95      0.06      0.00      0.00      0.19      0.00      0.00     92.24
12:33:31 PM     all      5.18      0.00      1.26      0.00      0.00      0.00      0.19      0.00      0.00     93.37
12:33:32 PM     all      6.33      0.00      1.20      0.06      0.00      0.00      0.19      0.00      0.00     92.22
12:33:33 PM     all      4.79      0.00      1.07      0.06      0.00      0.00      0.19      0.00      0.00     93.89
12:33:34 PM     all     11.49      0.00      2.03      0.06      0.00      0.00      0.19      0.00      0.00     86.22
12:33:35 PM     all     15.12      0.00      2.96      0.00      0.00      0.00      0.19      0.00      0.00     81.73
12:33:36 PM     all      7.79      0.00      1.39      0.00      0.00      0.00      0.19      0.00      0.00     90.63
12:33:37 PM     all      8.82      0.00      1.32      0.00      0.00      0.00      0.19      0.00      0.00     89.67
12:33:38 PM     all      6.37      0.00      1.39      0.13      0.00      0.00      0.19      0.00      0.00     91.92
12:33:39 PM     all      6.26      0.00      1.01      0.00      0.00      0.00      0.06      0.00      0.00     92.66
12:33:40 PM     all      4.11      0.00      0.95      0.00      0.00      0.00      0.13      0.00      0.00     94.81
12:33:41 PM     all      4.63      0.00      0.89      0.00      0.00      0.00      0.06      0.00      0.00     94.42
12:33:42 PM     all      7.21      0.00      1.64      0.00      0.00      0.00      0.13      0.00      0.00     91.02
12:33:43 PM     all      5.53      0.00      1.32      0.00      0.00      0.00      0.06      0.00      0.00     93.08
12:33:44 PM     all      5.17      0.00      1.14      0.13      0.00      0.00      0.25      0.00      0.00     93.31
12:33:45 PM     all      5.36      0.00      1.20      0.00      0.00      0.00      0.13      0.00      0.00     93.31
12:33:46 PM     all      5.84      0.00      1.21      0.00      0.00      0.00      0.06      0.00      0.00     92.89
12:33:47 PM     all      5.29      0.00      1.32      0.00      0.00      0.00      0.13      0.00      0.00     93.26
12:33:48 PM     all      5.26      0.00      0.95      0.00      0.00      0.00      0.13      0.00      0.00     93.67
12:33:49 PM     all      6.28      0.00      2.20      0.13      0.00      0.00      0.13      0.00      0.00     91.27
12:33:50 PM     all      4.73      0.00      1.01      0.06      0.00      0.00      0.06      0.00      0.00     94.14
12:33:51 PM     all      4.35      0.00      0.95      0.00      0.00      0.00      0.19      0.00      0.00     94.52
12:33:52 PM     all      4.32      0.00      1.08      0.00      0.00      0.00      0.13      0.00      0.00     94.47
12:33:53 PM     all      4.61      0.00      1.14      0.00      0.00      0.00      0.25      0.00      0.00     94.00
12:33:54 PM     all      4.49      0.00      0.95      0.13      0.00      0.00      0.13      0.00      0.00     94.31
12:33:55 PM     all      4.24      0.00      1.20      0.00      0.00      0.00      0.06      0.00      0.00     94.49
12:33:56 PM     all      4.31      0.00      1.14      0.00      0.00      0.00      0.13      0.00      0.00     94.43
12:33:57 PM     all      4.04      0.00      0.88      0.06      0.00      0.00      0.19      0.00      0.00     94.82
12:33:58 PM     all      5.20      0.00      1.33      0.00      0.00      0.00      0.06      0.00      0.00     93.41
12:33:59 PM     all      4.35      0.00      0.94      0.00      0.00      0.00      0.19      0.00      0.00     94.52
12:34:00 PM     all      7.76      0.00      1.46      0.06      0.00      0.00      0.06      0.00      0.00     90.65
12:34:01 PM     all      4.98      0.00      1.14      0.00      0.00      0.00      0.19      0.00      0.00     93.69
12:34:02 PM     all      5.36      0.00      1.32      0.06      0.00      0.00      0.13      0.00      0.00     93.13
12:34:03 PM     all      4.17      0.00      0.63      0.19      0.00      0.00      0.13      0.00      0.00     94.89
12:34:04 PM     all      4.69      0.00      0.95      0.13      0.00      0.00      0.06      0.00      0.00     94.17
12:34:05 PM     all      3.86      0.00      1.01      0.00      0.00      0.00      0.13      0.00      0.00     95.00
12:34:06 PM     all      4.42      0.00      0.88      0.13      0.00      0.00      0.06      0.00      0.00     94.51
12:34:07 PM     all      4.42      0.00      0.95      0.00      0.00      0.00      0.13      0.00      0.00     94.51
12:34:08 PM     all      5.11      0.00      1.01      0.06      0.00      0.00      0.06      0.00      0.00     93.75
12:34:09 PM     all      4.03      0.00      0.69      0.00      0.00      0.00      0.13      0.00      0.00     95.15
12:34:10 PM     all      3.86      0.00      0.95      0.00      0.00      0.00      0.19      0.00      0.00     95.00
12:34:11 PM     all      5.12      0.00      0.95      0.00      0.00      0.00      0.06      0.00      0.00     93.86
12:34:12 PM     all      4.22      0.00      0.88      0.19      0.00      0.00      0.19      0.00      0.00     94.52
12:34:13 PM     all      3.86      0.00      0.82      0.00      0.00      0.00      0.13      0.00      0.00     95.19
12:34:14 PM     all      4.41      0.00      0.95      0.00      0.00      0.00      0.19      0.00      0.00     94.45
12:34:15 PM     all      3.97      0.00      0.82      0.00      0.00      0.00      0.06      0.00      0.00     95.15
12:34:16 PM     all      3.93      0.00      0.70      0.00      0.00      0.00      0.06      0.00      0.00     95.30
12:34:17 PM     all      5.05      0.00      1.14      0.13      0.00      0.00      0.19      0.00      0.00     93.50
12:34:18 PM     all      5.94      0.00      1.07      0.00      0.00      0.00      0.19      0.00      0.00     92.79
12:34:19 PM     all      5.11      0.00      1.07      0.00      0.00      0.00      0.06      0.00      0.00     93.76
12:34:20 PM     all      4.99      0.00      0.88      0.06      0.00      0.00      0.19      0.00      0.00     93.87
12:34:21 PM     all      3.62      0.00      0.76      0.00      0.00      0.00      0.13      0.00      0.00     95.49
12:34:22 PM     all      4.28      0.00      0.94      0.00      0.00      0.00      0.13      0.00      0.00     94.65
12:34:23 PM     all      4.28      0.00      1.20      0.13      0.00      0.00      0.06      0.00      0.00     94.33
12:34:24 PM     all      6.40      0.00      1.52      0.00      0.00      0.00      0.19      0.00      0.00     91.89
12:34:25 PM     all      4.80      0.00      0.95      0.00      0.00      0.00      0.06      0.00      0.00     94.19
12:34:26 PM     all      6.94      0.00      1.51      0.00      0.00      0.00      0.19      0.00      0.00     91.36
12:34:27 PM     all      5.79      0.00      0.95      0.00      0.00      0.00      0.19      0.00      0.00     93.07
12:34:28 PM     all      5.74      0.00      1.07      0.06      0.00      0.00      0.06      0.00      0.00     93.06
12:34:29 PM     all      4.41      0.00      1.07      0.00      0.00      0.00      0.00      0.00      0.00     94.52
12:34:30 PM     all      4.61      0.00      0.70      0.00      0.00      0.00      0.19      0.00      0.00     94.50
12:34:31 PM     all      4.11      0.00      0.88      0.00      0.00      0.00      0.13      0.00      0.00     94.88
12:34:32 PM     all      4.36      0.00      1.26      0.00      0.00      0.00      0.13      0.00      0.00     94.25
12:34:33 PM     all      4.59      0.00      1.32      0.13      0.00      0.00      0.06      0.00      0.00     93.90
12:34:34 PM     all      4.72      0.00      1.13      0.00      0.00      0.00      0.06      0.00      0.00     94.08
12:34:35 PM     all      5.17      0.00      1.20      0.06      0.00      0.00      0.19      0.00      0.00     93.38
12:34:36 PM     all      6.27      0.00      1.52      0.00      0.00      0.00      0.06      0.00      0.00     92.15
12:34:37 PM     all      6.68      0.00      1.51      0.00      0.00      0.00      0.25      0.00      0.00     91.56
12:34:38 PM     all      5.66      0.00      1.15      0.06      0.00      0.00      0.13      0.00      0.00     93.00
12:34:39 PM     all      4.90      0.00      1.07      0.00      0.00      0.00      0.06      0.00      0.00     93.97
12:34:40 PM     all      4.68      0.00      1.01      0.00      0.00      0.00      0.06      0.00      0.00     94.24
12:34:41 PM     all      3.79      0.00      1.01      0.00      0.00      0.00      0.13      0.00      0.00     95.08
12:34:42 PM     all      6.40      0.00      1.27      0.13      0.00      0.00      0.25      0.00      0.00     91.96
12:34:43 PM     all      5.50      0.00      1.14      0.00      0.00      0.00      0.19      0.00      0.00     93.18
12:34:44 PM     all      4.56      0.00      1.08      0.13      0.00      0.00      0.19      0.00      0.00     94.05
12:34:45 PM     all      4.79      0.00      1.07      0.00      0.00      0.00      0.06      0.00      0.00     94.07
12:34:46 PM     all      5.81      0.00      1.39      0.00      0.00      0.00      0.19      0.00      0.00     92.61
12:34:47 PM     all      5.32      0.00      1.01      0.00      0.00      0.00      0.13      0.00      0.00     93.54
12:34:48 PM     all      7.69      0.00      1.26      0.13      0.00      0.00      0.13      0.00      0.00     90.79
12:34:49 PM     all      8.88      0.00      2.58      0.13      0.00      0.00      0.25      0.00      0.00     88.15
12:34:50 PM     all      8.18      0.00      1.27      0.00      0.00      0.00      0.13      0.00      0.00     90.42
12:34:51 PM     all      7.97      0.00      1.27      0.19      0.00      0.00      0.25      0.00      0.00     90.32
12:34:52 PM     all      8.65      0.00      1.14      0.00      0.00      0.00      0.06      0.00      0.00     90.15
12:34:53 PM     all      8.72      0.00      1.33      0.06      0.00      0.00      0.06      0.00      0.00     89.83
12:34:54 PM     all      9.17      0.00      1.33      0.00      0.00      0.00      0.19      0.00      0.00     89.32
12:34:55 PM     all      8.16      0.00      1.39      0.00      0.00      0.00      0.13      0.00      0.00     90.32
12:34:56 PM     all      5.46      0.00      0.95      0.00      0.00      0.00      0.13      0.00      0.00     93.46
12:34:57 PM     all      5.44      0.00      1.38      0.06      0.00      0.00      0.19      0.00      0.00     92.93
12:34:58 PM     all      4.72      0.00      0.70      0.00      0.00      0.00      0.06      0.00      0.00     94.52
12:34:59 PM     all      8.40      0.00      1.14      0.44      0.00      0.00      0.19      0.00      0.00     89.84
12:35:00 PM     all      6.41      0.00      1.57      0.19      0.00      0.00      0.06      0.00      0.00     91.77
12:35:01 PM     all      3.61      0.00      0.89      0.00      0.00      0.00      0.06      0.00      0.00     95.43
12:35:02 PM     all      4.06      0.00      0.76      0.13      0.00      0.00      0.13      0.00      0.00     94.93
12:35:03 PM     all      3.66      0.00      0.88      0.00      0.00      0.00      0.13      0.00      0.00     95.33
12:35:04 PM     all      4.75      0.00      1.08      0.13      0.00      0.00      0.06      0.00      0.00     93.99
12:35:05 PM     all      3.73      0.00      0.76      0.00      0.00      0.00      0.13      0.00      0.00     95.39
12:35:06 PM     all      4.41      0.00      0.76      0.00      0.00      0.00      0.06      0.00      0.00     94.78
12:35:07 PM     all      4.54      0.00      2.02      0.00      0.00      0.00      0.13      0.00      0.00     93.31
12:35:08 PM     all      4.58      0.00      0.69      0.00      0.00      0.00      0.25      0.00      0.00     94.48
12:35:09 PM     all      3.86      0.00      1.39      0.13      0.00      0.00      0.06      0.00      0.00     94.56
12:35:10 PM     all      5.91      0.00      2.20      0.00      0.00      0.00      0.19      0.00      0.00     91.70
12:35:11 PM     all      3.77      0.00      1.19      0.00      0.00      0.00      0.13      0.00      0.00     94.92
12:35:12 PM     all      4.30      0.00      0.57      0.00      0.00      0.00      0.19      0.00      0.00     94.94
12:35:13 PM     all      5.91      0.00      1.01      0.13      0.00      0.00      0.06      0.00      0.00     92.89
12:35:14 PM     all      6.58      0.00      1.27      0.00      0.00      0.00      0.13      0.00      0.00     92.03
12:35:15 PM     all      6.13      0.00      1.07      0.00      0.00      0.00      0.13      0.00      0.00     92.67
12:35:16 PM     all      5.75      0.00      1.07      0.00      0.00      0.00      0.13      0.00      0.00     93.05
12:35:17 PM     all      5.19      0.00      1.27      0.00      0.00      0.00      0.13      0.00      0.00     93.42
12:35:18 PM     all      4.99      0.00      1.07      0.06      0.00      0.00      0.13      0.00      0.00     93.74
12:35:19 PM     all      5.36      0.00      0.88      0.00      0.00      0.00      0.13      0.00      0.00     93.63
12:35:20 PM     all      5.86      0.00      1.32      0.00      0.00      0.00      0.13      0.00      0.00     92.69
12:35:21 PM     all      3.67      0.00      0.89      0.06      0.00      0.00      0.06      0.00      0.00     95.32
12:35:22 PM     all      4.72      0.00      1.13      0.00      0.00      0.00      0.25      0.00      0.00     93.90
12:35:23 PM     all      4.30      0.00      0.95      0.00      0.00      0.00      0.13      0.00      0.00     94.63
12:35:24 PM     all      4.80      0.00      1.26      0.00      0.00      0.00      0.13      0.00      0.00     93.81
12:35:25 PM     all      5.63      0.00      1.20      0.00      0.00      0.00      0.19      0.00      0.00     92.98
12:35:26 PM     all      5.26      0.00      1.14      0.00      0.00      0.00      0.25      0.00      0.00     93.35
12:35:27 PM     all      4.12      0.00      0.82      0.13      0.00      0.00      0.06      0.00      0.00     94.87
12:35:28 PM     all      4.71      0.00      0.82      0.00      0.00      0.00      0.13      0.00      0.00     94.35
12:35:29 PM     all      3.91      0.00      0.82      0.00      0.00      0.00      0.00      0.00      0.00     95.27
12:35:30 PM     all      4.48      0.00      0.63      0.00      0.00      0.00      0.13      0.00      0.00     94.76
12:35:31 PM     all      4.34      0.00      0.88      0.00      0.00      0.00      0.13      0.00      0.00     94.65
12:35:32 PM     all      4.22      0.00      0.88      0.13      0.00      0.00      0.13      0.00      0.00     94.64
12:35:33 PM     all      3.36      0.00      0.89      0.00      0.00      0.00      0.00      0.00      0.00     95.75
12:35:34 PM     all      4.46      0.00      0.88      0.00      0.00      0.00      0.19      0.00      0.00     94.48
12:35:35 PM     all      4.87      0.00      0.95      0.00      0.00      0.00      0.13      0.00      0.00     94.06
12:35:36 PM     all      4.84      0.00      1.07      0.00      0.00      0.00      0.13      0.00      0.00     93.97
12:35:37 PM     all      6.38      0.00      1.14      0.06      0.00      0.00      0.13      0.00      0.00     92.29
12:35:38 PM     all      4.41      0.00      0.82      0.06      0.00      0.00      0.19      0.00      0.00     94.52
12:35:39 PM     all      4.03      0.00      0.88      0.00      0.00      0.00      0.13      0.00      0.00     94.97
12:35:40 PM     all      4.55      0.00      1.14      0.06      0.00      0.00      0.06      0.00      0.00     94.19
12:35:41 PM     all      3.98      0.00      0.57      0.00      0.00      0.00      0.06      0.00      0.00     95.39
12:35:42 PM     all      4.53      0.00      1.01      0.06      0.00      0.00      0.19      0.00      0.00     94.21
12:35:43 PM     all      4.28      0.00      0.76      0.00      0.00      0.00      0.06      0.00      0.00     94.90
12:35:44 PM     all      5.82      0.00      1.39      0.00      0.00      0.00      0.13      0.00      0.00     92.66
12:35:45 PM     all      7.16      0.00      1.63      0.00      0.00      0.00      0.19      0.00      0.00     91.02
12:35:46 PM     all      5.64      0.00      1.08      0.00      0.00      0.00      0.06      0.00      0.00     93.21
12:35:47 PM     all      4.19      0.00      0.76      0.13      0.00      0.00      0.13      0.00      0.00     94.80
12:35:48 PM     all      4.98      0.00      1.20      0.00      0.00      0.00      0.19      0.00      0.00     93.63
12:35:49 PM     all      7.07      0.00      2.15      0.13      0.00      0.00      0.06      0.00      0.00     90.60
12:35:50 PM     all      4.44      0.00      0.89      0.00      0.00      0.00      0.06      0.00      0.00     94.61
12:35:51 PM     all      4.04      0.00      0.95      0.00      0.00      0.00      0.13      0.00      0.00     94.89
12:35:52 PM     all      4.72      0.00      1.07      0.00      0.00      0.00      0.19      0.00      0.00     94.02
12:35:53 PM     all      4.35      0.00      0.88      0.06      0.00      0.00      0.13      0.00      0.00     94.57
12:35:54 PM     all      4.56      0.00      0.95      0.00      0.00      0.00      0.06      0.00      0.00     94.43
12:35:55 PM     all      4.18      0.00      0.70      0.19      0.00      0.00      0.13      0.00      0.00     94.80
12:35:56 PM     all      4.65      0.00      1.13      0.13      0.00      0.00      0.06      0.00      0.00     94.03
12:35:57 PM     all      4.35      0.00      0.95      0.13      0.00      0.00      0.13      0.00      0.00     94.45
12:35:58 PM     all      4.05      0.00      1.14      0.00      0.00      0.00      0.19      0.00      0.00     94.63
12:35:59 PM     all      4.30      0.00      0.88      0.00      0.00      0.00      0.00      0.00      0.00     94.82
12:36:00 PM     all      4.42      0.00      0.57      0.00      0.00      0.00      0.19      0.00      0.00     94.83
12:36:01 PM     all      4.70      0.00      1.07      0.00      0.00      0.00      0.13      0.00      0.00     94.11
12:36:02 PM     all      4.69      0.00      0.76      0.13      0.00      0.00      0.13      0.00      0.00     94.30
12:36:03 PM     all      4.71      0.00      0.94      0.13      0.00      0.00      0.06      0.00      0.00     94.15
12:36:04 PM     all      4.55      0.00      0.88      0.00      0.00      0.00      0.13      0.00      0.00     94.44
12:36:05 PM     all      4.22      0.00      1.26      0.00      0.00      0.00      0.13      0.00      0.00     94.40
12:36:06 PM     all      5.60      0.00      0.88      0.00      0.00      0.00      0.13      0.00      0.00     93.39
12:36:07 PM     all      4.53      0.00      0.94      0.00      0.00      0.00      0.06      0.00      0.00     94.46
12:36:08 PM     all      5.51      0.00      0.89      0.06      0.00      0.00      0.13      0.00      0.00     93.42
12:36:09 PM     all      4.65      0.00      1.13      0.25      0.00      0.00      0.13      0.00      0.00     93.85
12:36:10 PM     all      4.25      0.00      0.76      0.00      0.00      0.00      0.19      0.00      0.00     94.80
12:36:11 PM     all      4.09      0.00      0.82      0.00      0.00      0.00      0.06      0.00      0.00     95.03
12:36:12 PM     all      4.62      0.00      0.82      0.13      0.00      0.00      0.06      0.00      0.00     94.37
12:36:13 PM     all      5.63      0.00      0.95      0.00      0.00      0.00      0.13      0.00      0.00     93.29
12:36:14 PM     all      4.79      0.00      0.88      0.06      0.00      0.00      0.13      0.00      0.00     94.14
12:36:15 PM     all      6.58      0.00      1.46      0.06      0.00      0.00      0.25      0.00      0.00     91.65
12:36:16 PM     all      6.69      0.00      1.20      0.25      0.00      0.00      0.19      0.00      0.00     91.67
12:36:17 PM     all      8.02      0.00      1.33      0.00      0.00      0.00      0.13      0.00      0.00     90.53
12:36:18 PM     all      7.60      0.00      1.20      0.13      0.00      0.00      0.13      0.00      0.00     90.94
12:36:19 PM     all      7.42      0.00      1.27      0.00      0.00      0.00      0.06      0.00      0.00     91.25
12:36:20 PM     all      9.91      0.00      1.20      0.00      0.00      0.00      0.25      0.00      0.00     88.64
12:36:21 PM     all      8.24      0.00      1.08      0.00      0.00      0.00      0.06      0.00      0.00     90.62
12:36:22 PM     all      8.39      0.00      1.20      0.00      0.00      0.00      0.13      0.00      0.00     90.28
12:36:23 PM     all      7.72      0.00      1.33      0.19      0.00      0.00      0.13      0.00      0.00     90.64
12:36:24 PM     all      5.88      0.00      1.20      0.00      0.00      0.00      0.13      0.00      0.00     92.79
12:36:25 PM     all      6.40      0.00      1.14      0.00      0.00      0.00      0.00      0.00      0.00     92.45
12:36:26 PM     all      5.49      0.00      1.14      0.00      0.00      0.00      0.13      0.00      0.00     93.25
12:36:27 PM     all      8.24      0.00      0.95      0.19      0.00      0.00      0.19      0.00      0.00     90.43
12:36:28 PM     all      4.93      0.00      1.01      0.25      0.00      0.00      0.13      0.00      0.00     93.68
12:36:29 PM     all      4.10      0.00      0.88      0.00      0.00      0.00      0.13      0.00      0.00     94.89
12:36:30 PM     all      5.76      0.00      1.20      0.13      0.00      0.00      0.19      0.00      0.00     92.72
12:36:31 PM     all      3.73      0.00      0.89      0.13      0.00      0.00      0.06      0.00      0.00     95.19
12:36:32 PM     all      5.23      0.00      1.07      0.00      0.00      0.00      0.19      0.00      0.00     93.51
12:36:33 PM     all      4.63      0.00      1.08      0.00      0.00      0.00      0.06      0.00      0.00     94.23
12:36:34 PM     all      4.10      0.00      1.01      0.00      0.00      0.00      0.13      0.00      0.00     94.77
12:36:35 PM     all      4.37      0.00      0.89      0.00      0.00      0.00      0.06      0.00      0.00     94.68
12:36:36 PM     all      4.51      0.00      0.88      0.00      0.00      0.00      0.13      0.00      0.00     94.49
12:36:37 PM     all      5.18      0.00      1.14      0.06      0.00      0.00      0.13      0.00      0.00     93.49
12:36:38 PM     all      4.30      0.00      0.89      0.00      0.00      0.00      0.13      0.00      0.00     94.69
12:36:39 PM     all      5.05      0.00      1.58      0.00      0.00      0.00      0.19      0.00      0.00     93.18
12:36:40 PM     all      3.82      0.00      0.70      0.00      0.00      0.00      0.00      0.00      0.00     95.48
12:36:41 PM     all      4.98      0.00      1.13      0.00      0.00      0.00      0.13      0.00      0.00     93.76
12:36:42 PM     all      4.86      0.00      0.76      0.13      0.00      0.00      0.13      0.00      0.00     94.13
12:36:43 PM     all      5.62      0.00      1.14      0.00      0.00      0.00      0.13      0.00      0.00     93.11
12:36:44 PM     all      4.24      0.00      0.89      0.00      0.00      0.00      0.19      0.00      0.00     94.69
12:36:45 PM     all      4.52      0.00      1.07      0.00      0.00      0.00      0.19      0.00      0.00     94.22
12:36:46 PM     all      4.10      0.00      0.76      0.06      0.00      0.00      0.06      0.00      0.00     95.02
12:36:47 PM     all      4.16      0.00      0.76      0.00      0.00      0.00      0.06      0.00      0.00     95.02
12:36:48 PM     all      4.16      0.00      1.13      0.06      0.00      0.00      0.13      0.00      0.00     94.51
12:36:49 PM     all      6.37      0.00      1.95      0.00      0.00      0.00      0.19      0.00      0.00     91.49
12:36:50 PM     all      3.94      0.00      0.83      0.00      0.00      0.00      0.19      0.00      0.00     95.05
12:36:51 PM     all      3.73      0.00      0.95      0.00      0.00      0.00      0.00      0.00      0.00     95.32
12:36:52 PM     all      4.10      0.00      0.88      0.00      0.00      0.00      0.13      0.00      0.00     94.89
12:36:53 PM     all      4.52      0.00      0.75      0.06      0.00      0.00      0.13      0.00      0.00     94.54
12:36:54 PM     all      3.92      0.00      0.76      0.06      0.00      0.00      0.13      0.00      0.00     95.13
12:36:55 PM     all      3.61      0.00      0.89      0.00      0.00      0.00      0.06      0.00      0.00     95.44
12:36:56 PM     all      4.55      0.00      0.69      0.00      0.00      0.00      0.13      0.00      0.00     94.63
12:36:57 PM     all      4.67      0.00      1.07      0.00      0.00      0.00      0.06      0.00      0.00     94.20
12:36:58 PM     all      5.92      0.00      0.88      0.06      0.00      0.00      0.13      0.00      0.00     93.01
12:36:59 PM     all      3.61      0.00      0.89      0.00      0.00      0.00      0.25      0.00      0.00     95.25
12:37:00 PM     all      4.42      0.00      1.14      0.00      0.00      0.00      0.06      0.00      0.00     94.38
12:37:01 PM     all      5.12      0.00      1.01      0.00      0.00      0.00      0.06      0.00      0.00     93.81
12:37:02 PM     all      4.69      0.00      0.95      0.06      0.00      0.00      0.13      0.00      0.00     94.17
12:37:03 PM     all      4.45      0.00      1.00      0.00      0.00      0.00      0.06      0.00      0.00     94.48
12:37:04 PM     all      3.74      0.00      0.76      0.13      0.00      0.00      0.06      0.00      0.00     95.31
12:37:05 PM     all      3.61      0.00      0.76      0.00      0.00      0.00      0.13      0.00      0.00     95.51
12:37:06 PM     all      4.22      0.00      0.82      0.00      0.00      0.00      0.13      0.00      0.00     94.83
12:37:07 PM     all      4.74      0.00      1.08      0.00      0.00      0.00      0.06      0.00      0.00     94.12
12:37:08 PM     all      4.94      0.00      1.01      0.00      0.00      0.00      0.19      0.00      0.00     93.86
12:37:09 PM     all      4.35      0.00      0.88      0.06      0.00      0.00      0.06      0.00      0.00     94.64
12:37:10 PM     all      4.84      0.00      1.19      0.00      0.00      0.00      0.19      0.00      0.00     93.78
12:37:11 PM     all      4.96      0.00      0.95      0.00      0.00      0.00      0.06      0.00      0.00     94.02
12:37:12 PM     all      4.78      0.00      1.07      0.00      0.00      0.00      0.13      0.00      0.00     94.02
12:37:13 PM     all      5.45      0.00      0.76      0.19      0.00      0.00      0.13      0.00      0.00     93.47
12:37:14 PM     all      4.36      0.00      1.20      0.00      0.00      0.00      0.06      0.00      0.00     94.38
12:37:15 PM     all      4.59      0.00      0.94      0.19      0.00      0.00      0.13      0.00      0.00     94.15
12:37:16 PM     all      3.87      0.00      0.76      0.00      0.00      0.00      0.13      0.00      0.00     95.24
12:37:17 PM     all      4.60      0.00      0.82      0.00      0.00      0.00      0.19      0.00      0.00     94.39
12:37:18 PM     all      4.32      0.00      0.83      0.13      0.00      0.00      0.06      0.00      0.00     94.66
12:37:19 PM     all      4.05      0.00      1.08      0.00      0.00      0.00      0.19      0.00      0.00     94.69
12:37:20 PM     all      4.82      0.00      0.76      0.00      0.00      0.00      0.13      0.00      0.00     94.30
12:37:21 PM     all      5.55      0.00      1.07      0.00      0.00      0.00      0.13      0.00      0.00     93.26
12:37:22 PM     all      4.73      0.00      1.01      0.25      0.00      0.00      0.13      0.00      0.00     93.88
12:37:23 PM     all      4.60      0.00      1.07      0.00      0.00      0.00      0.19      0.00      0.00     94.14
12:37:24 PM     all      3.99      0.00      0.95      0.00      0.00      0.00      0.19      0.00      0.00     94.87
12:37:25 PM     all      5.29      0.00      1.01      0.19      0.00      0.00      0.13      0.00      0.00     93.38
12:37:26 PM     all      5.04      0.00      0.96      0.06      0.00      0.00      0.13      0.00      0.00     93.81
12:37:27 PM     all      7.23      0.00      1.45      0.25      0.00      0.00      0.13      0.00      0.00     90.94
12:37:28 PM     all      7.40      0.00      1.33      0.00      0.00      0.00      0.13      0.00      0.00     91.15
12:37:29 PM     all      7.91      0.00      1.27      0.13      0.00      0.00      0.19      0.00      0.00     90.51
12:37:30 PM     all      9.22      0.00      1.20      0.00      0.00      0.00      0.13      0.00      0.00     89.45
12:37:31 PM     all      8.35      0.00      1.38      0.00      0.00      0.00      0.13      0.00      0.00     90.14
12:37:32 PM     all      8.34      0.00      1.07      0.00      0.00      0.00      0.25      0.00      0.00     90.33
12:37:33 PM     all      7.82      0.00      1.20      0.00      0.00      0.00      0.06      0.00      0.00     90.92
12:37:34 PM     all      7.90      0.00      1.20      0.19      0.00      0.00      0.13      0.00      0.00     90.58
12:37:35 PM     all      7.99      0.00      1.07      0.00      0.00      0.00      0.25      0.00      0.00     90.69
12:37:36 PM     all      5.13      0.00      0.95      0.00      0.00      0.00      0.06      0.00      0.00     93.85
12:37:37 PM     all      6.12      0.00      0.95      0.06      0.00      0.00      0.19      0.00      0.00     92.68
12:37:38 PM     all      8.51      0.00      1.95      0.25      0.00      0.00      0.19      0.00      0.00     89.09
12:37:39 PM     all      5.03      0.00      0.88      0.13      0.00      0.00      0.19      0.00      0.00     93.77
12:37:40 PM     all      4.03      0.00      1.01      0.00      0.00      0.00      0.06      0.00      0.00     94.90
12:37:41 PM     all      4.03      0.00      0.94      0.19      0.00      0.00      0.13      0.00      0.00     94.72
12:37:42 PM     all      4.31      0.00      0.89      0.13      0.00      0.00      0.13      0.00      0.00     94.54
12:37:43 PM     all      4.33      0.00      1.00      0.00      0.00      0.00      0.19      0.00      0.00     94.48
12:37:44 PM     all      4.04      0.00      0.95      0.00      0.00      0.00      0.19      0.00      0.00     94.83
12:37:45 PM     all      3.61      0.00      0.70      0.00      0.00      0.00      0.19      0.00      0.00     95.51
12:37:46 PM     all      4.30      0.00      1.01      0.06      0.00      0.00      0.06      0.00      0.00     94.56
12:37:47 PM     all      5.89      0.00      1.01      0.00      0.00      0.00      0.13      0.00      0.00     92.97
12:37:48 PM     all      4.41      0.00      1.01      0.13      0.00      0.00      0.13      0.00      0.00     94.33
12:37:49 PM     all      7.26      0.00      2.34      0.00      0.00      0.00      0.19      0.00      0.00     90.21
12:37:50 PM     all      5.11      0.00      1.07      0.00      0.00      0.00      0.19      0.00      0.00     93.63
12:37:51 PM     all      4.32      0.00      0.89      0.00      0.00      0.00      0.06      0.00      0.00     94.73
12:37:52 PM     all      4.64      0.00      1.00      0.00      0.00      0.00      0.19      0.00      0.00     94.17
12:37:53 PM     all      3.91      0.00      0.88      0.13      0.00      0.00      0.06      0.00      0.00     95.02
12:37:54 PM     all      4.49      0.00      0.88      0.00      0.00      0.00      0.06      0.00      0.00     94.57
12:37:55 PM     all      4.01      0.00      0.94      0.06      0.00      0.00      0.13      0.00      0.00     94.86
12:37:56 PM     all      3.55      0.00      0.82      0.00      0.00      0.00      0.19      0.00      0.00     95.43
12:37:57 PM     all      4.10      0.00      0.63      0.00      0.00      0.00      0.13      0.00      0.00     95.14
12:37:58 PM     all      4.17      0.00      0.88      0.13      0.00      0.00      0.13      0.00      0.00     94.70
12:37:59 PM     all      4.10      0.00      0.88      0.13      0.00      0.00      0.00      0.00      0.00     94.89
12:38:00 PM     all      4.59      0.00      0.75      0.19      0.00      0.00      0.13      0.00      0.00     94.34
12:38:01 PM     all      3.79      0.00      0.88      0.00      0.00      0.00      0.13      0.00      0.00     95.20
12:38:02 PM     all      4.05      0.00      0.89      0.06      0.00      0.00      0.06      0.00      0.00     94.94
12:38:03 PM     all      5.05      0.00      0.95      0.00      0.00      0.00      0.06      0.00      0.00     93.94
12:38:04 PM     all      4.82      0.00      1.14      0.19      0.00      0.00      0.19      0.00      0.00     93.66
12:38:05 PM     all      4.03      0.00      1.01      0.00      0.00      0.00      0.13      0.00      0.00     94.84
12:38:06 PM     all      4.67      0.00      1.07      0.06      0.00      0.00      0.06      0.00      0.00     94.13
12:38:07 PM     all      3.37      0.00      0.64      0.00      0.00      0.00      0.06      0.00      0.00     95.93
12:38:08 PM     all      5.09      0.00      0.94      0.00      0.00      0.00      0.19      0.00      0.00     93.77
12:38:09 PM     all      4.66      0.00      0.94      0.00      0.00      0.00      0.06      0.00      0.00     94.34
12:38:10 PM     all      4.37      0.00      1.14      0.00      0.00      0.00      0.13      0.00      0.00     94.37
12:38:11 PM     all      4.24      0.00      0.51      0.06      0.00      0.00      0.06      0.00      0.00     95.13
12:38:12 PM     all      4.28      0.00      1.07      0.00      0.00      0.00      0.13      0.00      0.00     94.52
12:38:13 PM     all      3.68      0.00      0.76      0.06      0.00      0.00      0.06      0.00      0.00     95.44
12:38:14 PM     all      5.80      0.00      0.88      0.00      0.00      0.00      0.25      0.00      0.00     93.06
12:38:15 PM     all      4.87      0.00      1.01      0.00      0.00      0.00      0.13      0.00      0.00     93.99
12:38:16 PM     all      4.75      0.00      0.95      0.00      0.00      0.00      0.06      0.00      0.00     94.24
12:38:17 PM     all      4.74      0.00      1.14      0.13      0.00      0.00      0.06      0.00      0.00     93.94
12:38:18 PM     all      4.37      0.00      0.63      0.00      0.00      0.00      0.19      0.00      0.00     94.81
12:38:19 PM     all      4.94      0.00      0.70      0.00      0.00      0.00      0.13      0.00      0.00     94.24
12:38:20 PM     all      5.60      0.00      1.32      0.19      0.00      0.00      0.19      0.00      0.00     92.70
12:38:21 PM     all      4.42      0.00      0.76      0.00      0.00      0.00      0.13      0.00      0.00     94.69
12:38:22 PM     all      5.12      0.00      0.95      0.00      0.00      0.00      0.06      0.00      0.00     93.87
12:38:23 PM     all      3.86      0.00      0.76      0.00      0.00      0.00      0.13      0.00      0.00     95.25
12:38:24 PM     all      4.41      0.00      0.95      0.00      0.00      0.00      0.13      0.00      0.00     94.51
12:38:25 PM     all      5.38      0.00      0.95      0.19      0.00      0.00      0.13      0.00      0.00     93.35
12:38:26 PM     all      4.23      0.00      1.20      0.00      0.00      0.00      0.13      0.00      0.00     94.45
12:38:27 PM     all      4.49      0.00      0.88      0.00      0.00      0.00      0.13      0.00      0.00     94.50
12:38:28 PM     all      3.80      0.00      0.95      0.19      0.00      0.00      0.06      0.00      0.00     95.00
12:38:29 PM     all      4.29      0.00      0.82      0.06      0.00      0.00      0.13      0.00      0.00     94.70
12:38:30 PM     all      6.09      0.00      1.13      0.19      0.00      0.00      0.06      0.00      0.00     92.53
12:38:31 PM     all      4.71      0.00      1.26      0.06      0.00      0.00      0.19      0.00      0.00     93.78
12:38:32 PM     all      4.43      0.00      0.95      0.00      0.00      0.00      0.06      0.00      0.00     94.56
12:38:33 PM     all      4.16      0.00      1.07      0.00      0.00      0.00      0.19      0.00      0.00     94.57
12:38:34 PM     all      4.27      0.00      1.07      0.00      0.00      0.00      0.13      0.00      0.00     94.54
12:38:35 PM     all      3.87      0.00      0.57      0.19      0.00      0.00      0.00      0.00      0.00     95.37
12:38:36 PM     all      4.22      0.00      1.20      0.00      0.00      0.00      0.13      0.00      0.00     94.46
12:38:37 PM     all      3.97      0.00      0.88      0.00      0.00      0.00      0.19      0.00      0.00     94.96
12:38:38 PM     all      4.85      0.00      0.88      0.00      0.00      0.00      0.19      0.00      0.00     94.08
12:38:39 PM     all      4.48      0.00      1.13      0.13      0.00      0.00      0.13      0.00      0.00     94.14
12:38:40 PM     all      4.80      0.00      0.63      0.00      0.00      0.00      0.00      0.00      0.00     94.57
12:38:41 PM     all      4.16      0.00      1.01      0.00      0.00      0.00      0.19      0.00      0.00     94.64
12:38:42 PM     all      4.48      0.00      0.76      0.00      0.00      0.00      0.13      0.00      0.00     94.63
12:38:43 PM     all      5.04      0.00      1.01      0.19      0.00      0.00      0.06      0.00      0.00     93.69
12:38:44 PM     all      5.18      0.00      1.14      0.06      0.00      0.00      0.13      0.00      0.00     93.49
12:38:45 PM     all      4.29      0.00      0.82      0.00      0.00      0.00      0.19      0.00      0.00     94.70
12:38:46 PM     all      4.49      0.00      1.01      0.25      0.00      0.00      0.06      0.00      0.00     94.18
12:38:47 PM     all      6.92      0.00      0.89      0.13      0.00      0.00      0.13      0.00      0.00     91.94
12:38:48 PM     all      6.62      0.00      1.20      0.13      0.00      0.00      0.19      0.00      0.00     91.87
12:38:49 PM     all      9.88      0.00      2.47      0.13      0.00      0.00      0.19      0.00      0.00     87.33
12:38:50 PM     all      8.98      0.00      1.13      0.00      0.00      0.00      0.19      0.00      0.00     89.70
12:38:51 PM     all      7.96      0.00      1.07      0.13      0.00      0.00      0.19      0.00      0.00     90.64
12:38:52 PM     all      8.13      0.00      1.51      0.00      0.00      0.00      0.19      0.00      0.00     90.17
12:38:53 PM     all      7.98      0.00      1.01      0.00      0.00      0.00      0.06      0.00      0.00     90.94
12:38:54 PM     all      8.26      0.00      1.45      0.00      0.00      0.00      0.19      0.00      0.00     90.09
12:38:55 PM     all      7.57      0.00      0.89      0.00      0.00      0.00      0.19      0.00      0.00     91.35
12:38:56 PM     all      8.34      0.00      1.26      0.00      0.00      0.00      0.19      0.00      0.00     90.20
12:38:57 PM     all      7.13      0.00      1.14      0.13      0.00      0.00      0.00      0.00      0.00     91.61
12:38:58 PM     all      8.67      0.00      1.32      0.38      0.00      0.00      0.25      0.00      0.00     89.38
12:38:59 PM     all      5.75      0.00      1.01      0.06      0.00      0.00      0.13      0.00      0.00     93.05
12:39:00 PM     all      4.24      0.00      0.70      0.00      0.00      0.00      0.19      0.00      0.00     94.87
12:39:01 PM     all      3.96      0.00      0.94      0.00      0.00      0.00      0.13      0.00      0.00     94.97
12:39:02 PM     all      4.47      0.00      0.88      0.13      0.00      0.00      0.13      0.00      0.00     94.39
12:39:03 PM     all      4.38      0.00      0.95      0.00      0.00      0.00      0.00      0.00      0.00     94.66
12:39:04 PM     all      4.40      0.00      0.94      0.00      0.00      0.00      0.06      0.00      0.00     94.59
12:39:05 PM     all      3.72      0.00      0.88      0.06      0.00      0.00      0.13      0.00      0.00     95.20
12:39:06 PM     all      4.40      0.00      0.94      0.00      0.00      0.00      0.13      0.00      0.00     94.54
12:39:07 PM     all      3.54      0.00      1.08      0.06      0.00      0.00      0.06      0.00      0.00     95.25
12:39:08 PM     all      4.53      0.00      0.82      0.00      0.00      0.00      0.19      0.00      0.00     94.46
12:39:09 PM     all      3.79      0.00      0.70      0.00      0.00      0.00      0.06      0.00      0.00     95.45
12:39:10 PM     all      4.28      0.00      0.82      0.00      0.00      0.00      0.13      0.00      0.00     94.77
12:39:11 PM     all      3.60      0.00      0.88      0.00      0.00      0.00      0.06      0.00      0.00     95.45
12:39:12 PM     all      3.82      0.00      0.70      0.00      0.00      0.00      0.13      0.00      0.00     95.36
12:39:13 PM     all      3.59      0.00      0.94      0.13      0.00      0.00      0.19      0.00      0.00     95.15
12:39:14 PM     all      5.76      0.00      0.89      0.00      0.00      0.00      0.06      0.00      0.00     93.30
12:39:15 PM     all      3.60      0.00      0.82      0.00      0.00      0.00      0.25      0.00      0.00     95.33
12:39:16 PM     all      4.22      0.00      0.88      0.00      0.00      0.00      0.13      0.00      0.00     94.78
12:39:17 PM     all      3.96      0.00      1.20      0.00      0.00      0.00      0.06      0.00      0.00     94.78
12:39:18 PM     all      4.12      0.00      0.76      0.06      0.00      0.00      0.13      0.00      0.00     94.93
12:39:19 PM     all      4.09      0.00      0.82      0.00      0.00      0.00      0.06      0.00      0.00     95.03
12:39:20 PM     all      4.05      0.00      0.89      0.00      0.00      0.00      0.13      0.00      0.00     94.94
12:39:21 PM     all      3.42      0.00      1.01      0.00      0.00      0.00      0.13      0.00      0.00     95.45
12:39:22 PM     all      4.17      0.00      0.76      0.00      0.00      0.00      0.19      0.00      0.00     94.89
12:39:23 PM     all      3.96      0.00      1.01      0.06      0.00      0.00      0.13      0.00      0.00     94.84
12:39:24 PM     all      4.04      0.00      0.88      0.00      0.00      0.00      0.13      0.00      0.00     94.95
12:39:25 PM     all      3.79      0.00      0.76      0.00      0.00      0.00      0.13      0.00      0.00     95.33
12:39:26 PM     all      5.58      0.00      1.01      0.00      0.00      0.00      0.13      0.00      0.00     93.28
12:39:27 PM     all      4.51      0.00      1.02      0.00      0.00      0.00      0.06      0.00      0.00     94.41
12:39:28 PM     all      4.79      0.00      0.82      0.19      0.00      0.00      0.13      0.00      0.00     94.08
12:39:29 PM     all      4.67      0.00      1.39      0.00      0.00      0.00      0.19      0.00      0.00     93.75
12:39:30 PM     all      4.87      0.00      0.76      0.00      0.00      0.00      0.13      0.00      0.00     94.24
12:39:31 PM     all      4.47      0.00      1.07      0.00      0.00      0.00      0.19      0.00      0.00     94.27
12:39:32 PM     all      4.24      0.00      0.76      0.00      0.00      0.00      0.06      0.00      0.00     94.94
12:39:33 PM     all      3.73      0.00      0.76      0.00      0.00      0.00      0.06      0.00      0.00     95.45
12:39:34 PM     all      4.59      0.00      0.82      0.13      0.00      0.00      0.13      0.00      0.00     94.34
12:39:35 PM     all      4.09      0.00      0.82      0.00      0.00      0.00      0.13      0.00      0.00     94.97
12:39:36 PM     all      4.05      0.00      0.82      0.00      0.00      0.00      0.13      0.00      0.00     95.00
12:39:37 PM     all      3.49      0.00      0.76      0.00      0.00      0.00      0.00      0.00      0.00     95.75
12:39:38 PM     all      4.23      0.00      0.95      0.00      0.00      0.00      0.13      0.00      0.00     94.70
12:39:39 PM     all      3.98      0.00      0.57      0.06      0.00      0.00      0.25      0.00      0.00     95.14
12:39:40 PM     all      4.40      0.00      0.82      0.00      0.00      0.00      0.13      0.00      0.00     94.66
12:39:41 PM     all      4.09      0.00      1.01      0.00      0.00      0.00      0.06      0.00      0.00     94.84
12:39:42 PM     all      3.49      0.00      0.82      0.00      0.00      0.00      0.19      0.00      0.00     95.50
12:39:43 PM     all      3.98      0.00      0.76      0.00      0.00      0.00      0.06      0.00      0.00     95.20
12:39:44 PM     all      4.10      0.00      0.76      0.06      0.00      0.00      0.19      0.00      0.00     94.89
12:39:45 PM     all      3.78      0.00      1.07      0.00      0.00      0.00      0.06      0.00      0.00     95.09
12:39:46 PM     all      3.93      0.00      0.70      0.00      0.00      0.00      0.13      0.00      0.00     95.24
12:39:47 PM     all      3.98      0.00      0.69      0.00      0.00      0.00      0.13      0.00      0.00     95.20
12:39:48 PM     all      4.23      0.00      1.01      0.13      0.00      0.00      0.19      0.00      0.00     94.45
12:39:49 PM     all      5.82      0.00      1.96      0.00      0.00      0.00      0.13      0.00      0.00     92.09
12:39:50 PM     all      4.59      0.00      1.07      0.13      0.00      0.00      0.13      0.00      0.00     94.08
12:39:51 PM     all      3.86      0.00      0.95      0.00      0.00      0.00      0.13      0.00      0.00     95.07
12:39:52 PM     all      4.38      0.00      0.70      0.00      0.00      0.00      0.13      0.00      0.00     94.80
12:39:53 PM     all      5.59      0.00      1.07      0.00      0.00      0.00      0.19      0.00      0.00     93.15
12:39:54 PM     all      4.42      0.00      0.82      0.13      0.00      0.00      0.13      0.00      0.00     94.50
12:39:55 PM     all      4.78      0.00      1.07      0.00      0.00      0.00      0.06      0.00      0.00     94.09
12:39:56 PM     all      5.03      0.00      1.07      0.13      0.00      0.00      0.19      0.00      0.00     93.58
12:39:57 PM     all      3.94      0.00      0.83      0.06      0.00      0.00      0.19      0.00      0.00     94.98
12:39:58 PM     all      4.79      0.00      0.95      0.06      0.00      0.00      0.00      0.00      0.00     94.20
12:39:59 PM     all      4.10      0.00      1.07      0.00      0.00      0.00      0.13      0.00      0.00     94.71
12:40:00 PM     all      5.16      0.00      0.69      0.13      0.00      0.00      0.13      0.00      0.00     93.90
12:40:01 PM     all      4.37      0.00      1.01      0.00      0.00      0.00      0.06      0.00      0.00     94.55
12:40:02 PM     all      4.51      0.00      0.70      0.00      0.00      0.00      0.13      0.00      0.00     94.67
12:40:03 PM     all      4.30      0.00      0.88      0.00      0.00      0.00      0.06      0.00      0.00     94.76
12:40:04 PM     all      4.33      0.00      1.13      0.00      0.00      0.00      0.19      0.00      0.00     94.35
12:40:05 PM     all      3.99      0.00      1.01      0.13      0.00      0.00      0.19      0.00      0.00     94.68
12:40:06 PM     all      5.04      0.00      0.69      0.00      0.00      0.00      0.13      0.00      0.00     94.14
12:40:07 PM     all      5.79      0.00      1.13      0.25      0.00      0.00      0.13      0.00      0.00     92.70
12:40:08 PM     all      6.88      0.00      1.07      0.00      0.00      0.00      0.13      0.00      0.00     91.92
12:40:09 PM     all      8.13      0.00      1.39      0.13      0.00      0.00      0.19      0.00      0.00     90.16
12:40:10 PM     all      9.03      0.00      1.33      0.00      0.00      0.00      0.19      0.00      0.00     89.45
12:40:11 PM     all      8.56      0.00      1.39      0.13      0.00      0.00      0.13      0.00      0.00     89.80
12:40:12 PM     all      7.88      0.00      1.14      0.00      0.00      0.00      0.19      0.00      0.00     90.78
12:40:13 PM     all      8.32      0.00      1.32      0.00      0.00      0.00      0.13      0.00      0.00     90.23
12:40:14 PM     all     10.25      0.00      1.39      0.00      0.00      0.00      0.13      0.00      0.00     88.23
12:40:15 PM     all      9.70      0.00      1.32      0.00      0.00      0.00      0.19      0.00      0.00     88.78
12:40:16 PM     all      8.21      0.00      1.20      0.13      0.00      0.00      0.25      0.00      0.00     90.21
12:40:17 PM     all      5.56      0.00      1.14      0.13      0.00      0.00      0.00      0.00      0.00     93.18
12:40:18 PM     all      8.56      0.00      1.32      0.31      0.00      0.00      0.13      0.00      0.00     89.67
12:40:19 PM     all      5.39      0.00      0.70      0.19      0.00      0.00      0.19      0.00      0.00     93.53
12:40:20 PM     all      5.24      0.00      1.07      0.00      0.00      0.00      0.13      0.00      0.00     93.56
12:40:21 PM     all      3.86      0.00      0.88      0.19      0.00      0.00      0.06      0.00      0.00     95.01
12:40:22 PM     all      4.24      0.00      0.82      0.00      0.00      0.00      0.13      0.00      0.00     94.81
12:40:23 PM     all      5.53      0.00      1.13      0.00      0.00      0.00      0.13      0.00      0.00     93.21
12:40:24 PM     all      5.36      0.00      0.82      0.00      0.00      0.00      0.13      0.00      0.00     93.69
12:40:25 PM     all      4.10      0.00      1.01      0.00      0.00      0.00      0.06      0.00      0.00     94.82
12:40:26 PM     all      4.04      0.00      0.82      0.00      0.00      0.00      0.13      0.00      0.00     95.01
12:40:27 PM     all      3.98      0.00      0.88      0.06      0.00      0.00      0.06      0.00      0.00     95.01
12:40:28 PM     all      3.30      0.00      0.82      0.00      0.00      0.00      0.19      0.00      0.00     95.69
12:40:29 PM     all      3.91      0.00      0.69      0.00      0.00      0.00      0.13      0.00      0.00     95.27
12:40:30 PM     all      4.35      0.00      0.88      0.00      0.00      0.00      0.06      0.00      0.00     94.70
12:40:31 PM     all      3.79      0.00      1.01      0.00      0.00      0.00      0.13      0.00      0.00     95.08
12:40:32 PM     all      4.88      0.00      1.06      0.19      0.00      0.00      0.25      0.00      0.00     93.61
12:40:33 PM     all      5.46      0.00      0.95      0.00      0.00      0.00      0.06      0.00      0.00     93.53
12:40:34 PM     all      4.89      0.00      0.95      0.00      0.00      0.00      0.06      0.00      0.00     94.10
12:40:35 PM     all      4.43      0.00      0.76      0.00      0.00      0.00      0.13      0.00      0.00     94.68
12:40:36 PM     all      4.11      0.00      0.88      0.00      0.00      0.00      0.13      0.00      0.00     94.88
12:40:37 PM     all      4.33      0.00      0.82      0.19      0.00      0.00      0.13      0.00      0.00     94.54
12:40:38 PM     all      4.35      0.00      0.88      0.00      0.00      0.00      0.19      0.00      0.00     94.58
12:40:39 PM     all      3.74      0.00      0.70      0.00      0.00      0.00      0.13      0.00      0.00     95.44
12:40:40 PM     all      4.22      0.00      0.88      0.00      0.00      0.00      0.06      0.00      0.00     94.83
12:40:41 PM     all      6.46      0.00      1.58      0.00      0.00      0.00      0.13      0.00      0.00     91.84
12:40:42 PM     all      5.18      0.00      1.33      0.32      0.00      0.00      0.13      0.00      0.00     93.05
12:40:43 PM     all      5.30      0.00      0.88      0.00      0.00      0.00      0.25      0.00      0.00     93.56
12:40:44 PM     all      7.32      0.00      1.64      0.00      0.00      0.00      0.06      0.00      0.00     90.97
12:40:45 PM     all      5.17      0.00      1.26      0.06      0.00      0.00      0.13      0.00      0.00     93.38
12:40:46 PM     all      5.42      0.00      1.08      0.00      0.00      0.00      0.13      0.00      0.00     93.37
12:40:47 PM     all      6.91      0.00      1.27      0.00      0.00      0.00      0.13      0.00      0.00     91.69
12:40:48 PM     all      6.17      0.00      1.46      0.25      0.00      0.00      0.13      0.00      0.00     91.98
12:40:49 PM     all      7.94      0.00      2.14      0.13      0.00      0.00      0.19      0.00      0.00     89.60
12:40:50 PM     all      5.20      0.00      1.01      0.13      0.00      0.00      0.25      0.00      0.00     93.41
12:40:51 PM     all      8.67      0.00      2.59      0.19      0.00      0.00      0.06      0.00      0.00     88.48
12:40:52 PM     all      5.47      0.00      1.38      0.19      0.00      0.00      0.25      0.00      0.00     92.70
12:40:53 PM     all      6.86      0.00      1.33      0.06      0.00      0.00      0.06      0.00      0.00     91.68
12:40:54 PM     all      4.53      0.00      1.13      0.13      0.00      0.00      0.13      0.00      0.00     94.08
12:40:55 PM     all      3.92      0.00      1.20      0.00      0.00      0.00      0.13      0.00      0.00     94.76
12:40:56 PM     all      4.51      0.00      0.82      0.00      0.00      0.00      0.00      0.00      0.00     94.67
12:40:57 PM     all      4.38      0.00      1.06      0.13      0.00      0.00      0.19      0.00      0.00     94.25
12:40:58 PM     all      4.36      0.00      1.07      0.00      0.00      0.00      0.13      0.00      0.00     94.44
12:40:59 PM     all      3.72      0.00      0.88      0.06      0.00      0.00      0.25      0.00      0.00     95.08
12:41:00 PM     all      4.61      0.00      0.95      0.06      0.00      0.00      0.13      0.00      0.00     94.26
12:41:01 PM     all      4.09      0.00      1.01      0.00      0.00      0.00      0.06      0.00      0.00     94.84
12:41:02 PM     all      4.37      0.00      0.89      0.00      0.00      0.00      0.13      0.00      0.00     94.62
12:41:03 PM     all      4.47      0.00      1.07      0.06      0.00      0.00      0.06      0.00      0.00     94.34
12:41:04 PM     all      4.54      0.00      0.76      0.13      0.00      0.00      0.19      0.00      0.00     94.38
12:41:05 PM     all      3.91      0.00      1.07      0.00      0.00      0.00      0.13      0.00      0.00     94.89
12:41:06 PM     all      4.54      0.00      0.82      0.00      0.00      0.00      0.13      0.00      0.00     94.52
12:41:07 PM     all      4.21      0.00      1.01      0.00      0.00      0.00      0.06      0.00      0.00     94.72
12:41:08 PM     all      4.31      0.00      0.89      0.00      0.00      0.00      0.13      0.00      0.00     94.68
12:41:09 PM     all      4.05      0.00      1.07      0.00      0.00      0.00      0.13      0.00      0.00     94.75
12:41:10 PM     all      6.57      0.00      1.01      0.06      0.00      0.00      0.13      0.00      0.00     92.23
12:41:11 PM     all      6.14      0.00      1.39      0.00      0.00      0.00      0.13      0.00      0.00     92.35
12:41:12 PM     all      5.24      0.00      1.07      0.00      0.00      0.00      0.13      0.00      0.00     93.56
12:41:13 PM     all      5.42      0.00      1.26      0.06      0.00      0.00      0.13      0.00      0.00     93.13
12:41:14 PM     all      6.33      0.00      0.95      0.00      0.00      0.00      0.13      0.00      0.00     92.59
12:41:15 PM     all      3.86      0.00      1.01      0.25      0.00      0.00      0.06      0.00      0.00     94.81
12:41:16 PM     all      5.03      0.00      1.01      0.06      0.00      0.00      0.25      0.00      0.00     93.65
12:41:17 PM     all      4.04      0.00      1.20      0.06      0.00      0.00      0.13      0.00      0.00     94.57
12:41:18 PM     all      4.48      0.00      0.82      0.00      0.00      0.00      0.13      0.00      0.00     94.57
12:41:19 PM     all      3.98      0.00      0.95      0.00      0.00      0.00      0.06      0.00      0.00     95.01
12:41:20 PM     all      3.91      0.00      1.07      0.00      0.00      0.00      0.13      0.00      0.00     94.89
12:41:21 PM     all      4.47      0.00      0.82      0.06      0.00      0.00      0.25      0.00      0.00     94.39
12:41:22 PM     all      4.41      0.00      1.20      0.13      0.00      0.00      0.06      0.00      0.00     94.20
12:41:23 PM     all      4.10      0.00      0.88      0.06      0.00      0.00      0.13      0.00      0.00     94.83
12:41:24 PM     all      6.26      0.00      1.14      0.00      0.00      0.00      0.13      0.00      0.00     92.47
12:41:25 PM     all      4.91      0.00      1.07      0.00      0.00      0.00      0.13      0.00      0.00     93.89
12:41:26 PM     all      4.56      0.00      0.82      0.00      0.00      0.00      0.19      0.00      0.00     94.43
12:41:27 PM     all      4.03      0.00      0.94      0.25      0.00      0.00      0.06      0.00      0.00     94.71
12:41:28 PM     all      3.74      0.00      0.89      0.00      0.00      0.00      0.00      0.00      0.00     95.37
12:41:29 PM     all      3.48      0.00      1.08      0.13      0.00      0.00      0.06      0.00      0.00     95.26
12:41:30 PM     all      4.09      0.00      0.94      0.06      0.00      0.00      0.13      0.00      0.00     94.78
12:41:31 PM     all      3.86      0.00      0.95      0.00      0.00      0.00      0.19      0.00      0.00     95.01
12:41:32 PM     all      5.37      0.00      1.07      0.00      0.00      0.00      0.13      0.00      0.00     93.43
12:41:33 PM     all      5.64      0.00      1.27      0.00      0.00      0.00      0.06      0.00      0.00     93.03
12:41:34 PM     all      3.74      0.00      0.82      0.00      0.00      0.00      0.13      0.00      0.00     95.30
12:41:35 PM     all      3.60      0.00      0.70      0.13      0.00      0.00      0.19      0.00      0.00     95.39
12:41:36 PM     all      4.03      0.00      0.88      0.00      0.00      0.00      0.19      0.00      0.00     94.90
12:41:37 PM     all      3.78      0.00      1.20      0.00      0.00      0.00      0.06      0.00      0.00     94.96
12:41:38 PM     all      4.05      0.00      0.76      0.00      0.00      0.00      0.13      0.00      0.00     95.07
12:41:39 PM     all      4.61      0.00      0.95      0.00      0.00      0.00      0.06      0.00      0.00     94.38
12:41:40 PM     all      5.03      0.00      1.01      0.06      0.00      0.00      0.19      0.00      0.00     93.72
12:41:41 PM     all      3.92      0.00      0.70      0.19      0.00      0.00      0.06      0.00      0.00     95.13
12:41:42 PM     all      3.90      0.00      0.94      0.00      0.00      0.00      0.25      0.00      0.00     94.90
12:41:43 PM     all      3.49      0.00      0.89      0.00      0.00      0.00      0.06      0.00      0.00     95.56
12:41:44 PM     all      6.88      0.00      1.70      0.00      0.00      0.00      0.06      0.00      0.00     91.35
12:41:45 PM     all      4.67      0.00      1.07      0.00      0.00      0.00      0.25      0.00      0.00     94.00
12:41:46 PM     all      4.54      0.00      0.88      0.06      0.00      0.00      0.06      0.00      0.00     94.45
12:41:47 PM     all      4.24      0.00      1.27      0.06      0.00      0.00      0.06      0.00      0.00     94.36
12:41:48 PM     all      4.56      0.00      0.89      0.00      0.00      0.00      0.25      0.00      0.00     94.30
12:41:49 PM     all      7.45      0.00      2.59      0.00      0.00      0.00      0.13      0.00      0.00     89.84
12:41:50 PM     all      6.17      0.00      1.14      0.00      0.00      0.00      0.19      0.00      0.00     92.50
12:41:51 PM     all      6.08      0.00      1.08      0.13      0.00      0.00      0.19      0.00      0.00     92.52
12:41:52 PM     all      7.62      0.00      2.14      0.00      0.00      0.00      0.13      0.00      0.00     90.11
12:41:53 PM     all      7.04      0.00      1.51      0.06      0.00      0.00      0.13      0.00      0.00     91.27
12:41:54 PM     all      5.06      0.00      1.20      0.00      0.00      0.00      0.19      0.00      0.00     93.55
12:41:55 PM     all      4.79      0.00      1.01      0.13      0.00      0.00      0.19      0.00      0.00     93.88
12:41:56 PM     all      3.73      0.00      0.89      0.13      0.00      0.00      0.06      0.00      0.00     95.19
12:41:57 PM     all      3.23      0.00      0.44      0.00      0.00      0.00      0.13      0.00      0.00     96.20
12:41:58 PM     all      3.97      0.00      1.07      0.00      0.00      0.00      0.19      0.00      0.00     94.77
12:41:59 PM     all      4.02      0.00      0.63      0.06      0.00      0.00      0.06      0.00      0.00     95.23

Average:        all      4.92      0.00      0.98      0.04      0.00      0.00      0.12      0.00      0.00     93.93
