Linux 7.0.0-15-generic (bruker-ThinkPad-P14s-Gen-3) 	05/23/2026 	_x86_64_	(16 CPU)

01:34:32 PM     CPU      %usr     %nice      %sys   %iowait    %steal      %irq     %soft    %guest    %gnice     %idle
01:34:33 PM     all     27.76      0.00      2.22      0.00      0.00      0.00      0.44      0.00      0.00     69.58
01:34:34 PM     all     29.91      0.00      1.14      0.13      0.00      0.00      0.25      0.00      0.00     68.58
01:34:35 PM     all     30.49      0.00      1.58      0.00      0.00      0.00      0.32      0.00      0.00     67.61
01:34:36 PM     all     32.29      0.00      1.38      0.00      0.00      0.00      0.31      0.00      0.00     66.02
01:34:37 PM     all     30.11      0.00      1.26      0.00      0.00      0.00      0.31      0.00      0.00     68.32
01:34:38 PM     all     31.29      0.00      1.26      0.00      0.00      0.00      0.19      0.00      0.00     67.26
01:34:39 PM     all     31.73      0.00      1.39      0.06      0.00      0.00      0.19      0.00      0.00     66.62
01:34:40 PM     all     31.33      0.00      1.13      0.00      0.00      0.00      0.31      0.00      0.00     67.23
01:34:41 PM     all     30.14      0.00      1.13      0.00      0.00      0.00      0.19      0.00      0.00     68.54
01:34:42 PM     all     28.30      0.00      1.27      0.00      0.00      0.00      0.25      0.00      0.00     70.18
01:34:43 PM     all     28.79      0.00      0.95      0.00      0.00      0.00      0.32      0.00      0.00     69.95
01:34:44 PM     all     30.37      0.00      1.13      0.00      0.00      0.00      0.19      0.00      0.00     68.30
01:34:45 PM     all     29.72      0.00      1.14      0.13      0.00      0.00      0.19      0.00      0.00     68.83
01:34:46 PM     all     31.33      0.00      1.14      0.00      0.00      0.00      0.25      0.00      0.00     67.28
01:34:47 PM     all     33.58      0.00      1.13      0.00      0.00      0.00      0.25      0.00      0.00     65.03
01:34:48 PM     all     33.08      0.00      1.20      0.00      0.00      0.00      0.25      0.00      0.00     65.46
01:34:49 PM     all     33.19      0.00      1.20      0.00      0.00      0.00      0.25      0.00      0.00     65.36
01:34:50 PM     all     32.34      0.00      1.01      0.06      0.00      0.00      0.32      0.00      0.00     66.27
01:34:51 PM     all     32.41      0.00      1.33      0.00      0.00      0.00      0.25      0.00      0.00     66.01
01:34:52 PM     all     29.88      0.00      0.76      0.00      0.00      0.00      0.19      0.00      0.00     69.17
01:34:53 PM     all     31.96      0.00      1.20      0.00      0.00      0.00      0.25      0.00      0.00     66.58
01:34:54 PM     all     33.54      0.00      1.26      0.00      0.00      0.00      0.25      0.00      0.00     64.94
01:34:55 PM     all     32.66      0.00      1.01      0.13      0.00      0.00      0.13      0.00      0.00     66.08
01:34:56 PM     all     31.47      0.00      0.88      0.00      0.00      0.00      0.31      0.00      0.00     67.34
01:34:57 PM     all     34.72      0.00      1.45      0.00      0.00      0.00      0.32      0.00      0.00     63.50
01:34:58 PM     all     35.38      0.00      1.84      0.00      0.00      0.00      0.38      0.00      0.00     62.41
01:34:59 PM     all     38.29      0.00      1.79      0.00      0.00      0.00      0.26      0.00      0.00     59.67
01:35:00 PM     all     38.55      0.00      2.16      0.06      0.00      0.00      0.32      0.00      0.00     58.91
01:35:01 PM     all     36.54      0.00      1.85      0.00      0.00      0.00      0.32      0.00      0.00     61.29
01:35:02 PM     all     35.98      0.00      1.84      0.00      0.00      0.00      0.25      0.00      0.00     61.92
01:35:03 PM     all     35.73      0.00      1.72      0.00      0.00      0.00      0.32      0.00      0.00     62.24
01:35:04 PM     all     32.80      0.00      1.72      0.00      0.00      0.00      0.32      0.00      0.00     65.16
01:35:05 PM     all     34.82      0.00      2.17      0.06      0.00      0.00      0.19      0.00      0.00     62.76
01:35:06 PM     all     33.33      0.00      1.97      0.00      0.00      0.00      0.25      0.00      0.00     64.44
01:35:07 PM     all     31.76      0.00      1.59      0.00      0.00      0.00      0.26      0.00      0.00     66.39
01:35:08 PM     all     32.74      0.00      1.97      0.00      0.00      0.00      0.19      0.00      0.00     65.10
01:35:09 PM     all     31.54      0.00      1.45      0.06      0.00      0.00      0.32      0.00      0.00     66.62
01:35:10 PM     all     31.62      0.00      1.84      0.06      0.00      0.00      0.25      0.00      0.00     66.22
01:35:11 PM     all     31.65      0.00      1.77      0.06      0.00      0.00      0.19      0.00      0.00     66.33
01:35:12 PM     all     33.12      0.00      1.59      0.00      0.00      0.00      0.32      0.00      0.00     64.97
01:35:13 PM     all     33.23      0.00      1.52      0.06      0.00      0.00      0.19      0.00      0.00     65.00
01:35:14 PM     all     33.14      0.00      1.59      0.00      0.00      0.00      0.25      0.00      0.00     65.01
01:35:15 PM     all     35.79      0.00      1.81      0.00      0.00      0.00      0.25      0.00      0.00     62.15
01:35:16 PM     all     36.95      0.00      1.90      0.00      0.00      0.00      0.32      0.00      0.00     60.84
01:35:17 PM     all     37.71      0.00      1.96      0.00      0.00      0.00      0.32      0.00      0.00     60.01
01:35:18 PM     all     37.51      0.00      1.97      0.00      0.00      0.00      0.25      0.00      0.00     60.27
01:35:19 PM     all     35.84      0.00      1.79      0.06      0.00      0.00      0.32      0.00      0.00     61.99
01:35:20 PM     all     37.39      0.00      1.97      0.00      0.00      0.00      0.32      0.00      0.00     60.32
01:35:21 PM     all     37.40      0.00      3.13      0.00      0.00      0.00      0.26      0.00      0.00     59.21
01:35:22 PM     all     39.71      0.00      3.05      0.06      0.00      0.00      0.32      0.00      0.00     56.86
01:35:23 PM     all     37.79      0.00      2.47      0.00      0.00      0.00      0.25      0.00      0.00     59.48
01:35:24 PM     all     34.78      0.00      2.11      0.19      0.00      0.00      0.32      0.00      0.00     62.60
01:35:25 PM     all     42.02      0.00      2.23      0.00      0.00      0.00      0.32      0.00      0.00     55.44
01:35:26 PM     all     43.64      0.00      2.22      0.00      0.00      0.00      0.38      0.00      0.00     53.77
01:35:27 PM     all     41.94      0.00      2.22      0.00      0.00      0.00      0.44      0.00      0.00     55.39
01:35:28 PM     all     37.83      0.00      2.16      0.00      0.00      0.00      0.32      0.00      0.00     59.69
01:35:29 PM     all     38.21      0.00      1.85      0.00      0.00      0.00      0.26      0.00      0.00     59.68
01:35:30 PM     all     36.06      0.00      2.43      0.00      0.00      0.00      0.32      0.00      0.00     61.20
01:35:31 PM     all     37.62      0.00      2.16      0.00      0.00      0.00      0.38      0.00      0.00     59.83
01:35:32 PM     all     46.76      0.00      2.31      0.00      0.00      0.00      0.51      0.00      0.00     50.42


Average:        all     34.28      0.00      1.68      0.02      0.00      0.00      0.28      0.00      0.00     63.74
