Linux 7.0.0-15-generic (bruker-ThinkPad-P14s-Gen-3) 	05/23/2026 	_x86_64_	(16 CPU)

03:57:53 PM     CPU      %usr     %nice      %sys   %iowait    %steal      %irq     %soft    %guest    %gnice     %idle
03:57:54 PM     all      6.55     34.48      3.05      0.00      0.00      0.00      0.32      0.00      0.00     55.60
03:57:55 PM     all      5.32     32.17      2.41      0.13      0.00      0.00      0.32      0.00      0.00     59.66
03:57:56 PM     all      6.17     45.33      2.48      0.00      0.00      0.00      0.38      0.00      0.00     45.65
03:57:57 PM     all      5.55     40.62      2.04      0.00      0.00      0.00      0.32      0.00      0.00     51.47
03:57:58 PM     all      5.48     35.67      2.10      0.00      0.00      0.00      0.32      0.00      0.00     56.43
03:57:59 PM     all      6.92     60.89      2.92      0.00      0.00      0.00      0.38      0.00      0.00     28.89
03:58:00 PM     all     11.38     49.39      5.02      0.00      0.00      0.00      0.77      0.00      0.00     33.44
03:58:01 PM     all     15.55     58.16      7.10      0.06      0.00      0.00      0.64      0.00      0.00     18.49
03:58:02 PM     all     13.91     45.37      5.93      0.00      0.00      0.00      0.64      0.00      0.00     34.14
03:58:03 PM     all     10.65     50.03      4.36      0.00      0.00      0.00      0.51      0.00      0.00     34.45
03:58:04 PM     all     10.46     63.52      4.59      0.00      0.00      0.00      0.83      0.00      0.00     20.60
03:58:05 PM     all     13.87     55.17      4.69      0.00      0.00      0.00      0.71      0.00      0.00     25.56
03:58:06 PM     all     17.55     51.81      5.02      0.00      0.00      0.00      0.76      0.00      0.00     24.86
03:58:07 PM     all     13.87     59.46      5.12      0.00      0.00      0.00      0.77      0.00      0.00     20.78
03:58:08 PM     all     12.93     52.11      4.67      0.00      0.00      0.00      0.70      0.00      0.00     29.58
03:58:09 PM     all     11.11     53.44      4.43      0.00      0.00      0.00      0.90      0.00      0.00     30.12
03:58:10 PM     all     13.03     57.15      4.15      0.00      0.00      0.00      0.77      0.00      0.00     24.90
03:58:11 PM     all      9.07     43.17      3.45      0.00      0.00      0.00      0.51      0.00      0.00     43.81
03:58:12 PM     all     12.43     52.02      3.78      0.00      0.00      0.00      0.58      0.00      0.00     31.20
03:58:13 PM     all     11.28     59.13      4.56      0.00      0.00      0.00      0.76      0.00      0.00     24.27
03:58:14 PM     all     10.95     52.94      4.10      0.00      0.00      0.00      0.51      0.00      0.00     31.50
03:58:15 PM     all     11.15     51.31      4.46      0.00      0.00      0.00      0.70      0.00      0.00     32.38
03:58:16 PM     all      9.57     58.29      3.51      0.00      0.00      0.00      0.64      0.00      0.00     28.00
03:58:17 PM     all     10.22     55.30      3.90      0.00      0.00      0.00      0.57      0.00      0.00     30.01
03:58:18 PM     all     11.92     54.96      4.64      0.00      0.00      0.00      0.64      0.00      0.00     27.84
03:58:19 PM     all      9.14     42.43      3.07      0.00      0.00      0.00      0.58      0.00      0.00     44.79
03:58:20 PM     all      8.73     34.98      2.59      0.00      0.00      0.00      0.44      0.00      0.00     53.26
03:58:21 PM     all     11.31     55.53      4.11      0.06      0.00      0.00      0.77      0.00      0.00     28.21
03:58:22 PM     all     11.52     58.51      4.16      0.00      0.00      0.00      0.70      0.00      0.00     25.10
03:58:23 PM     all     10.85     56.03      4.21      0.00      0.00      0.00      0.57      0.00      0.00     28.33
03:58:24 PM     all     12.23     53.78      4.61      0.00      0.00      0.00      0.70      0.00      0.00     28.68
03:58:25 PM     all     10.40     55.29      3.80      0.00      0.00      0.00      0.57      0.00      0.00     29.93
03:58:26 PM     all      9.57     41.84      3.12      0.00      0.00      0.00      0.38      0.00      0.00     45.09
03:58:27 PM     all      8.77     48.70      3.05      0.00      0.00      0.00      0.70      0.00      0.00     38.78
03:58:28 PM     all     10.36     53.71      4.03      0.00      0.00      0.00      0.77      0.00      0.00     31.14
03:58:29 PM     all     11.15     52.27      3.46      0.00      0.00      0.00      0.45      0.00      0.00     32.67
03:58:30 PM     all     12.28     46.06      4.13      0.19      0.00      0.00      0.57      0.00      0.00     36.77
03:58:31 PM     all     17.48     53.91      4.48      0.00      0.00      0.00      0.83      0.00      0.00     23.30
03:58:32 PM     all     13.78     52.70      4.25      0.00      0.00      0.00      0.44      0.00      0.00     28.83
03:58:33 PM     all     11.12     50.48      3.96      0.00      0.00      0.00      0.70      0.00      0.00     33.74
03:58:34 PM     all      9.96     52.70      4.18      0.00      0.00      0.00      0.64      0.00      0.00     32.52
03:58:35 PM     all     10.61     51.76      3.77      0.00      0.00      0.00      0.51      0.00      0.00     33.35
03:58:36 PM     all      9.85     51.09      3.90      0.13      0.00      0.00      0.64      0.00      0.00     34.40
03:58:37 PM     all     10.38     53.81      3.46      0.00      0.00      0.00      0.64      0.00      0.00     31.71
03:58:38 PM     all     11.08     54.01      3.82      0.00      0.00      0.00      0.64      0.00      0.00     30.45
03:58:39 PM     all      9.70     49.01      3.57      0.00      0.00      0.00      0.57      0.00      0.00     37.14
03:58:40 PM     all      7.84     42.89      3.12      0.00      0.00      0.00      0.64      0.00      0.00     45.51
03:58:41 PM     all      9.18     55.42      3.57      0.00      0.00      0.00      0.51      0.00      0.00     31.31
03:58:42 PM     all     12.47     50.71      5.33      0.00      0.00      0.00      0.71      0.00      0.00     30.78
03:58:43 PM     all      9.19     66.31      4.40      0.00      0.00      0.00      0.83      0.00      0.00     19.27
03:58:44 PM     all     10.37     60.31      4.29      0.00      0.00      0.00      0.64      0.00      0.00     24.39
03:58:45 PM     all     11.52     54.96      4.48      0.06      0.00      0.00      0.64      0.00      0.00     28.34
03:58:46 PM     all     11.34     59.30      4.65      0.06      0.00      0.00      0.76      0.00      0.00     23.89
03:58:47 PM     all     10.72     56.87      3.98      0.06      0.00      0.00      0.64      0.00      0.00     27.73
03:58:48 PM     all     10.41     53.90      4.66      0.19      0.00      0.00      0.77      0.00      0.00     30.08
03:58:49 PM     all     10.25     60.96      4.08      0.00      0.00      0.00      0.76      0.00      0.00     23.95
03:58:50 PM     all     11.40     47.79      4.23      0.00      0.00      0.00      0.51      0.00      0.00     36.07
03:58:51 PM     all      9.99     46.18      3.69      0.00      0.00      0.00      0.38      0.00      0.00     39.76
03:58:52 PM     all      9.32     52.01      3.51      0.00      0.00      0.00      0.70      0.00      0.00     34.46
03:58:53 PM     all     10.97     52.85      4.04      0.00      0.00      0.00      0.45      0.00      0.00     31.69
03:58:54 PM     all     10.45     50.19      4.23      0.00      0.00      0.00      0.51      0.00      0.00     34.62
03:58:55 PM     all     11.08     58.36      4.10      0.00      0.00      0.00      0.70      0.00      0.00     25.75
03:58:56 PM     all     11.87     54.12      4.53      0.00      0.00      0.00      0.64      0.00      0.00     28.84
03:58:57 PM     all     10.71     49.36      4.02      0.00      0.00      0.00      0.64      0.00      0.00     35.27
03:58:58 PM     all     10.93     59.28      4.26      0.00      0.00      0.00      0.64      0.00      0.00     24.90
03:58:59 PM     all     11.37     55.43      4.30      0.00      0.00      0.00      0.58      0.00      0.00     28.32
03:59:00 PM     all     11.91     53.25      3.86      0.00      0.00      0.00      0.64      0.00      0.00     30.33
03:59:01 PM     all     15.78     58.02      6.04      0.00      0.00      0.00      0.83      0.00      0.00     19.34
03:59:02 PM     all     17.01     50.00      5.73      0.00      0.00      0.00      0.64      0.00      0.00     26.62
03:59:03 PM     all     14.32     44.63      4.03      0.00      0.00      0.00      0.70      0.00      0.00     36.32
03:59:04 PM     all     11.61     57.08      3.83      0.06      0.00      0.00      0.51      0.00      0.00     26.91
03:59:05 PM     all     15.24     51.34      3.71      0.00      0.00      0.00      0.51      0.00      0.00     29.19
03:59:06 PM     all     11.04     54.88      4.15      0.00      0.00      0.00      0.70      0.00      0.00     29.23
03:59:07 PM     all      6.99     37.83      2.29      0.00      0.00      0.00      0.51      0.00      0.00     52.38
03:59:08 PM     all     11.75     53.79      4.49      0.00      0.00      0.00      0.51      0.00      0.00     29.46
03:59:09 PM     all     14.17     54.55      4.55      0.00      0.00      0.00      0.71      0.00      0.00     26.03
03:59:10 PM     all     10.71     43.69      3.06      0.06      0.00      0.00      0.51      0.00      0.00     41.96
03:59:11 PM     all      9.25     46.88      2.93      0.00      0.00      0.00      0.45      0.00      0.00     40.50
03:59:12 PM     all     10.22     50.48      3.71      0.00      0.00      0.00      0.70      0.00      0.00     34.89
03:59:13 PM     all     10.24     55.38      4.35      0.00      0.00      0.00      0.58      0.00      0.00     29.45
03:59:14 PM     all     11.09     51.75      4.46      0.00      0.00      0.00      0.64      0.00      0.00     32.06
03:59:15 PM     all      7.37     40.70      2.67      0.00      0.00      0.00      0.51      0.00      0.00     48.76
03:59:16 PM     all     11.28     53.71      4.32      0.00      0.00      0.00      0.52      0.00      0.00     30.17
03:59:17 PM     all     10.60     51.92      4.21      0.00      0.00      0.00      0.57      0.00      0.00     32.69
03:59:18 PM     all     13.26     42.77      3.19      0.00      0.00      0.00      0.64      0.00      0.00     40.15
03:59:19 PM     all     16.34     47.43      4.01      0.00      0.00      0.00      0.64      0.00      0.00     31.60
03:59:20 PM     all     11.13     54.58      4.01      0.00      0.00      0.00      0.64      0.00      0.00     29.64
03:59:21 PM     all     11.49     52.39      4.40      0.00      0.00      0.00      0.77      0.00      0.00     30.95
03:59:22 PM     all     10.65     51.76      3.46      0.00      0.00      0.00      0.58      0.00      0.00     33.55
03:59:23 PM     all     10.83     53.35      3.82      0.00      0.00      0.00      0.64      0.00      0.00     31.36
03:59:24 PM     all     11.13     51.06      3.77      0.00      0.00      0.00      0.58      0.00      0.00     33.46
03:59:25 PM     all     10.31     52.62      3.71      0.00      0.00      0.00      0.51      0.00      0.00     32.84
03:59:26 PM     all     10.72     55.26      3.77      0.00      0.00      0.00      0.51      0.00      0.00     29.74
03:59:27 PM     all     11.84     57.55      4.55      0.00      0.00      0.00      0.83      0.00      0.00     25.22
03:59:28 PM     all     10.71     51.12      3.53      0.00      0.00      0.00      0.58      0.00      0.00     34.06
03:59:29 PM     all     10.95     49.33      3.97      0.00      0.00      0.00      0.51      0.00      0.00     35.23
03:59:30 PM     all      8.53     46.66      3.18      0.00      0.00      0.00      0.64      0.00      0.00     40.99
03:59:31 PM     all     10.56     53.84      3.91      0.00      0.00      0.00      0.77      0.00      0.00     30.92
03:59:32 PM     all     11.46     51.66      4.03      0.00      0.00      0.00      0.51      0.00      0.00     32.33
03:59:33 PM     all     12.42     55.38      4.48      0.00      0.00      0.00      0.77      0.00      0.00     26.95
03:59:34 PM     all      8.83     47.56      2.86      0.00      0.00      0.00      0.57      0.00      0.00     40.19
03:59:35 PM     all     10.29     42.75      3.45      0.00      0.00      0.00      0.51      0.00      0.00     43.00
03:59:36 PM     all     10.03     48.31      3.71      0.00      0.00      0.00      0.70      0.00      0.00     37.25
03:59:37 PM     all     10.98     56.90      4.21      0.06      0.00      0.00      0.70      0.00      0.00     27.14
03:59:38 PM     all     11.37     50.96      3.70      0.00      0.00      0.00      0.64      0.00      0.00     33.33
03:59:39 PM     all     10.76     55.83      3.78      0.06      0.00      0.00      0.70      0.00      0.00     28.87
03:59:40 PM     all     10.71     57.34      4.49      0.00      0.00      0.00      0.58      0.00      0.00     26.88
03:59:41 PM     all     10.50     54.23      3.91      0.00      0.00      0.00      0.64      0.00      0.00     30.73
03:59:42 PM     all     10.94     51.35      4.12      0.00      0.00      0.00      0.71      0.00      0.00     32.88
03:59:43 PM     all      9.48     58.72      4.20      0.00      0.00      0.00      0.64      0.00      0.00     26.97
03:59:44 PM     all      8.04     35.61      2.62      0.00      0.00      0.00      0.64      0.00      0.00     53.10
03:59:45 PM     all     10.47     52.27      4.02      0.19      0.00      0.00      0.70      0.00      0.00     32.35
03:59:46 PM     all     10.03     55.36      3.90      0.00      0.00      0.00      0.77      0.00      0.00     29.95
03:59:47 PM     all     10.11     58.86      4.29      0.00      0.00      0.00      0.64      0.00      0.00     26.10
03:59:48 PM     all      9.42     49.78      3.40      0.00      0.00      0.00      0.70      0.00      0.00     36.71
03:59:49 PM     all      9.47     54.38      3.52      0.00      0.00      0.00      0.64      0.00      0.00     31.99
03:59:50 PM     all     10.38     51.83      3.84      0.00      0.00      0.00      0.51      0.00      0.00     33.44
03:59:51 PM     all     11.54     50.00      4.29      0.00      0.00      0.00      0.64      0.00      0.00     33.53
03:59:52 PM     all      7.46     45.28      2.61      0.00      0.00      0.00      0.45      0.00      0.00     44.20
03:59:53 PM     all      9.40     51.08      2.92      0.00      0.00      0.00      0.57      0.00      0.00     36.02
03:59:54 PM     all      9.08     52.94      3.96      0.00      0.00      0.00      0.51      0.00      0.00     33.50
03:59:55 PM     all      8.73     49.55      3.12      0.00      0.00      0.00      0.76      0.00      0.00     37.83
03:59:56 PM     all      7.90     40.03      2.55      0.06      0.00      0.00      0.38      0.00      0.00     49.08
03:59:57 PM     all     10.25     61.18      4.16      0.00      0.00      0.00      0.70      0.00      0.00     23.70
03:59:58 PM     all      9.04     43.33      3.53      0.00      0.00      0.00      0.58      0.00      0.00     43.53
03:59:59 PM     all      9.93     53.41      4.01      0.00      0.00      0.00      0.64      0.00      0.00     32.02
04:00:00 PM     all      7.56     40.32      2.35      0.00      0.00      0.00      0.51      0.00      0.00     49.27
04:00:01 PM     all     14.19     57.96      5.56      0.06      0.00      0.00      0.64      0.00      0.00     21.60
04:00:02 PM     all     13.78     44.94      5.37      0.00      0.00      0.00      0.70      0.00      0.00     35.21
04:00:03 PM     all     10.16     52.20      3.32      0.00      0.00      0.00      0.64      0.00      0.00     33.67
04:00:04 PM     all      8.61     36.54      2.72      0.00      0.00      0.00      0.57      0.00      0.00     51.55
04:00:05 PM     all      9.24     29.17      2.29      0.00      0.00      0.00      0.32      0.00      0.00     58.98
04:00:06 PM     all     11.27     53.85      3.95      0.06      0.00      0.00      0.70      0.00      0.00     30.17
04:00:07 PM     all     14.41     54.25      4.76      0.00      0.00      0.00      0.77      0.00      0.00     25.80
04:00:08 PM     all     17.98     48.15      4.85      0.00      0.00      0.00      0.64      0.00      0.00     28.38
04:00:09 PM     all     11.43     52.81      3.77      0.00      0.00      0.00      0.70      0.00      0.00     31.29
04:00:10 PM     all     10.42     55.97      3.32      0.00      0.00      0.00      0.70      0.00      0.00     29.58
04:00:11 PM     all     10.41     55.75      3.96      0.00      0.00      0.00      0.57      0.00      0.00     29.31
04:00:12 PM     all     10.93     54.86      4.22      0.06      0.00      0.00      0.77      0.00      0.00     29.16
04:00:13 PM     all      9.22     53.24      3.46      0.00      0.00      0.00      0.70      0.00      0.00     33.38
04:00:14 PM     all     10.26     55.45      4.21      0.00      0.00      0.00      0.51      0.00      0.00     29.57
04:00:15 PM     all     10.81     49.78      4.03      0.00      0.00      0.00      0.77      0.00      0.00     34.61
04:00:16 PM     all      9.42     56.67      3.97      0.00      0.00      0.00      0.58      0.00      0.00     29.36
04:00:17 PM     all     17.80     57.58      4.95      0.06      0.00      0.00      0.64      0.00      0.00     18.96
04:00:18 PM     all     10.40     53.92      3.77      0.00      0.00      0.00      0.83      0.00      0.00     31.08
04:00:19 PM     all      8.93     39.06      2.94      0.00      0.00      0.00      0.38      0.00      0.00     48.69
04:00:20 PM     all     10.93     52.97      3.32      0.00      0.00      0.00      0.45      0.00      0.00     32.33
04:00:21 PM     all     11.27     51.15      4.10      0.00      0.00      0.00      0.70      0.00      0.00     32.78
04:00:22 PM     all     11.03     60.58      4.23      0.00      0.00      0.00      0.71      0.00      0.00     23.46
04:00:23 PM     all     11.63     56.49      4.28      0.06      0.00      0.00      0.58      0.00      0.00     26.96
04:00:24 PM     all     16.65     48.60      4.02      0.00      0.00      0.00      0.77      0.00      0.00     29.97
04:00:25 PM     all     11.06     58.70      4.09      0.00      0.00      0.00      0.64      0.00      0.00     25.51
04:00:26 PM     all     10.06     49.65      3.37      0.00      0.00      0.00      0.51      0.00      0.00     36.41
04:00:27 PM     all      9.82     51.56      3.63      0.00      0.00      0.00      0.57      0.00      0.00     34.42
04:00:28 PM     all      9.13     48.21      2.75      0.00      0.00      0.00      0.57      0.00      0.00     39.34
04:00:29 PM     all     11.19     51.88      4.13      0.00      0.00      0.00      0.64      0.00      0.00     32.17
04:00:30 PM     all     10.76     52.48      3.63      0.00      0.00      0.00      0.70      0.00      0.00     32.42
04:00:31 PM     all     11.23     50.80      4.08      0.00      0.00      0.00      0.57      0.00      0.00     33.31
04:00:32 PM     all     11.13     48.88      3.97      0.00      0.00      0.00      0.58      0.00      0.00     35.44
04:00:33 PM     all     10.41     54.41      3.58      0.00      0.00      0.00      0.70      0.00      0.00     30.91
04:00:34 PM     all     11.64     56.42      4.33      0.06      0.00      0.00      0.70      0.00      0.00     26.84
04:00:35 PM     all     10.80     54.50      3.90      0.00      0.00      0.00      0.58      0.00      0.00     30.22
04:00:36 PM     all     11.30     55.56      4.28      0.00      0.00      0.00      0.64      0.00      0.00     28.22
04:00:37 PM     all     14.44     53.93      3.71      0.00      0.00      0.00      0.70      0.00      0.00     27.22
04:00:38 PM     all     16.88     47.89      4.92      0.00      0.00      0.00      0.58      0.00      0.00     29.73
04:00:39 PM     all     10.66     52.68      3.77      0.00      0.00      0.00      0.64      0.00      0.00     32.25
04:00:40 PM     all     10.86     59.94      3.96      0.00      0.00      0.00      0.64      0.00      0.00     24.60
04:00:41 PM     all     11.42     57.08      4.34      0.00      0.00      0.00      0.64      0.00      0.00     26.53
04:00:42 PM     all     11.23     51.86      3.66      0.00      0.00      0.00      0.77      0.00      0.00     32.48
04:00:43 PM     all     10.27     48.28      3.12      0.00      0.00      0.00      0.51      0.00      0.00     37.82
04:00:44 PM     all     10.98     55.49      3.77      0.00      0.00      0.00      0.57      0.00      0.00     29.18
04:00:45 PM     all     11.05     48.62      3.85      0.06      0.00      0.00      0.71      0.00      0.00     35.71
04:00:46 PM     all     10.55     59.27      3.84      0.00      0.00      0.00      0.64      0.00      0.00     25.70
04:00:47 PM     all      9.77     54.28      3.64      0.00      0.00      0.00      0.57      0.00      0.00     31.74
04:00:48 PM     all      9.09     43.92      3.33      0.00      0.00      0.00      0.51      0.00      0.00     43.15
04:00:49 PM     all      8.89     49.26      3.52      0.00      0.00      0.00      0.58      0.00      0.00     37.75
04:00:50 PM     all     10.81     52.35      3.44      0.00      0.00      0.00      0.70      0.00      0.00     32.70
04:00:51 PM     all     10.29     54.31      4.03      0.00      0.00      0.00      0.58      0.00      0.00     30.80
04:00:52 PM     all     10.06     46.96      3.14      0.00      0.00      0.00      0.51      0.00      0.00     39.33
04:00:53 PM     all     10.44     55.93      3.65      0.00      0.00      0.00      0.64      0.00      0.00     29.34
04:00:54 PM     all     10.69     52.37      3.84      0.00      0.00      0.00      0.77      0.00      0.00     32.33
04:00:55 PM     all     10.22     59.24      4.06      0.00      0.00      0.00      0.57      0.00      0.00     25.90
04:00:56 PM     all     11.67     59.97      4.30      0.00      0.00      0.00      0.77      0.00      0.00     23.28
04:00:57 PM     all     11.89     56.65      4.41      0.00      0.00      0.00      0.64      0.00      0.00     26.41
04:00:58 PM     all     11.35     57.09      4.17      0.00      0.00      0.00      0.71      0.00      0.00     26.68
04:00:59 PM     all     11.60     56.12      4.16      0.00      0.00      0.00      0.64      0.00      0.00     27.48
04:01:00 PM     all     11.44     55.40      4.22      0.00      0.00      0.00      0.77      0.00      0.00     28.18
04:01:01 PM     all     12.86     49.65      5.28      0.06      0.00      0.00      0.57      0.00      0.00     31.57
04:01:02 PM     all     14.24     51.40      5.49      0.00      0.00      0.00      0.64      0.00      0.00     28.22
04:01:03 PM     all     11.49     44.32      3.26      0.00      0.00      0.00      0.45      0.00      0.00     40.49
04:01:04 PM     all     11.14     60.76      3.78      0.00      0.00      0.00      0.70      0.00      0.00     23.62
04:01:05 PM     all     11.05     55.14      4.47      0.00      0.00      0.00      0.70      0.00      0.00     28.63
04:01:06 PM     all     12.36     58.00      4.42      0.00      0.00      0.00      0.77      0.00      0.00     24.46
04:01:07 PM     all     10.34     45.12      3.57      0.06      0.00      0.00      0.38      0.00      0.00     40.52
04:01:08 PM     all     12.61     50.64      3.84      0.00      0.00      0.00      0.58      0.00      0.00     32.33
04:01:09 PM     all     11.00     54.67      4.22      0.00      0.00      0.00      0.70      0.00      0.00     29.41
04:01:10 PM     all     12.60     55.82      4.01      0.00      0.00      0.00      0.57      0.00      0.00     26.99
04:01:11 PM     all     11.27     57.46      4.29      0.00      0.00      0.00      0.58      0.00      0.00     26.39
04:01:12 PM     all     12.28     54.64      4.54      0.00      0.00      0.00      0.77      0.00      0.00     27.77
04:01:13 PM     all     10.36     58.03      4.16      0.00      0.00      0.00      0.70      0.00      0.00     26.74
04:01:14 PM     all      9.84     48.60      3.55      0.00      0.00      0.00      0.57      0.00      0.00     37.44
04:01:15 PM     all      8.26     44.60      2.73      0.00      0.00      0.00      0.44      0.00      0.00     43.96
04:01:16 PM     all     10.52     45.41      3.53      0.00      0.00      0.00      0.64      0.00      0.00     39.90
04:01:17 PM     all     11.15     50.96      4.10      0.00      0.00      0.00      0.71      0.00      0.00     33.08
04:01:18 PM     all     11.58     51.44      4.41      0.06      0.00      0.00      0.70      0.00      0.00     31.80
04:01:19 PM     all     10.39     61.38      3.63      0.00      0.00      0.00      0.51      0.00      0.00     24.09
04:01:20 PM     all     13.07     46.76      3.91      0.00      0.00      0.00      0.51      0.00      0.00     35.75
04:01:21 PM     all     16.34     55.52      4.72      0.00      0.00      0.00      0.83      0.00      0.00     22.59
04:01:22 PM     all      9.38     39.19      2.60      0.00      0.00      0.00      0.51      0.00      0.00     48.32
04:01:23 PM     all     12.29     51.09      4.95      0.13      0.00      0.00      0.71      0.00      0.00     30.82
04:01:24 PM     all     13.67     53.80      4.35      0.00      0.00      0.00      0.64      0.00      0.00     27.54
04:01:25 PM     all     15.63     60.37      4.66      0.00      0.00      0.00      0.70      0.00      0.00     18.63
04:01:26 PM     all     16.16     50.26      4.41      0.00      0.00      0.00      0.57      0.00      0.00     28.61
04:01:27 PM     all     13.03     50.71      4.24      0.00      0.00      0.00      0.64      0.00      0.00     31.39
04:01:28 PM     all     12.00     58.60      4.17      0.00      0.00      0.00      0.58      0.00      0.00     24.65
04:01:29 PM     all     10.49     56.30      3.97      0.00      0.00      0.00      0.58      0.00      0.00     28.66
04:01:30 PM     all     10.52     54.78      4.23      0.00      0.00      0.00      0.58      0.00      0.00     29.89
04:01:31 PM     all      9.35     44.59      3.46      0.00      0.00      0.00      0.51      0.00      0.00     42.09
04:01:32 PM     all     10.70     57.77      4.33      0.00      0.00      0.00      0.76      0.00      0.00     26.43
04:01:33 PM     all     10.14     40.05      3.12      0.00      0.00      0.00      0.51      0.00      0.00     46.17
04:01:34 PM     all     10.64     56.37      3.38      0.00      0.00      0.00      0.64      0.00      0.00     28.98
04:01:35 PM     all     11.16     50.67      4.43      0.00      0.00      0.00      0.64      0.00      0.00     33.10
04:01:36 PM     all     11.20     51.15      4.74      0.00      0.00      0.00      0.83      0.00      0.00     32.07
04:01:37 PM     all      9.80     58.74      3.72      0.00      0.00      0.00      0.58      0.00      0.00     27.16
04:01:38 PM     all     10.42     54.60      4.16      0.00      0.00      0.00      0.64      0.00      0.00     30.18
04:01:39 PM     all     10.66     53.61      3.96      0.00      0.00      0.00      0.70      0.00      0.00     31.08
04:01:40 PM     all     10.58     60.17      4.11      0.00      0.00      0.00      0.58      0.00      0.00     24.57
04:01:41 PM     all     15.75     48.72      3.57      0.00      0.00      0.00      0.64      0.00      0.00     31.31
04:01:42 PM     all      9.40     48.43      3.33      0.00      0.00      0.00      0.64      0.00      0.00     38.20
04:01:43 PM     all     11.08     54.39      3.78      0.00      0.00      0.00      0.64      0.00      0.00     30.11
04:01:44 PM     all     10.53     49.39      3.64      0.00      0.00      0.00      0.70      0.00      0.00     35.74
04:01:45 PM     all      9.32     49.23      3.47      0.00      0.00      0.00      0.58      0.00      0.00     37.40
04:01:46 PM     all      9.97     61.47      3.96      0.00      0.00      0.00      0.70      0.00      0.00     23.90
04:01:47 PM     all     11.31     57.20      4.31      0.00      0.00      0.00      0.77      0.00      0.00     26.41
04:01:48 PM     all     10.49     58.11      4.39      0.00      0.00      0.00      0.64      0.00      0.00     26.38
04:01:49 PM     all      7.96     47.87      2.93      0.00      0.00      0.00      0.57      0.00      0.00     40.67
04:01:50 PM     all     11.30     52.54      4.24      0.00      0.00      0.00      0.64      0.00      0.00     31.28
04:01:51 PM     all     10.99     51.99      4.82      0.00      0.00      0.00      0.64      0.00      0.00     31.56
04:01:52 PM     all      9.33     58.48      3.62      0.00      0.00      0.00      0.70      0.00      0.00     27.87
04:01:53 PM     all     11.06     54.99      4.13      0.00      0.00      0.00      0.70      0.00      0.00     29.12
04:01:54 PM     all     10.76     53.74      4.51      0.00      0.00      0.00      0.64      0.00      0.00     30.35
04:01:55 PM     all      9.83     59.00      4.15      0.13      0.00      0.00      0.64      0.00      0.00     26.25
04:01:56 PM     all     10.10     57.57      3.96      0.00      0.00      0.00      0.58      0.00      0.00     27.80
04:01:57 PM     all      7.49     42.83      2.60      0.00      0.00      0.00      0.70      0.00      0.00     46.38
04:01:58 PM     all      9.72     53.45      3.39      0.00      0.00      0.00      0.58      0.00      0.00     32.86
04:01:59 PM     all     10.50     51.98      4.23      0.00      0.00      0.00      0.58      0.00      0.00     32.71
04:02:00 PM     all      9.72     52.05      4.03      0.06      0.00      0.00      0.70      0.00      0.00     33.44
04:02:01 PM     all     10.23     61.03      4.31      0.00      0.00      0.00      0.64      0.00      0.00     23.79
04:02:02 PM     all     15.62     53.84      6.79      0.00      0.00      0.00      0.70      0.00      0.00     23.05
04:02:03 PM     all     15.09     50.38      6.20      0.00      0.00      0.00      0.70      0.00      0.00     27.62
04:02:04 PM     all     11.32     60.04      4.16      0.00      0.00      0.00      0.70      0.00      0.00     23.79
04:02:05 PM     all     12.36     52.27      3.91      0.00      0.00      0.00      0.77      0.00      0.00     30.69
04:02:06 PM     all     11.54     56.51      4.34      0.13      0.00      0.00      0.57      0.00      0.00     26.91
04:02:07 PM     all      9.15     52.78      3.20      0.00      0.00      0.00      0.70      0.00      0.00     34.17
04:02:08 PM     all     10.71     54.39      3.91      0.00      0.00      0.00      0.58      0.00      0.00     30.40
04:02:09 PM     all     12.92     50.10      4.29      0.00      0.00      0.00      0.70      0.00      0.00     31.99
04:02:10 PM     all     12.20     41.66      2.72      0.00      0.00      0.00      0.51      0.00      0.00     42.92
04:02:11 PM     all     10.17     56.05      3.77      0.00      0.00      0.00      0.77      0.00      0.00     29.24
04:02:12 PM     all     11.39     51.57      4.22      0.00      0.00      0.00      0.70      0.00      0.00     32.12
04:02:13 PM     all      9.96     54.92      3.70      0.00      0.00      0.00      0.64      0.00      0.00     30.78
04:02:14 PM     all     10.57     53.88      4.10      0.00      0.00      0.00      0.64      0.00      0.00     30.81
04:02:15 PM     all     11.04     58.07      4.59      0.00      0.00      0.00      0.77      0.00      0.00     25.53
04:02:16 PM     all     10.80     55.46      3.47      0.00      0.00      0.00      0.64      0.00      0.00     29.63
04:02:17 PM     all     10.24     49.24      3.75      0.00      0.00      0.00      0.64      0.00      0.00     36.13
04:02:18 PM     all     10.40     52.34      3.40      0.00      0.00      0.00      0.64      0.00      0.00     33.20
04:02:19 PM     all      8.91     49.01      3.44      0.00      0.00      0.00      0.51      0.00      0.00     38.13
04:02:20 PM     all     10.17     54.35      3.64      0.00      0.00      0.00      0.58      0.00      0.00     31.27
04:02:21 PM     all     10.98     46.05      3.92      0.13      0.00      0.00      0.51      0.00      0.00     38.41
04:02:22 PM     all     10.34     51.89      3.60      0.00      0.00      0.00      0.45      0.00      0.00     33.72
04:02:23 PM     all     11.58     53.81      4.35      0.00      0.00      0.00      0.77      0.00      0.00     29.49
04:02:24 PM     all     11.64     50.61      4.41      0.00      0.00      0.00      0.64      0.00      0.00     32.69
04:02:25 PM     all     13.35     55.39      4.43      0.00      0.00      0.00      0.58      0.00      0.00     26.25
04:02:26 PM     all     17.37     46.18      4.20      0.13      0.00      0.00      0.70      0.00      0.00     31.42
04:02:27 PM     all     15.89     41.64      3.81      0.00      0.00      0.00      0.70      0.00      0.00     37.95
04:02:28 PM     all     11.02     60.79      3.84      0.00      0.00      0.00      0.58      0.00      0.00     23.77
04:02:29 PM     all     12.32     52.58      4.34      0.00      0.00      0.00      0.70      0.00      0.00     30.06
04:02:30 PM     all     10.84     51.64      4.17      0.00      0.00      0.00      0.64      0.00      0.00     32.71
04:02:31 PM     all     11.08     47.61      3.06      0.06      0.00      0.00      0.45      0.00      0.00     37.75
04:02:32 PM     all     11.98     55.54      4.74      0.00      0.00      0.00      0.58      0.00      0.00     27.16
04:02:33 PM     all     11.42     54.21      3.89      0.00      0.00      0.00      0.57      0.00      0.00     29.91
04:02:34 PM     all     10.78     61.33      4.34      0.00      0.00      0.00      0.64      0.00      0.00     22.91
04:02:35 PM     all      9.99     54.99      3.39      0.00      0.00      0.00      0.83      0.00      0.00     30.79
04:02:36 PM     all     10.42     60.13      4.09      0.00      0.00      0.00      0.58      0.00      0.00     24.79
04:02:37 PM     all      9.31     43.34      3.19      0.19      0.00      0.00      0.38      0.00      0.00     43.59
04:02:38 PM     all     10.83     55.41      4.04      0.00      0.00      0.00      0.70      0.00      0.00     29.02
04:02:39 PM     all     10.88     52.53      4.35      0.00      0.00      0.00      0.58      0.00      0.00     31.67
04:02:40 PM     all     13.23     58.02      4.52      0.00      0.00      0.00      0.64      0.00      0.00     23.60
04:02:41 PM     all     18.96     51.12      4.74      0.00      0.00      0.00      0.64      0.00      0.00     24.54
04:02:42 PM     all     14.64     48.21      4.54      0.06      0.00      0.00      0.64      0.00      0.00     31.91
04:02:43 PM     all     10.18     59.67      4.29      0.19      0.00      0.00      0.64      0.00      0.00     25.03
04:02:44 PM     all     11.17     50.70      4.15      0.06      0.00      0.00      0.64      0.00      0.00     33.27
04:02:45 PM     all      8.98     47.42      3.12      0.00      0.00      0.00      0.57      0.00      0.00     39.91
04:02:46 PM     all      9.33     51.50      3.32      0.00      0.00      0.00      0.51      0.00      0.00     35.34
04:02:47 PM     all     11.05     52.68      3.32      0.00      0.00      0.00      0.70      0.00      0.00     32.25
04:02:48 PM     all      9.82     50.73      3.31      0.00      0.00      0.00      0.64      0.00      0.00     35.50
04:02:49 PM     all     10.13     44.87      3.59      0.00      0.00      0.00      0.45      0.00      0.00     40.96
04:02:50 PM     all      9.47     47.09      3.58      0.13      0.00      0.00      0.58      0.00      0.00     39.16
04:02:51 PM     all     11.97     52.56      4.67      0.00      0.00      0.00      0.64      0.00      0.00     30.15
04:02:52 PM     all     11.00     62.98      4.35      0.00      0.00      0.00      0.51      0.00      0.00     21.16
04:02:53 PM     all     11.48     55.90      4.45      0.00      0.00      0.00      0.58      0.00      0.00     27.60
04:02:54 PM     all     11.75     53.63      5.07      0.00      0.00      0.00      0.64      0.00      0.00     28.90
04:02:55 PM     all      8.66     56.46      2.99      0.06      0.00      0.00      0.64      0.00      0.00     31.19
04:02:56 PM     all      9.80     54.81      3.82      0.00      0.00      0.00      0.64      0.00      0.00     30.94
04:02:57 PM     all     10.48     57.81      5.02      0.00      0.00      0.00      0.90      0.00      0.00     25.79
04:02:58 PM     all      7.45     45.61      2.91      0.00      0.00      0.00      0.51      0.00      0.00     43.52
04:02:59 PM     all      9.69     47.88      3.67      0.00      0.00      0.00      0.57      0.00      0.00     38.19
04:03:00 PM     all      9.66     52.89      3.62      0.00      0.00      0.00      0.64      0.00      0.00     33.18
04:03:01 PM     all      9.01     47.78      2.83      0.00      0.00      0.00      0.52      0.00      0.00     39.86
04:03:02 PM     all     21.68     47.95      7.23      0.00      0.00      0.00      0.70      0.00      0.00     22.44
04:03:03 PM     all     15.96     52.18      6.54      0.00      0.00      0.00      0.64      0.00      0.00     24.68
04:03:04 PM     all     10.03     58.59      4.41      0.00      0.00      0.00      0.64      0.00      0.00     26.33
04:03:05 PM     all     14.39     52.71      5.16      0.00      0.00      0.00      0.64      0.00      0.00     27.12
04:03:06 PM     all     11.81     53.70      4.15      0.06      0.00      0.00      0.70      0.00      0.00     29.57
04:03:07 PM     all      9.09     53.53      3.69      0.00      0.00      0.00      0.51      0.00      0.00     33.18
04:03:08 PM     all     11.21     54.26      4.10      0.00      0.00      0.00      0.64      0.00      0.00     29.79
04:03:09 PM     all     10.92     51.25      4.30      0.00      0.00      0.00      0.64      0.00      0.00     32.88
04:03:10 PM     all     10.71     57.79      4.68      0.00      0.00      0.00      0.45      0.00      0.00     26.36
04:03:11 PM     all     10.86     54.32      3.88      0.00      0.00      0.00      0.70      0.00      0.00     30.24
04:03:12 PM     all     10.06     54.29      4.23      0.06      0.00      0.00      0.64      0.00      0.00     30.71
04:03:13 PM     all      9.75     42.14      3.14      0.00      0.00      0.00      0.38      0.00      0.00     44.58
04:03:14 PM     all      9.50     45.57      3.44      0.00      0.00      0.00      0.57      0.00      0.00     40.92
04:03:15 PM     all     11.30     56.52      3.47      0.00      0.00      0.00      0.64      0.00      0.00     28.07
04:03:16 PM     all     11.68     57.95      3.83      0.00      0.00      0.00      0.51      0.00      0.00     26.04
04:03:17 PM     all     10.59     49.74      3.85      0.06      0.00      0.00      0.58      0.00      0.00     35.17
04:03:18 PM     all      9.40     45.04      3.39      0.00      0.00      0.00      0.64      0.00      0.00     41.52
04:03:19 PM     all     10.21     58.58      3.64      0.00      0.00      0.00      0.64      0.00      0.00     26.93
04:03:20 PM     all     11.27     54.23      4.16      0.00      0.00      0.00      0.64      0.00      0.00     29.71
04:03:21 PM     all     10.57     46.62      3.68      0.00      0.00      0.00      0.58      0.00      0.00     38.56
04:03:22 PM     all     10.58     58.57      4.08      0.13      0.00      0.00      0.64      0.00      0.00     26.00
04:03:23 PM     all     10.96     56.37      4.33      0.00      0.00      0.00      0.76      0.00      0.00     27.58
04:03:24 PM     all     12.79     52.24      4.35      0.00      0.00      0.00      0.77      0.00      0.00     29.86
04:03:25 PM     all     10.48     60.89      3.83      0.00      0.00      0.00      0.58      0.00      0.00     24.22
04:03:26 PM     all      9.17     44.78      3.38      0.00      0.00      0.00      0.51      0.00      0.00     42.17
04:03:27 PM     all      9.28     48.72      3.07      0.00      0.00      0.00      0.77      0.00      0.00     38.16
04:03:28 PM     all     10.54     57.70      4.54      0.06      0.00      0.00      0.58      0.00      0.00     26.58
04:03:29 PM     all     10.25     59.26      3.84      0.00      0.00      0.00      0.64      0.00      0.00     26.01

Average:        all     11.04     52.24      3.96      0.01      0.00      0.00      0.62      0.00      0.00     32.13
