Linux 7.0.0-15-generic (bruker-ThinkPad-P14s-Gen-3) 	05/18/2026 	_x86_64_	(16 CPU)

01:46:22 PM     CPU      %usr     %nice      %sys   %iowait    %steal      %irq     %soft    %guest    %gnice     %idle
01:46:23 PM     all      4.79      0.00      1.32      0.00      0.00      0.00      0.13      0.00      0.00     93.75
01:46:24 PM     all      4.51      0.00      0.63      0.00      0.00      0.00      0.06      0.00      0.00     94.80
01:46:25 PM     all      5.70      0.00      1.01      0.00      0.00      0.00      0.19      0.00      0.00     93.09
01:46:26 PM     all      4.63      0.00      0.89      0.00      0.00      0.00      0.06      0.00      0.00     94.42
01:46:27 PM     all      5.35      0.00      0.63      0.00      0.00      0.00      0.19      0.00      0.00     93.83
01:46:28 PM     all      5.52      0.00      0.69      0.13      0.00      0.00      0.06      0.00      0.00     93.60
01:46:29 PM     all      5.37      0.00      0.63      0.00      0.00      0.00      0.13      0.00      0.00     93.88
01:46:30 PM     all      4.87      0.00      0.57      0.00      0.00      0.00      0.13      0.00      0.00     94.44
01:46:31 PM     all      5.48      0.00      0.69      0.00      0.00      0.00      0.25      0.00      0.00     93.57
01:46:32 PM     all      4.55      0.00      0.82      0.00      0.00      0.00      0.06      0.00      0.00     94.56
01:46:33 PM     all      4.63      0.00      0.70      0.19      0.00      0.00      0.19      0.00      0.00     94.29
01:46:34 PM     all      4.25      0.00      0.51      0.00      0.00      0.00      0.13      0.00      0.00     95.12
01:46:35 PM     all      5.18      0.00      0.63      0.00      0.00      0.00      0.06      0.00      0.00     94.13
01:46:36 PM     all      5.30      0.00      0.38      0.06      0.00      0.00      0.13      0.00      0.00     94.14
01:46:37 PM     all      5.29      0.00      0.82      0.00      0.00      0.00      0.25      0.00      0.00     93.64
01:46:38 PM     all      4.19      0.00      0.57      0.13      0.00      0.00      0.13      0.00      0.00     94.99
01:46:39 PM     all      5.01      0.00      0.38      0.00      0.00      0.00      0.06      0.00      0.00     94.54
01:46:40 PM     all      4.80      0.00      0.44      0.00      0.00      0.00      0.06      0.00      0.00     94.69
01:46:41 PM     all      5.18      0.00      0.57      0.00      0.00      0.00      0.19      0.00      0.00     94.06
01:46:42 PM     all      4.80      0.00      0.63      0.00      0.00      0.00      0.06      0.00      0.00     94.51
01:46:43 PM     all      5.67      0.00      0.76      0.13      0.00      0.00      0.25      0.00      0.00     93.19
01:46:44 PM     all      4.38      0.00      0.63      0.00      0.00      0.00      0.00      0.00      0.00     94.99
01:46:45 PM     all      5.36      0.00      0.63      0.00      0.00      0.00      0.19      0.00      0.00     93.82
01:46:46 PM     all      4.99      0.00      0.51      0.00      0.00      0.00      0.13      0.00      0.00     94.38
01:46:47 PM     all      5.20      0.00      1.08      0.00      0.00      0.00      0.06      0.00      0.00     93.66
01:46:48 PM     all      4.74      0.00      0.51      0.13      0.00      0.00      0.13      0.00      0.00     94.50
01:46:49 PM     all      5.50      0.00      0.63      0.00      0.00      0.00      0.13      0.00      0.00     93.75
01:46:50 PM     all      4.78      0.00      0.75      0.00      0.00      0.00      0.19      0.00      0.00     94.28
01:46:51 PM     all      4.82      0.00      0.63      0.13      0.00      0.00      0.19      0.00      0.00     94.23
01:46:52 PM     all      5.10      0.00      0.57      0.00      0.00      0.00      0.19      0.00      0.00     94.14
01:46:53 PM     all      5.46      0.00      0.82      0.13      0.00      0.00      0.13      0.00      0.00     93.47
01:46:54 PM     all      4.88      0.00      0.19      0.00      0.00      0.00      0.19      0.00      0.00     94.74
01:46:55 PM     all      5.09      0.00      0.75      0.00      0.00      0.00      0.25      0.00      0.00     93.90
01:46:56 PM     all      5.09      0.00      0.63      0.00      0.00      0.00      0.06      0.00      0.00     94.21
01:46:57 PM     all      5.19      0.00      0.63      0.00      0.00      0.00      0.06      0.00      0.00     94.11
01:46:58 PM     all      4.26      0.00      0.45      0.13      0.00      0.00      0.06      0.00      0.00     95.10
01:46:59 PM     all      4.99      0.00      0.63      0.00      0.00      0.00      0.13      0.00      0.00     94.25
01:47:00 PM     all      4.78      0.00      0.88      0.00      0.00      0.00      0.06      0.00      0.00     94.27
01:47:01 PM     all      4.99      0.00      0.95      0.00      0.00      0.00      0.13      0.00      0.00     93.93
01:47:02 PM     all      5.06      0.00      1.52      0.00      0.00      0.00      0.06      0.00      0.00     93.35
01:47:03 PM     all      1.83      0.00      0.38      0.06      0.00      0.00      0.00      0.00      0.00     97.73
01:47:04 PM     all      1.76      0.00      0.50      0.00      0.00      0.00      0.06      0.00      0.00     97.68
01:47:05 PM     all      1.89      0.00      0.19      0.00      0.00      0.00      0.06      0.00      0.00     97.86
01:47:06 PM     all      1.64      0.00      0.25      0.00      0.00      0.00      0.00      0.00      0.00     98.11
01:47:07 PM     all      1.88      0.00      0.38      0.00      0.00      0.00      0.06      0.00      0.00     97.68
01:47:08 PM     all      1.70      0.00      0.19      0.00      0.00      0.00      0.00      0.00      0.00     98.11
01:47:09 PM     all      1.45      0.00      0.44      0.13      0.00      0.00      0.00      0.00      0.00     97.98
01:47:10 PM     all      1.39      0.00      0.19      0.00      0.00      0.00      0.00      0.00      0.00     98.42
01:47:11 PM     all      2.01      0.00      0.31      0.00      0.00      0.00      0.00      0.00      0.00     97.68
01:47:12 PM     all      1.83      0.00      0.38      0.00      0.00      0.00      0.06      0.00      0.00     97.73
01:47:13 PM     all      2.01      0.00      0.25      0.00      0.00      0.00      0.00      0.00      0.00     97.74
01:47:14 PM     all      1.45      0.00      0.25      0.13      0.00      0.00      0.06      0.00      0.00     98.11
01:47:15 PM     all      1.39      0.00      0.38      0.00      0.00      0.00      0.00      0.00      0.00     98.23
01:47:16 PM     all      1.63      0.00      0.25      0.00      0.00      0.00      0.00      0.00      0.00     98.11
01:47:17 PM     all      2.20      0.00      0.19      0.00      0.00      0.00      0.06      0.00      0.00     97.55
01:47:18 PM     all      1.82      0.00      0.31      0.00      0.00      0.00      0.00      0.00      0.00     97.86
01:47:19 PM     all      1.70      0.00      0.19      0.19      0.00      0.00      0.06      0.00      0.00     97.86
01:47:20 PM     all      1.45      0.00      0.44      0.00      0.00      0.00      0.00      0.00      0.00     98.11
01:47:21 PM     all      1.70      0.00      0.25      0.00      0.00      0.00      0.00      0.00      0.00     98.05
01:47:22 PM     all      1.75      0.00      0.31      0.00      0.00      0.00      0.06      0.00      0.00     97.87
01:47:23 PM     all      1.58      0.00      0.19      0.00      0.00      0.00      0.00      0.00      0.00     98.23
01:47:24 PM     all      1.45      0.00      0.38      0.06      0.00      0.00      0.00      0.00      0.00     98.11
01:47:25 PM     all      1.58      0.00      0.13      0.00      0.00      0.00      0.06      0.00      0.00     98.24
01:47:26 PM     all      1.33      0.00      0.38      0.00      0.00      0.00      0.00      0.00      0.00     98.30
01:47:27 PM     all      1.70      0.00      0.25      0.00      0.00      0.00      0.00      0.00      0.00     98.05
01:47:28 PM     all      1.70      0.00      0.31      0.00      0.00      0.00      0.00      0.00      0.00     97.99
01:47:29 PM     all      1.64      0.00      0.13      0.13      0.00      0.00      0.06      0.00      0.00     98.05
01:47:30 PM     all      1.76      0.00      0.31      0.00      0.00      0.00      0.00      0.00      0.00     97.93
01:47:31 PM     all      1.82      0.00      0.19      0.00      0.00      0.00      0.13      0.00      0.00     97.86
01:47:32 PM     all      1.82      0.00      0.38      0.06      0.00      0.00      0.00      0.00      0.00     97.74
01:47:33 PM     all      1.76      0.00      0.44      0.00      0.00      0.00      0.00      0.00      0.00     97.80
01:47:34 PM     all      4.09      0.00      0.31      0.00      0.00      0.00      0.00      0.00      0.00     95.60
01:47:35 PM     all      1.45      0.00      0.19      0.00      0.00      0.00      0.06      0.00      0.00     98.30
01:47:36 PM     all      1.51      0.00      0.31      0.00      0.00      0.00      0.00      0.00      0.00     98.18
01:47:37 PM     all      1.89      0.00      0.19      0.00      0.00      0.00      0.00      0.00      0.00     97.92
01:47:38 PM     all      1.64      0.00      0.32      0.00      0.00      0.00      0.00      0.00      0.00     98.05
01:47:39 PM     all      1.89      0.00      0.13      0.00      0.00      0.00      0.00      0.00      0.00     97.99
01:47:40 PM     all      1.45      0.00      0.25      0.13      0.00      0.00      0.06      0.00      0.00     98.11
01:47:41 PM     all      1.70      0.00      0.38      0.00      0.00      0.00      0.00      0.00      0.00     97.92
01:47:42 PM     all      1.32      0.00      0.13      0.00      0.00      0.00      0.06      0.00      0.00     98.49
01:47:43 PM     all      1.95      0.00      0.25      0.00      0.00      0.00      0.06      0.00      0.00     97.74
01:47:44 PM     all      1.57      0.00      0.25      0.00      0.00      0.00      0.00      0.00      0.00     98.18
01:47:45 PM     all      1.82      0.00      0.38      0.06      0.00      0.00      0.06      0.00      0.00     97.67
01:47:46 PM     all      2.20      0.00      0.57      0.00      0.00      0.00      0.06      0.00      0.00     97.17
01:47:47 PM     all      2.20      0.00      0.75      0.00      0.00      0.00      0.06      0.00      0.00     96.98
01:47:48 PM     all      1.70      0.00      0.32      0.00      0.00      0.00      0.00      0.00      0.00     97.98
01:47:49 PM     all      2.20      0.00      0.31      0.00      0.00      0.00      0.00      0.00      0.00     97.49
01:47:50 PM     all      1.39      0.00      0.50      0.19      0.00      0.00      0.00      0.00      0.00     97.92
01:47:51 PM     all      1.26      0.00      0.19      0.00      0.00      0.00      0.06      0.00      0.00     98.48
01:47:52 PM     all      1.82      0.00      0.31      0.00      0.00      0.00      0.00      0.00      0.00     97.86
01:47:53 PM     all      2.07      0.00      0.19      0.00      0.00      0.00      0.00      0.00      0.00     97.74
01:47:54 PM     all      1.70      0.00      0.25      0.00      0.00      0.00      0.00      0.00      0.00     98.05
01:47:55 PM     all      1.95      0.00      0.31      0.06      0.00      0.00      0.06      0.00      0.00     97.61
01:47:56 PM     all      1.57      0.00      0.31      0.00      0.00      0.00      0.00      0.00      0.00     98.11
01:47:57 PM     all      1.88      0.00      0.31      0.00      0.00      0.00      0.00      0.00      0.00     97.80
01:47:58 PM     all      1.89      0.00      0.38      0.00      0.00      0.00      0.00      0.00      0.00     97.73
01:47:59 PM     all      1.57      0.00      0.13      0.00      0.00      0.00      0.06      0.00      0.00     98.24
01:48:00 PM     all      1.70      0.00      0.19      0.00      0.00      0.00      0.06      0.00      0.00     98.05
01:48:01 PM     all      1.57      0.00      0.44      0.13      0.00      0.00      0.00      0.00      0.00     97.86
01:48:02 PM     all      3.47      0.00      1.26      0.00      0.00      0.00      0.00      0.00      0.00     95.27
01:48:03 PM     all      2.01      0.00      0.38      0.00      0.00      0.00      0.00      0.00      0.00     97.61
01:48:04 PM     all      1.45      0.00      0.31      0.06      0.00      0.00      0.06      0.00      0.00     98.11
01:48:05 PM     all      1.76      0.00      0.38      0.00      0.00      0.00      0.00      0.00      0.00     97.86
01:48:06 PM     all      1.51      0.00      0.38      0.13      0.00      0.00      0.00      0.00      0.00     97.99
01:48:07 PM     all      1.39      0.00      0.32      0.13      0.00      0.00      0.13      0.00      0.00     98.04
01:48:08 PM     all      1.76      0.00      0.25      0.00      0.00      0.00      0.00      0.00      0.00     97.99
01:48:09 PM     all      1.76      0.00      0.50      0.00      0.00      0.00      0.00      0.00      0.00     97.73
01:48:10 PM     all      1.64      0.00      0.19      0.00      0.00      0.00      0.00      0.00      0.00     98.17
01:48:11 PM     all      1.94      0.00      0.38      0.00      0.00      0.00      0.06      0.00      0.00     97.62
01:48:12 PM     all      1.51      0.00      0.19      0.13      0.00      0.00      0.06      0.00      0.00     98.11
01:48:13 PM     all      1.94      0.00      0.50      0.00      0.00      0.00      0.00      0.00      0.00     97.55
01:48:14 PM     all      1.45      0.00      0.19      0.00      0.00      0.00      0.00      0.00      0.00     98.36
01:48:15 PM     all      1.95      0.00      0.25      0.00      0.00      0.00      0.06      0.00      0.00     97.74
01:48:16 PM     all      1.76      0.00      0.38      0.00      0.00      0.00      0.00      0.00      0.00     97.86
01:48:17 PM     all      1.70      0.00      0.06      0.06      0.00      0.00      0.06      0.00      0.00     98.11
01:48:18 PM     all      1.51      0.00      0.38      0.06      0.00      0.00      0.06      0.00      0.00     97.99
01:48:19 PM     all      1.88      0.00      0.25      0.00      0.00      0.00      0.06      0.00      0.00     97.80
01:48:20 PM     all      1.70      0.00      0.38      0.00      0.00      0.00      0.06      0.00      0.00     97.86
01:48:21 PM     all      1.45      0.00      0.13      0.06      0.00      0.00      0.06      0.00      0.00     98.30
01:48:22 PM     all      1.45      0.00      0.44      0.00      0.00      0.00      0.00      0.00      0.00     98.11
01:48:23 PM     all      1.88      0.00      0.38      0.13      0.00      0.00      0.00      0.00      0.00     97.61
01:48:24 PM     all      1.94      0.00      0.19      0.00      0.00      0.00      0.00      0.00      0.00     97.87
01:48:25 PM     all      1.76      0.00      0.31      0.00      0.00      0.00      0.00      0.00      0.00     97.92
01:48:26 PM     all      1.51      0.00      0.25      0.00      0.00      0.00      0.06      0.00      0.00     98.17
01:48:27 PM     all      1.26      0.00      0.50      0.00      0.00      0.00      0.00      0.00      0.00     98.24
01:48:28 PM     all      2.01      0.00      0.19      0.06      0.00      0.00      0.00      0.00      0.00     97.74
01:48:29 PM     all      1.89      0.00      0.31      0.00      0.00      0.00      0.00      0.00      0.00     97.80
01:48:30 PM     all      1.39      0.00      0.25      0.00      0.00      0.00      0.00      0.00      0.00     98.36
01:48:31 PM     all      1.77      0.00      0.32      0.00      0.00      0.00      0.13      0.00      0.00     97.79
01:48:32 PM     all      1.77      0.00      0.63      0.00      0.00      0.00      0.00      0.00      0.00     97.60
01:48:33 PM     all      1.70      0.00      0.25      0.00      0.00      0.00      0.00      0.00      0.00     98.05
01:48:34 PM     all      1.95      0.00      0.19      0.13      0.00      0.00      0.06      0.00      0.00     97.68
01:48:35 PM     all      1.58      0.00      0.25      0.00      0.00      0.00      0.00      0.00      0.00     98.17
01:48:36 PM     all      1.82      0.00      0.31      0.00      0.00      0.00      0.00      0.00      0.00     97.87
01:48:37 PM     all      1.20      0.00      0.25      0.00      0.00      0.00      0.06      0.00      0.00     98.48
01:48:38 PM     all      1.58      0.00      0.19      0.00      0.00      0.00      0.00      0.00      0.00     98.23
01:48:39 PM     all      1.70      0.00      0.25      0.06      0.00      0.00      0.00      0.00      0.00     97.98
01:48:40 PM     all      1.82      0.00      0.25      0.00      0.00      0.00      0.00      0.00      0.00     97.93
01:48:41 PM     all      1.76      0.00      0.25      0.00      0.00      0.00      0.00      0.00      0.00     97.99
01:48:42 PM     all      1.45      0.00      0.31      0.00      0.00      0.00      0.00      0.00      0.00     98.24
01:48:43 PM     all      1.33      0.00      0.25      0.00      0.00      0.00      0.06      0.00      0.00     98.36
01:48:44 PM     all      2.25      0.00      0.38      0.12      0.00      0.00      0.00      0.00      0.00     97.25
01:48:45 PM     all      3.85      0.00      0.25      0.00      0.00      0.00      0.00      0.00      0.00     95.89
01:48:46 PM     all      1.32      0.00      0.38      0.00      0.00      0.00      0.13      0.00      0.00     98.17
01:48:47 PM     all      1.70      0.00      0.13      0.00      0.00      0.00      0.00      0.00      0.00     98.17
01:48:48 PM     all      1.82      0.00      0.13      0.00      0.00      0.00      0.06      0.00      0.00     97.99
01:48:49 PM     all      1.89      0.00      0.50      0.00      0.00      0.00      0.00      0.00      0.00     97.61
01:48:50 PM     all      1.32      0.00      0.44      0.13      0.00      0.00      0.00      0.00      0.00     98.11
01:48:51 PM     all      1.39      0.00      0.25      0.00      0.00      0.00      0.06      0.00      0.00     98.30
01:48:52 PM     all      1.57      0.00      0.13      0.00      0.00      0.00      0.00      0.00      0.00     98.30
01:48:53 PM     all      1.89      0.00      0.25      0.00      0.00      0.00      0.06      0.00      0.00     97.80
01:48:54 PM     all      1.82      0.00      0.44      0.00      0.00      0.00      0.06      0.00      0.00     97.68
01:48:55 PM     all      1.95      0.00      0.19      0.06      0.00      0.00      0.06      0.00      0.00     97.73
01:48:56 PM     all      1.01      0.00      0.38      0.00      0.00      0.00      0.06      0.00      0.00     98.55
01:48:57 PM     all      1.95      0.00      0.25      0.06      0.00      0.00      0.00      0.00      0.00     97.74
01:48:58 PM     all      1.51      0.00      0.38      0.00      0.00      0.00      0.06      0.00      0.00     98.05
01:48:59 PM     all      1.76      0.00      0.25      0.00      0.00      0.00      0.00      0.00      0.00     97.99
01:49:00 PM     all      1.45      0.00      0.25      0.06      0.00      0.00      0.00      0.00      0.00     98.24
01:49:01 PM     all      1.70      0.00      0.38      0.31      0.00      0.00      0.00      0.00      0.00     97.61
01:49:02 PM     all      3.70      0.00      1.38      0.00      0.00      0.00      0.06      0.00      0.00     94.86
01:49:03 PM     all      1.70      0.00      0.25      0.00      0.00      0.00      0.06      0.00      0.00     97.99
01:49:04 PM     all      1.63      0.00      0.38      0.00      0.00      0.00      0.00      0.00      0.00     97.99
01:49:05 PM     all      2.02      0.00      0.38      0.00      0.00      0.00      0.06      0.00      0.00     97.54
01:49:06 PM     all      1.70      0.00      0.19      0.00      0.00      0.00      0.00      0.00      0.00     98.11
01:49:07 PM     all      1.58      0.00      0.19      0.06      0.00      0.00      0.00      0.00      0.00     98.17
01:49:08 PM     all      1.45      0.00      0.32      0.00      0.00      0.00      0.00      0.00      0.00     98.24
01:49:09 PM     all      1.88      0.00      0.38      0.00      0.00      0.00      0.06      0.00      0.00     97.68
01:49:10 PM     all      1.70      0.00      0.32      0.00      0.00      0.00      0.00      0.00      0.00     97.98
01:49:11 PM     all      1.70      0.00      0.25      0.00      0.00      0.00      0.06      0.00      0.00     97.99
01:49:12 PM     all      1.76      0.00      0.31      0.13      0.00      0.00      0.06      0.00      0.00     97.74
01:49:13 PM     all      1.70      0.00      0.38      0.00      0.00      0.00      0.06      0.00      0.00     97.86
01:49:14 PM     all      1.58      0.00      0.13      0.00      0.00      0.00      0.00      0.00      0.00     98.30
01:49:15 PM     all      2.19      0.00      0.44      0.00      0.00      0.00      0.00      0.00      0.00     97.37
01:49:16 PM     all      1.76      0.00      0.38      0.06      0.00      0.00      0.06      0.00      0.00     97.74
01:49:17 PM     all      1.83      0.00      0.13      0.13      0.00      0.00      0.00      0.00      0.00     97.92
01:49:18 PM     all      1.39      0.00      0.25      0.00      0.00      0.00      0.00      0.00      0.00     98.36
01:49:19 PM     all      1.82      0.00      0.31      0.00      0.00      0.00      0.00      0.00      0.00     97.86
01:49:20 PM     all      1.76      0.00      0.25      0.00      0.00      0.00      0.06      0.00      0.00     97.92
01:49:21 PM     all      2.01      0.00      0.19      0.00      0.00      0.00      0.00      0.00      0.00     97.80
01:49:22 PM     all      1.45      0.00      0.44      0.19      0.00      0.00      0.13      0.00      0.00     97.80
01:49:23 PM     all      1.95      0.00      0.19      0.00      0.00      0.00      0.00      0.00      0.00     97.86
01:49:24 PM     all      1.32      0.00      0.32      0.00      0.00      0.00      0.00      0.00      0.00     98.36
01:49:25 PM     all      1.89      0.00      0.19      0.00      0.00      0.00      0.00      0.00      0.00     97.92
01:49:26 PM     all      1.76      0.00      0.38      0.00      0.00      0.00      0.06      0.00      0.00     97.80
01:49:27 PM     all      1.70      0.00      0.63      0.06      0.00      0.00      0.00      0.00      0.00     97.61
01:49:28 PM     all      1.26      0.00      0.19      0.00      0.00      0.00      0.00      0.00      0.00     98.55
01:49:29 PM     all      1.70      0.00      0.19      0.00      0.00      0.00      0.00      0.00      0.00     98.11
01:49:30 PM     all      1.95      0.00      0.31      0.00      0.00      0.00      0.13      0.00      0.00     97.61
01:49:31 PM     all      1.96      0.00      0.25      0.00      0.00      0.00      0.00      0.00      0.00     97.79
01:49:32 PM     all      1.64      0.00      0.25      0.13      0.00      0.00      0.00      0.00      0.00     97.99
01:49:33 PM     all      1.89      0.00      0.25      0.13      0.00      0.00      0.00      0.00      0.00     97.74
01:49:34 PM     all      1.32      0.00      0.38      0.00      0.00      0.00      0.00      0.00      0.00     98.30
01:49:35 PM     all      1.70      0.00      0.38      0.00      0.00      0.00      0.06      0.00      0.00     97.86
01:49:36 PM     all      2.01      0.00      0.25      0.06      0.00      0.00      0.00      0.00      0.00     97.68
01:49:37 PM     all      1.45      0.00      0.25      0.13      0.00      0.00      0.00      0.00      0.00     98.17
01:49:38 PM     all      1.57      0.00      0.25      0.00      0.00      0.00      0.06      0.00      0.00     98.12
01:49:39 PM     all      2.26      0.00      0.25      0.00      0.00      0.00      0.00      0.00      0.00     97.49
01:49:40 PM     all      1.76      0.00      0.31      0.00      0.00      0.00      0.06      0.00      0.00     97.86
01:49:41 PM     all      1.64      0.00      0.19      0.00      0.00      0.00      0.00      0.00      0.00     98.17
01:49:42 PM     all      1.57      0.00      0.31      0.00      0.00      0.00      0.06      0.00      0.00     98.05
01:49:43 PM     all      1.57      0.00      0.44      0.13      0.00      0.00      0.00      0.00      0.00     97.86
01:49:44 PM     all      1.57      0.00      0.19      0.00      0.00      0.00      0.06      0.00      0.00     98.17
01:49:45 PM     all      2.25      0.00      0.38      0.00      0.00      0.00      0.06      0.00      0.00     97.31
01:49:46 PM     all      1.51      0.00      0.25      0.00      0.00      0.00      0.06      0.00      0.00     98.17
01:49:47 PM     all      1.70      0.00      0.31      0.00      0.00      0.00      0.06      0.00      0.00     97.92
01:49:48 PM     all      1.58      0.00      0.13      0.06      0.00      0.00      0.06      0.00      0.00     98.17
01:49:49 PM     all      1.94      0.00      0.31      0.00      0.00      0.00      0.00      0.00      0.00     97.74
01:49:50 PM     all      1.58      0.00      0.25      0.00      0.00      0.00      0.00      0.00      0.00     98.17
01:49:51 PM     all      1.57      0.00      0.31      0.00      0.00      0.00      0.00      0.00      0.00     98.11
01:49:52 PM     all      1.32      0.00      0.25      0.00      0.00      0.00      0.00      0.00      0.00     98.42
01:49:53 PM     all      2.07      0.00      0.25      0.06      0.00      0.00      0.06      0.00      0.00     97.55
01:49:54 PM     all      1.45      0.00      0.32      0.13      0.00      0.00      0.00      0.00      0.00     98.10
01:49:55 PM     all      4.10      0.00      0.25      0.00      0.00      0.00      0.00      0.00      0.00     95.65
01:49:56 PM     all      1.45      0.00      0.44      0.00      0.00      0.00      0.06      0.00      0.00     98.05
01:49:57 PM     all      2.01      0.00      0.25      0.00      0.00      0.00      0.06      0.00      0.00     97.68
01:49:58 PM     all      1.45      0.00      0.31      0.00      0.00      0.00      0.00      0.00      0.00     98.24
01:49:59 PM     all      1.52      0.00      0.13      0.13      0.00      0.00      0.00      0.00      0.00     98.23
01:50:00 PM     all      1.57      0.00      0.25      0.00      0.00      0.00      0.06      0.00      0.00     98.11
01:50:01 PM     all      2.02      0.00      0.25      0.00      0.00      0.00      0.00      0.00      0.00     97.73
01:50:02 PM     all      1.44      0.00      0.38      0.00      0.00      0.00      0.06      0.00      0.00     98.12
01:50:03 PM     all      1.64      0.00      0.06      0.13      0.00      0.00      0.00      0.00      0.00     98.17
01:50:04 PM     all      3.83      0.00      1.38      0.00      0.00      0.00      0.00      0.00      0.00     94.79
01:50:05 PM     all      2.01      0.00      0.19      0.00      0.00      0.00      0.06      0.00      0.00     97.74
01:50:06 PM     all      1.51      0.00      0.38      0.06      0.00      0.00      0.00      0.00      0.00     98.04
01:50:07 PM     all      1.64      0.00      0.44      0.00      0.00      0.00      0.00      0.00      0.00     97.92
01:50:08 PM     all      1.76      0.00      0.25      0.00      0.00      0.00      0.00      0.00      0.00     97.99
01:50:09 PM     all      1.88      0.00      0.25      0.00      0.00      0.00      0.06      0.00      0.00     97.81
01:50:10 PM     all      1.76      0.00      0.31      0.00      0.00      0.00      0.00      0.00      0.00     97.93
01:50:11 PM     all      1.51      0.00      0.38      0.13      0.00      0.00      0.00      0.00      0.00     97.99
01:50:12 PM     all      1.26      0.00      0.38      0.00      0.00      0.00      0.00      0.00      0.00     98.36
01:50:13 PM     all      1.82      0.00      0.25      0.00      0.00      0.00      0.13      0.00      0.00     97.80
01:50:14 PM     all      1.95      0.00      0.31      0.00      0.00      0.00      0.00      0.00      0.00     97.73
01:50:15 PM     all      2.50      0.00      0.94      0.00      0.00      0.00      0.06      0.00      0.00     96.50
01:50:16 PM     all      1.83      0.00      0.82      0.00      0.00      0.00      0.06      0.00      0.00     97.28
01:50:17 PM     all      2.09      0.00      1.14      0.13      0.00      0.00      0.00      0.00      0.00     96.65
01:50:18 PM     all      2.20      0.00      0.82      0.00      0.00      0.00      0.00      0.00      0.00     96.98
01:50:19 PM     all      2.28      0.00      0.32      0.00      0.00      0.00      0.06      0.00      0.00     97.34
01:50:20 PM     all      2.21      0.00      0.76      0.00      0.00      0.00      0.00      0.00      0.00     97.03
01:50:21 PM     all      2.15      0.00      0.82      0.06      0.00      0.00      0.00      0.00      0.00     96.97
01:50:22 PM     all      2.26      0.00      0.50      0.06      0.00      0.00      0.06      0.00      0.00     97.11
01:50:23 PM     all      1.89      0.00      0.57      0.00      0.00      0.00      0.06      0.00      0.00     97.48
01:50:24 PM     all      2.08      0.00      0.31      0.00      0.00      0.00      0.06      0.00      0.00     97.55
01:50:25 PM     all      1.51      0.00      0.69      0.00      0.00      0.00      0.06      0.00      0.00     97.73
01:50:26 PM     all      2.28      0.00      0.63      0.00      0.00      0.00      0.00      0.00      0.00     97.09
01:50:27 PM     all      1.70      0.00      0.57      0.13      0.00      0.00      0.06      0.00      0.00     97.55
01:50:28 PM     all      1.58      0.00      0.13      0.00      0.00      0.00      0.06      0.00      0.00     98.23
01:50:29 PM     all      1.57      0.00      0.25      0.00      0.00      0.00      0.00      0.00      0.00     98.17
01:50:30 PM     all      1.70      0.00      0.63      0.00      0.00      0.00      0.06      0.00      0.00     97.60
01:50:31 PM     all      1.70      0.00      0.25      0.06      0.00      0.00      0.00      0.00      0.00     97.98
01:50:32 PM     all      1.57      0.00      0.31      0.06      0.00      0.00      0.06      0.00      0.00     97.98
01:50:33 PM     all      1.63      0.00      0.50      0.00      0.00      0.00      0.06      0.00      0.00     97.80
01:50:34 PM     all      1.57      0.00      0.19      0.06      0.00      0.00      0.00      0.00      0.00     98.17
01:50:35 PM     all      1.51      0.00      0.44      0.00      0.00      0.00      0.00      0.00      0.00     98.05
01:50:36 PM     all      1.76      0.00      0.25      0.00      0.00      0.00      0.06      0.00      0.00     97.93
01:50:37 PM     all      1.76      0.00      0.44      0.13      0.00      0.00      0.00      0.00      0.00     97.68
01:50:38 PM     all      1.70      0.00      0.13      0.00      0.00      0.00      0.06      0.00      0.00     98.11
01:50:39 PM     all      1.58      0.00      0.25      0.06      0.00      0.00      0.00      0.00      0.00     98.11
01:50:40 PM     all      1.63      0.00      0.38      0.00      0.00      0.00      0.00      0.00      0.00     97.99
01:50:41 PM     all      1.57      0.00      0.25      0.00      0.00      0.00      0.06      0.00      0.00     98.11
01:50:42 PM     all      1.96      0.00      0.44      0.00      0.00      0.00      0.00      0.00      0.00     97.60
01:50:43 PM     all      1.70      0.00      0.31      0.06      0.00      0.00      0.06      0.00      0.00     97.86
01:50:44 PM     all      1.90      0.00      0.82      0.00      0.00      0.00      0.00      0.00      0.00     97.28
01:50:45 PM     all      1.95      0.00      0.57      0.00      0.00      0.00      0.06      0.00      0.00     97.42
01:50:46 PM     all      2.08      0.00      0.25      0.00      0.00      0.00      0.00      0.00      0.00     97.67
01:50:47 PM     all      1.57      0.00      0.57      0.00      0.00      0.00      0.13      0.00      0.00     97.73
01:50:48 PM     all      1.76      0.00      0.25      0.13      0.00      0.00      0.00      0.00      0.00     97.86
01:50:49 PM     all      1.70      0.00      0.31      0.00      0.00      0.00      0.00      0.00      0.00     97.99
01:50:50 PM     all      2.01      0.00      0.57      0.00      0.00      0.00      0.06      0.00      0.00     97.36
01:50:51 PM     all      2.26      0.00      0.44      0.00      0.00      0.00      0.00      0.00      0.00     97.30
01:50:52 PM     all      1.51      0.00      0.44      0.00      0.00      0.00      0.06      0.00      0.00     97.99
01:50:53 PM     all      1.45      0.00      0.32      0.06      0.00      0.00      0.00      0.00      0.00     98.17
01:50:54 PM     all      1.94      0.00      0.44      0.00      0.00      0.00      0.13      0.00      0.00     97.49
01:50:55 PM     all      1.76      0.00      0.38      0.00      0.00      0.00      0.00      0.00      0.00     97.86
01:50:56 PM     all      2.21      0.00      0.76      0.00      0.00      0.00      0.06      0.00      0.00     96.97
01:50:57 PM     all      2.38      0.00      0.63      0.00      0.00      0.00      0.00      0.00      0.00     97.00
01:50:58 PM     all      1.26      0.00      0.38      0.00      0.00      0.00      0.00      0.00      0.00     98.36
01:50:59 PM     all      1.33      0.00      0.38      0.25      0.00      0.00      0.00      0.00      0.00     98.04
01:51:00 PM     all      1.82      0.00      1.01      0.00      0.00      0.00      0.06      0.00      0.00     97.11
01:51:01 PM     all      2.58      0.00      1.32      0.00      0.00      0.00      0.00      0.00      0.00     96.09
01:51:02 PM     all      1.69      0.00      0.31      0.00      0.00      0.00      0.06      0.00      0.00     97.93
01:51:03 PM     all      2.13      0.00      0.50      0.00      0.00      0.00      0.06      0.00      0.00     97.30
01:51:04 PM     all      3.65      0.00      1.64      0.13      0.00      0.00      0.13      0.00      0.00     94.46
01:51:05 PM     all      3.78      0.00      0.50      0.13      0.00      0.00      0.06      0.00      0.00     95.53
01:51:06 PM     all      1.51      0.00      0.38      0.06      0.00      0.00      0.13      0.00      0.00     97.92
01:51:07 PM     all      1.83      0.00      0.31      0.00      0.00      0.00      0.00      0.00      0.00     97.86
01:51:08 PM     all      1.51      0.00      0.32      0.06      0.00      0.00      0.00      0.00      0.00     98.11
01:51:09 PM     all      1.45      0.00      0.25      0.00      0.00      0.00      0.00      0.00      0.00     98.30
01:51:10 PM     all      1.44      0.00      0.38      0.25      0.00      0.00      0.06      0.00      0.00     97.86
01:51:11 PM     all      1.70      0.00      0.44      0.00      0.00      0.00      0.06      0.00      0.00     97.80
01:51:12 PM     all      1.83      0.00      0.19      0.00      0.00      0.00      0.06      0.00      0.00     97.92
01:51:13 PM     all      2.01      0.00      0.44      0.00      0.00      0.00      0.00      0.00      0.00     97.55
01:51:14 PM     all      1.82      0.00      0.25      0.00      0.00      0.00      0.06      0.00      0.00     97.86
01:51:15 PM     all      1.58      0.00      0.32      0.13      0.00      0.00      0.06      0.00      0.00     97.92
01:51:16 PM     all      1.70      0.00      0.19      0.06      0.00      0.00      0.00      0.00      0.00     98.05
01:51:17 PM     all      1.63      0.00      0.69      0.00      0.00      0.00      0.00      0.00      0.00     97.68
01:51:18 PM     all      1.63      0.00      0.19      0.00      0.00      0.00      0.06      0.00      0.00     98.12
01:51:19 PM     all      1.70      0.00      0.13      0.00      0.00      0.00      0.00      0.00      0.00     98.17
01:51:20 PM     all      1.63      0.00      0.38      0.00      0.00      0.00      0.00      0.00      0.00     97.99
01:51:21 PM     all      1.32      0.00      0.50      0.13      0.00      0.00      0.06      0.00      0.00     97.99
01:51:22 PM     all      1.71      0.00      0.19      0.00      0.00      0.00      0.00      0.00      0.00     98.10
01:51:23 PM     all      1.51      0.00      0.31      0.00      0.00      0.00      0.00      0.00      0.00     98.18
01:51:24 PM     all      1.51      0.00      0.25      0.00      0.00      0.00      0.00      0.00      0.00     98.24
01:51:25 PM     all      1.95      0.00      0.63      0.06      0.00      0.00      0.06      0.00      0.00     97.29
01:51:26 PM     all      1.88      0.00      0.44      0.19      0.00      0.00      0.00      0.00      0.00     97.49
01:51:27 PM     all      2.08      0.00      0.76      0.00      0.00      0.00      0.06      0.00      0.00     97.10
01:51:28 PM     all      1.57      0.00      0.38      0.00      0.00      0.00      0.00      0.00      0.00     98.05
01:51:29 PM     all      1.90      0.00      0.82      0.00      0.00      0.00      0.06      0.00      0.00     97.22
01:51:30 PM     all      1.83      0.00      0.25      0.00      0.00      0.00      0.00      0.00      0.00     97.92
01:51:31 PM     all      1.88      0.00      0.25      0.13      0.00      0.00      0.06      0.00      0.00     97.68
01:51:32 PM     all      1.45      0.00      0.19      0.00      0.00      0.00      0.06      0.00      0.00     98.30
01:51:33 PM     all      2.20      0.00      0.57      0.06      0.00      0.00      0.06      0.00      0.00     97.10
01:51:34 PM     all      2.07      0.00      0.75      0.00      0.00      0.00      0.00      0.00      0.00     97.17
01:51:35 PM     all      2.58      0.00      0.88      0.00      0.00      0.00      0.00      0.00      0.00     96.54
01:51:36 PM     all      1.70      0.00      0.38      0.06      0.00      0.00      0.00      0.00      0.00     97.86
01:51:37 PM     all      1.69      0.00      0.44      0.00      0.00      0.00      0.06      0.00      0.00     97.80
01:51:38 PM     all      1.51      0.00      0.25      0.13      0.00      0.00      0.00      0.00      0.00     98.11
01:51:39 PM     all      1.76      0.00      0.31      0.00      0.00      0.00      0.00      0.00      0.00     97.93
01:51:40 PM     all      1.38      0.00      0.44      0.00      0.00      0.00      0.06      0.00      0.00     98.12
01:51:41 PM     all      1.33      0.00      0.13      0.00      0.00      0.00      0.06      0.00      0.00     98.48
01:51:42 PM     all      2.13      0.00      1.00      0.00      0.00      0.00      0.00      0.00      0.00     96.87
01:51:43 PM     all      2.66      0.00      1.20      0.00      0.00      0.00      0.06      0.00      0.00     96.07
01:51:44 PM     all      1.70      0.00      0.76      0.06      0.00      0.00      0.00      0.00      0.00     97.48
01:51:45 PM     all      1.89      0.00      0.57      0.00      0.00      0.00      0.06      0.00      0.00     97.48
01:51:46 PM     all      1.83      0.00      0.44      0.00      0.00      0.00      0.00      0.00      0.00     97.73
01:51:47 PM     all      1.77      0.00      0.51      0.00      0.00      0.00      0.13      0.00      0.00     97.60
01:51:48 PM     all      2.07      0.00      0.38      0.00      0.00      0.00      0.06      0.00      0.00     97.49
01:51:49 PM     all      2.09      0.00      0.63      0.13      0.00      0.00      0.06      0.00      0.00     97.09
01:51:50 PM     all      2.95      0.00      0.94      0.00      0.00      0.00      0.13      0.00      0.00     95.98
01:51:51 PM     all      2.09      0.00      0.70      0.06      0.00      0.00      0.00      0.00      0.00     97.15
01:51:52 PM     all      2.02      0.00      0.51      0.00      0.00      0.00      0.06      0.00      0.00     97.41
01:51:53 PM     all      2.71      0.00      1.26      0.00      0.00      0.00      0.00      0.00      0.00     96.03
01:51:54 PM     all      2.77      0.00      0.94      0.13      0.00      0.00      0.13      0.00      0.00     96.03
01:51:55 PM     all      2.73      0.00      0.83      0.06      0.00      0.00      0.06      0.00      0.00     96.32
01:51:56 PM     all      3.48      0.00      1.01      0.06      0.00      0.00      0.06      0.00      0.00     95.39
01:51:57 PM     all      3.92      0.00      0.88      0.00      0.00      0.00      0.00      0.00      0.00     95.20
01:51:58 PM     all      2.39      0.00      1.07      0.00      0.00      0.00      0.13      0.00      0.00     96.41
01:51:59 PM     all      2.46      0.00      0.76      0.00      0.00      0.00      0.06      0.00      0.00     96.72
01:52:00 PM     all      1.83      0.00      0.82      0.06      0.00      0.00      0.00      0.00      0.00     97.29
01:52:01 PM     all      1.90      0.00      0.51      0.00      0.00      0.00      0.06      0.00      0.00     97.53
01:52:02 PM     all      1.45      0.00      0.32      0.00      0.00      0.00      0.00      0.00      0.00     98.23
01:52:03 PM     all      2.02      0.00      0.38      0.00      0.00      0.00      0.06      0.00      0.00     97.54
01:52:04 PM     all      3.76      0.00      1.69      0.00      0.00      0.00      0.06      0.00      0.00     94.48
01:52:05 PM     all      1.40      0.00      0.19      0.19      0.00      0.00      0.00      0.00      0.00     98.22
01:52:06 PM     all      1.76      0.00      0.50      0.13      0.00      0.00      0.00      0.00      0.00     97.62
01:52:07 PM     all      1.89      0.00      0.63      0.00      0.00      0.00      0.06      0.00      0.00     97.42
01:52:08 PM     all      1.64      0.00      0.19      0.00      0.00      0.00      0.00      0.00      0.00     98.17
01:52:09 PM     all      1.82      0.00      0.38      0.00      0.00      0.00      0.00      0.00      0.00     97.80
01:52:10 PM     all      1.57      0.00      0.38      0.13      0.00      0.00      0.06      0.00      0.00     97.86
01:52:11 PM     all      1.58      0.00      0.25      0.00      0.00      0.00      0.00      0.00      0.00     98.17
01:52:12 PM     all      1.76      0.00      0.44      0.00      0.00      0.00      0.00      0.00      0.00     97.80
01:52:13 PM     all      4.39      0.00      0.38      0.00      0.00      0.00      0.00      0.00      0.00     95.24
01:52:14 PM     all      1.45      0.00      0.25      0.00      0.00      0.00      0.06      0.00      0.00     98.23
01:52:15 PM     all      1.89      0.00      0.44      0.06      0.00      0.00      0.00      0.00      0.00     97.61
01:52:16 PM     all      1.20      0.00      0.32      0.00      0.00      0.00      0.06      0.00      0.00     98.42
01:52:17 PM     all      1.57      0.00      0.50      0.00      0.00      0.00      0.00      0.00      0.00     97.93
01:52:18 PM     all      2.01      0.00      0.38      0.00      0.00      0.00      0.00      0.00      0.00     97.62
01:52:19 PM     all      1.63      0.00      0.31      0.00      0.00      0.00      0.06      0.00      0.00     97.99
01:52:20 PM     all      1.76      0.00      0.38      0.00      0.00      0.00      0.00      0.00      0.00     97.86
01:52:21 PM     all      1.64      0.00      0.06      0.06      0.00      0.00      0.00      0.00      0.00     98.23
01:52:22 PM     all      1.63      0.00      0.63      0.00      0.00      0.00      0.06      0.00      0.00     97.68
01:52:23 PM     all      2.00      0.00      0.25      0.00      0.00      0.00      0.06      0.00      0.00     97.68
01:52:24 PM     all      1.57      0.00      0.31      0.00      0.00      0.00      0.06      0.00      0.00     98.05
01:52:25 PM     all      1.83      0.00      0.44      0.00      0.00      0.00      0.00      0.00      0.00     97.73
01:52:26 PM     all      1.51      0.00      0.44      0.19      0.00      0.00      0.00      0.00      0.00     97.87
01:52:27 PM     all      1.45      0.00      0.38      0.00      0.00      0.00      0.06      0.00      0.00     98.11
01:52:28 PM     all      2.07      0.00      0.13      0.00      0.00      0.00      0.00      0.00      0.00     97.80
01:52:29 PM     all      1.33      0.00      0.38      0.00      0.00      0.00      0.00      0.00      0.00     98.30
01:52:30 PM     all      1.63      0.00      0.19      0.00      0.00      0.00      0.06      0.00      0.00     98.12
01:52:31 PM     all      1.57      0.00      0.50      0.06      0.00      0.00      0.00      0.00      0.00     97.86
01:52:32 PM     all      1.57      0.00      0.19      0.00      0.00      0.00      0.00      0.00      0.00     98.24
01:52:33 PM     all      1.95      0.00      0.50      0.25      0.00      0.00      0.00      0.00      0.00     97.29
01:52:34 PM     all      1.82      0.00      0.44      0.00      0.00      0.00      0.06      0.00      0.00     97.67
01:52:35 PM     all      2.21      0.00      0.32      0.00      0.00      0.00      0.00      0.00      0.00     97.48
01:52:36 PM     all      1.51      0.00      0.44      0.00      0.00      0.00      0.06      0.00      0.00     97.99
01:52:37 PM     all      1.57      0.00      0.44      0.00      0.00      0.00      0.06      0.00      0.00     97.93
01:52:38 PM     all      1.70      0.00      0.25      0.06      0.00      0.00      0.00      0.00      0.00     97.98
01:52:39 PM     all      2.01      0.00      0.19      0.00      0.00      0.00      0.00      0.00      0.00     97.80
01:52:40 PM     all      1.82      0.00      0.38      0.00      0.00      0.00      0.19      0.00      0.00     97.62
01:52:41 PM     all      1.38      0.00      0.25      0.00      0.00      0.00      0.06      0.00      0.00     98.30
01:52:42 PM     all      1.82      0.00      0.38      0.00      0.00      0.00      0.06      0.00      0.00     97.74
01:52:43 PM     all      1.88      0.00      0.31      0.00      0.00      0.00      0.00      0.00      0.00     97.80
01:52:44 PM     all      1.70      0.00      0.25      0.13      0.00      0.00      0.06      0.00      0.00     97.86
01:52:45 PM     all      1.76      0.00      0.57      0.00      0.00      0.00      0.00      0.00      0.00     97.67
01:52:46 PM     all      1.51      0.00      0.44      0.00      0.00      0.00      0.00      0.00      0.00     98.05
01:52:47 PM     all      2.08      0.00      0.19      0.00      0.00      0.00      0.06      0.00      0.00     97.67
01:52:48 PM     all      1.33      0.00      0.25      0.06      0.00      0.00      0.00      0.00      0.00     98.36
01:52:49 PM     all      2.01      0.00      0.38      0.06      0.00      0.00      0.06      0.00      0.00     97.49
01:52:50 PM     all      1.69      0.00      0.44      0.06      0.00      0.00      0.00      0.00      0.00     97.80
01:52:51 PM     all      1.89      0.00      0.31      0.00      0.00      0.00      0.00      0.00      0.00     97.80
01:52:52 PM     all      1.26      0.00      0.25      0.00      0.00      0.00      0.06      0.00      0.00     98.42
01:52:53 PM     all      1.57      0.00      0.38      0.00      0.00      0.00      0.06      0.00      0.00     97.99
01:52:54 PM     all      1.89      0.00      0.44      0.13      0.00      0.00      0.06      0.00      0.00     97.48
01:52:55 PM     all      1.70      0.00      0.25      0.00      0.00      0.00      0.06      0.00      0.00     97.99
01:52:56 PM     all      1.76      0.00      0.25      0.06      0.00      0.00      0.06      0.00      0.00     97.87
01:52:57 PM     all      1.64      0.00      0.38      0.00      0.00      0.00      0.00      0.00      0.00     97.99
01:52:58 PM     all      1.70      0.00      0.25      0.00      0.00      0.00      0.06      0.00      0.00     97.99
01:52:59 PM     all      1.76      0.00      0.31      0.13      0.00      0.00      0.06      0.00      0.00     97.73
01:53:00 PM     all      1.57      0.00      0.38      0.00      0.00      0.00      0.00      0.00      0.00     98.05
01:53:01 PM     all      1.95      0.00      0.44      0.00      0.00      0.00      0.00      0.00      0.00     97.61
01:53:02 PM     all      1.57      0.00      0.25      0.06      0.00      0.00      0.00      0.00      0.00     98.11
01:53:03 PM     all      1.39      0.00      0.19      0.00      0.00      0.00      0.13      0.00      0.00     98.30
01:53:04 PM     all      4.45      0.00      1.44      0.06      0.00      0.00      0.00      0.00      0.00     94.04
01:53:05 PM     all      1.45      0.00      0.19      0.06      0.00      0.00      0.06      0.00      0.00     98.23
01:53:06 PM     all      1.70      0.00      0.57      0.00      0.00      0.00      0.06      0.00      0.00     97.67
01:53:07 PM     all      1.64      0.00      0.19      0.00      0.00      0.00      0.00      0.00      0.00     98.17
01:53:08 PM     all      1.57      0.00      0.25      0.00      0.00      0.00      0.06      0.00      0.00     98.11
01:53:09 PM     all      1.82      0.00      0.25      0.00      0.00      0.00      0.06      0.00      0.00     97.86
01:53:10 PM     all      1.38      0.00      0.63      0.13      0.00      0.00      0.00      0.00      0.00     97.87
01:53:11 PM     all      1.63      0.00      0.44      0.00      0.00      0.00      0.06      0.00      0.00     97.86
01:53:12 PM     all      1.76      0.00      0.25      0.00      0.00      0.00      0.00      0.00      0.00     97.98
01:53:13 PM     all      1.82      0.00      0.31      0.00      0.00      0.00      0.06      0.00      0.00     97.80
01:53:14 PM     all      1.88      0.00      0.25      0.00      0.00      0.00      0.00      0.00      0.00     97.86
01:53:15 PM     all      1.95      0.00      0.38      0.13      0.00      0.00      0.00      0.00      0.00     97.54
01:53:16 PM     all      1.82      0.00      0.31      0.00      0.00      0.00      0.06      0.00      0.00     97.81
01:53:17 PM     all      2.01      0.00      0.38      0.00      0.00      0.00      0.00      0.00      0.00     97.62
01:53:18 PM     all      2.02      0.00      0.25      0.00      0.00      0.00      0.06      0.00      0.00     97.66
01:53:19 PM     all      2.08      0.00      0.38      0.00      0.00      0.00      0.00      0.00      0.00     97.55
01:53:20 PM     all      2.14      0.00      0.57      0.19      0.00      0.00      0.06      0.00      0.00     97.05
01:53:21 PM     all      4.03      0.00      0.50      0.00      0.00      0.00      0.00      0.00      0.00     95.47
01:53:22 PM     all      1.75      0.00      0.19      0.00      0.00      0.00      0.00      0.00      0.00     98.06
01:53:23 PM     all      1.83      0.00      0.38      0.00      0.00      0.00      0.06      0.00      0.00     97.73
01:53:24 PM     all      1.26      0.00      0.31      0.00      0.00      0.00      0.06      0.00      0.00     98.36
01:53:25 PM     all      2.01      0.00      0.44      0.13      0.00      0.00      0.00      0.00      0.00     97.43
01:53:26 PM     all      1.51      0.00      0.38      0.00      0.00      0.00      0.00      0.00      0.00     98.11
01:53:27 PM     all      1.64      0.00      0.38      0.00      0.00      0.00      0.06      0.00      0.00     97.92
01:53:28 PM     all      1.51      0.00      0.44      0.00      0.00      0.00      0.00      0.00      0.00     98.05
01:53:29 PM     all      1.51      0.00      0.19      0.00      0.00      0.00      0.00      0.00      0.00     98.30
01:53:30 PM     all      1.57      0.00      0.44      0.06      0.00      0.00      0.06      0.00      0.00     97.86
01:53:31 PM     all      1.76      0.00      0.31      0.06      0.00      0.00      0.00      0.00      0.00     97.86
01:53:32 PM     all      1.76      0.00      0.25      0.00      0.00      0.00      0.00      0.00      0.00     97.99
01:53:33 PM     all      1.69      0.00      0.44      0.00      0.00      0.00      0.06      0.00      0.00     97.80
01:53:34 PM     all      1.57      0.00      0.38      0.00      0.00      0.00      0.00      0.00      0.00     98.05
01:53:35 PM     all      2.31      0.00      0.31      0.00      0.00      0.00      0.06      0.00      0.00     97.31
01:53:36 PM     all      1.33      0.00      0.32      0.13      0.00      0.00      0.00      0.00      0.00     98.23
01:53:37 PM     all      1.63      0.00      0.31      0.00      0.00      0.00      0.13      0.00      0.00     97.93
01:53:38 PM     all      1.45      0.00      0.38      0.06      0.00      0.00      0.00      0.00      0.00     98.11
01:53:39 PM     all      1.94      0.00      0.44      0.00      0.00      0.00      0.06      0.00      0.00     97.56
01:53:40 PM     all      1.20      0.00      0.19      0.00      0.00      0.00      0.00      0.00      0.00     98.61
01:53:41 PM     all      1.57      0.00      0.38      0.06      0.00      0.00      0.00      0.00      0.00     97.99
01:53:42 PM     all      1.69      0.00      0.38      0.00      0.00      0.00      0.06      0.00      0.00     97.87
01:53:43 PM     all      1.70      0.00      0.31      0.00      0.00      0.00      0.00      0.00      0.00     97.99
01:53:44 PM     all      1.08      0.00      0.13      0.00      0.00      0.00      0.00      0.00      0.00     98.80
01:53:45 PM     all      1.70      0.00      0.19      0.00      0.00      0.00      0.06      0.00      0.00     98.05
01:53:46 PM     all      2.00      0.00      0.50      0.13      0.00      0.00      0.00      0.00      0.00     97.37
01:53:47 PM     all      1.95      0.00      0.13      0.00      0.00      0.00      0.13      0.00      0.00     97.80
01:53:48 PM     all      1.32      0.00      0.44      0.00      0.00      0.00      0.00      0.00      0.00     98.24
01:53:49 PM     all      1.76      0.00      0.19      0.13      0.00      0.00      0.00      0.00      0.00     97.93
01:53:50 PM     all      1.57      0.00      0.38      0.00      0.00      0.00      0.00      0.00      0.00     98.05
01:53:51 PM     all      1.83      0.00      0.38      0.00      0.00      0.00      0.00      0.00      0.00     97.80
01:53:52 PM     all      1.39      0.00      0.25      0.13      0.00      0.00      0.06      0.00      0.00     98.17
01:53:53 PM     all      1.82      0.00      0.50      0.00      0.00      0.00      0.00      0.00      0.00     97.68
01:53:54 PM     all      1.45      0.00      0.19      0.00      0.00      0.00      0.00      0.00      0.00     98.36
01:53:55 PM     all      2.01      0.00      0.38      0.00      0.00      0.00      0.06      0.00      0.00     97.55
01:53:56 PM     all      1.64      0.00      0.19      0.00      0.00      0.00      0.00      0.00      0.00     98.17
01:53:57 PM     all      1.88      0.00      0.44      0.06      0.00      0.00      0.06      0.00      0.00     97.55
01:53:58 PM     all      1.57      0.00      0.38      0.00      0.00      0.00      0.06      0.00      0.00     97.99
01:53:59 PM     all      1.76      0.00      0.25      0.00      0.00      0.00      0.06      0.00      0.00     97.92
01:54:00 PM     all      1.95      0.00      0.38      0.00      0.00      0.00      0.00      0.00      0.00     97.68
01:54:01 PM     all      1.13      0.00      0.57      0.06      0.00      0.00      0.00      0.00      0.00     98.24
01:54:02 PM     all      1.76      0.00      0.25      0.13      0.00      0.00      0.06      0.00      0.00     97.80
01:54:03 PM     all      2.08      0.00      0.63      0.00      0.00      0.00      0.00      0.00      0.00     97.29
01:54:04 PM     all      4.08      0.00      1.38      0.00      0.00      0.00      0.00      0.00      0.00     94.54
01:54:05 PM     all      1.76      0.00      0.44      0.00      0.00      0.00      0.06      0.00      0.00     97.73
01:54:06 PM     all      1.88      0.00      0.44      0.00      0.00      0.00      0.00      0.00      0.00     97.68
01:54:07 PM     all      1.70      0.00      0.19      0.00      0.00      0.00      0.06      0.00      0.00     98.05
01:54:08 PM     all      1.76      0.00      0.31      0.06      0.00      0.00      0.00      0.00      0.00     97.86
01:54:09 PM     all      1.63      0.00      0.31      0.00      0.00      0.00      0.00      0.00      0.00     98.05
01:54:10 PM     all      1.63      0.00      0.31      0.00      0.00      0.00      0.06      0.00      0.00     97.99
01:54:11 PM     all      1.51      0.00      0.38      0.00      0.00      0.00      0.06      0.00      0.00     98.05
01:54:12 PM     all      2.01      0.00      0.19      0.00      0.00      0.00      0.00      0.00      0.00     97.80
01:54:13 PM     all      1.94      0.00      0.44      0.13      0.00      0.00      0.06      0.00      0.00     97.43
01:54:14 PM     all      1.51      0.00      0.19      0.06      0.00      0.00      0.00      0.00      0.00     98.24
01:54:15 PM     all      1.89      0.00      0.31      0.00      0.00      0.00      0.06      0.00      0.00     97.73
01:54:16 PM     all      1.45      0.00      0.19      0.00      0.00      0.00      0.00      0.00      0.00     98.36
01:54:17 PM     all      1.82      0.00      0.19      0.00      0.00      0.00      0.06      0.00      0.00     97.92
01:54:18 PM     all      1.63      0.00      0.38      0.13      0.00      0.00      0.00      0.00      0.00     97.87
01:54:19 PM     all      1.52      0.00      0.32      0.00      0.00      0.00      0.00      0.00      0.00     98.17
01:54:20 PM     all      1.76      0.00      0.44      0.00      0.00      0.00      0.06      0.00      0.00     97.74
01:54:21 PM     all      1.70      0.00      0.38      0.00      0.00      0.00      0.00      0.00      0.00     97.92
01:54:22 PM     all      1.94      0.00      0.44      0.00      0.00      0.00      0.00      0.00      0.00     97.62
01:54:23 PM     all      2.01      0.00      0.19      0.00      0.00      0.00      0.06      0.00      0.00     97.74
01:54:24 PM     all      1.51      0.00      0.50      0.06      0.00      0.00      0.06      0.00      0.00     97.87
01:54:25 PM     all      1.64      0.00      0.25      0.00      0.00      0.00      0.13      0.00      0.00     97.98
01:54:26 PM     all      1.39      0.00      0.32      0.00      0.00      0.00      0.00      0.00      0.00     98.30
01:54:27 PM     all      1.70      0.00      0.50      0.06      0.00      0.00      0.06      0.00      0.00     97.67
01:54:28 PM     all      1.57      0.00      0.19      0.00      0.00      0.00      0.00      0.00      0.00     98.24
01:54:29 PM     all      1.45      0.00      0.32      0.13      0.00      0.00      0.00      0.00      0.00     98.10
01:54:30 PM     all      3.90      0.00      0.25      0.00      0.00      0.00      0.06      0.00      0.00     95.79
01:54:31 PM     all      1.83      0.00      0.44      0.00      0.00      0.00      0.00      0.00      0.00     97.73
01:54:32 PM     all      1.94      0.00      0.25      0.00      0.00      0.00      0.00      0.00      0.00     97.80
01:54:33 PM     all      1.63      0.00      0.31      0.00      0.00      0.00      0.06      0.00      0.00     97.99
01:54:34 PM     all      1.20      0.00      0.19      0.19      0.00      0.00      0.00      0.00      0.00     98.42
01:54:35 PM     all      1.63      0.00      0.44      0.00      0.00      0.00      0.06      0.00      0.00     97.86
01:54:36 PM     all      2.01      0.00      0.25      0.00      0.00      0.00      0.00      0.00      0.00     97.74
01:54:37 PM     all      1.83      0.00      0.25      0.00      0.00      0.00      0.06      0.00      0.00     97.86
01:54:38 PM     all      1.51      0.00      0.38      0.00      0.00      0.00      0.00      0.00      0.00     98.11
01:54:39 PM     all      1.82      0.00      0.25      0.06      0.00      0.00      0.06      0.00      0.00     97.80
01:54:40 PM     all      1.87      0.00      0.56      0.00      0.00      0.00      0.00      0.00      0.00     97.57
01:54:41 PM     all      1.83      0.00      0.25      0.06      0.00      0.00      0.06      0.00      0.00     97.80
01:54:42 PM     all      1.76      0.00      0.25      0.00      0.00      0.00      0.06      0.00      0.00     97.93
01:54:43 PM     all      1.51      0.00      0.38      0.00      0.00      0.00      0.06      0.00      0.00     98.05
01:54:44 PM     all      1.64      0.00      0.31      0.00      0.00      0.00      0.00      0.00      0.00     98.05
01:54:45 PM     all      1.39      0.00      0.32      0.13      0.00      0.00      0.00      0.00      0.00     98.17
01:54:46 PM     all      1.76      0.00      0.38      0.00      0.00      0.00      0.00      0.00      0.00     97.86
01:54:47 PM     all      1.94      0.00      0.38      0.00      0.00      0.00      0.00      0.00      0.00     97.68
01:54:48 PM     all      2.13      0.00      0.56      0.00      0.00      0.00      0.13      0.00      0.00     97.18
01:54:49 PM     all      1.89      0.00      0.31      0.00      0.00      0.00      0.06      0.00      0.00     97.73
01:54:50 PM     all      1.69      0.00      0.44      0.06      0.00      0.00      0.06      0.00      0.00     97.74
01:54:51 PM     all      2.14      0.00      0.19      0.00      0.00      0.00      0.00      0.00      0.00     97.67
01:54:52 PM     all      1.38      0.00      0.25      0.00      0.00      0.00      0.00      0.00      0.00     98.36
01:54:53 PM     all      1.82      0.00      0.25      0.00      0.00      0.00      0.06      0.00      0.00     97.86
01:54:54 PM     all      1.94      0.00      0.44      0.00      0.00      0.00      0.00      0.00      0.00     97.62
01:54:55 PM     all      2.13      0.00      0.38      0.13      0.00      0.00      0.06      0.00      0.00     97.30
01:54:56 PM     all      1.64      0.00      0.25      0.00      0.00      0.00      0.00      0.00      0.00     98.11
01:54:57 PM     all      1.51      0.00      0.13      0.00      0.00      0.00      0.06      0.00      0.00     98.30
01:54:58 PM     all      1.70      0.00      0.44      0.00      0.00      0.00      0.00      0.00      0.00     97.86
01:54:59 PM     all      1.45      0.00      0.31      0.00      0.00      0.00      0.06      0.00      0.00     98.17
01:55:00 PM     all      1.39      0.00      0.13      0.00      0.00      0.00      0.06      0.00      0.00     98.42
01:55:01 PM     all      2.26      0.00      0.38      0.38      0.00      0.00      0.00      0.00      0.00     96.99
01:55:02 PM     all      1.57      0.00      0.19      0.00      0.00      0.00      0.00      0.00      0.00     98.24
01:55:03 PM     all      2.00      0.00      0.50      0.00      0.00      0.00      0.06      0.00      0.00     97.43
01:55:04 PM     all      1.84      0.00      0.76      0.00      0.00      0.00      0.06      0.00      0.00     97.34
01:55:05 PM     all      3.13      0.00      1.13      0.00      0.00      0.00      0.06      0.00      0.00     95.68
01:55:06 PM     all      1.95      0.00      0.25      0.06      0.00      0.00      0.06      0.00      0.00     97.67
01:55:07 PM     all      1.63      0.00      0.38      0.00      0.00      0.00      0.00      0.00      0.00     97.99
01:55:08 PM     all      5.85      0.00      0.63      0.00      0.00      0.00      0.00      0.00      0.00     93.52
01:55:09 PM     all      1.70      0.00      0.19      0.00      0.00      0.00      0.06      0.00      0.00     98.05
01:55:10 PM     all      1.57      0.00      0.38      0.00      0.00      0.00      0.00      0.00      0.00     98.05
01:55:11 PM     all      1.76      0.00      0.44      0.00      0.00      0.00      0.00      0.00      0.00     97.79
01:55:12 PM     all      1.77      0.00      0.19      0.13      0.00      0.00      0.00      0.00      0.00     97.91
01:55:13 PM     all      1.82      0.00      0.63      0.00      0.00      0.00      0.06      0.00      0.00     97.50
01:55:14 PM     all      1.76      0.00      0.31      0.00      0.00      0.00      0.00      0.00      0.00     97.92
01:55:15 PM     all      1.82      0.00      0.44      0.00      0.00      0.00      0.13      0.00      0.00     97.62
01:55:16 PM     all      2.20      0.00      0.88      0.13      0.00      0.00      0.06      0.00      0.00     96.73
01:55:17 PM     all      2.13      0.00      0.56      0.00      0.00      0.00      0.06      0.00      0.00     97.24
01:55:18 PM     all      3.42      0.00      1.84      0.13      0.00      0.00      0.06      0.00      0.00     94.55
01:55:19 PM     all      1.39      0.00      0.69      0.06      0.00      0.00      0.00      0.00      0.00     97.85
01:55:20 PM     all      1.51      0.00      0.25      0.00      0.00      0.00      0.00      0.00      0.00     98.24
01:55:21 PM     all      1.95      0.00      0.44      0.00      0.00      0.00      0.00      0.00      0.00     97.61
01:55:22 PM     all      1.76      0.00      0.50      0.00      0.00      0.00      0.13      0.00      0.00     97.61
01:55:23 PM     all      1.52      0.00      0.25      0.13      0.00      0.00      0.00      0.00      0.00     98.10
01:55:24 PM     all      1.95      0.00      0.25      0.00      0.00      0.00      0.06      0.00      0.00     97.74
01:55:25 PM     all      1.89      0.00      0.50      0.00      0.00      0.00      0.00      0.00      0.00     97.61
01:55:26 PM     all      1.64      0.00      0.38      0.06      0.00      0.00      0.00      0.00      0.00     97.92
01:55:27 PM     all      1.88      0.00      0.25      0.00      0.00      0.00      0.13      0.00      0.00     97.74
01:55:28 PM     all      4.78      0.00      1.82      0.00      0.00      0.00      0.00      0.00      0.00     93.40
01:55:29 PM     all      1.64      0.00      0.13      0.13      0.00      0.00      0.06      0.00      0.00     98.05
01:55:30 PM     all      1.76      0.00      0.50      0.00      0.00      0.00      0.00      0.00      0.00     97.74
01:55:31 PM     all      1.76      0.00      0.13      0.00      0.00      0.00      0.06      0.00      0.00     98.05
01:55:32 PM     all      1.33      0.00      0.25      0.00      0.00      0.00      0.00      0.00      0.00     98.42
01:55:33 PM     all      1.63      0.00      0.25      0.00      0.00      0.00      0.00      0.00      0.00     98.12
01:55:34 PM     all      1.51      0.00      0.50      0.06      0.00      0.00      0.06      0.00      0.00     97.87
01:55:35 PM     all      1.51      0.00      0.32      0.00      0.00      0.00      0.00      0.00      0.00     98.17
01:55:36 PM     all      1.76      0.00      0.19      0.00      0.00      0.00      0.00      0.00      0.00     98.05
01:55:37 PM     all      1.58      0.00      0.32      0.00      0.00      0.00      0.00      0.00      0.00     98.11
01:55:38 PM     all      3.77      0.00      0.44      0.00      0.00      0.00      0.00      0.00      0.00     95.79
01:55:39 PM     all      1.94      0.00      0.31      0.19      0.00      0.00      0.19      0.00      0.00     97.37
01:55:40 PM     all      1.63      0.00      0.31      0.00      0.00      0.00      0.00      0.00      0.00     98.05
01:55:41 PM     all      2.13      0.00      0.25      0.00      0.00      0.00      0.06      0.00      0.00     97.56
01:55:42 PM     all      1.57      0.00      0.57      0.00      0.00      0.00      0.00      0.00      0.00     97.86
01:55:43 PM     all      1.58      0.00      0.19      0.38      0.00      0.00      0.00      0.00      0.00     97.85
01:55:44 PM     all      1.88      0.00      0.25      0.00      0.00      0.00      0.00      0.00      0.00     97.87
01:55:45 PM     all      1.51      0.00      0.31      0.00      0.00      0.00      0.06      0.00      0.00     98.11
01:55:46 PM     all      1.88      0.00      0.44      0.00      0.00      0.00      0.00      0.00      0.00     97.68
01:55:47 PM     all      1.89      0.00      0.13      0.00      0.00      0.00      0.00      0.00      0.00     97.98
01:55:48 PM     all      1.32      0.00      0.38      0.00      0.00      0.00      0.00      0.00      0.00     98.30
01:55:49 PM     all      1.88      0.00      0.38      0.06      0.00      0.00      0.13      0.00      0.00     97.55
01:55:50 PM     all      1.64      0.00      0.25      0.00      0.00      0.00      0.00      0.00      0.00     98.11
01:55:51 PM     all      1.88      0.00      0.57      0.00      0.00      0.00      0.00      0.00      0.00     97.55
01:55:52 PM     all      1.89      0.00      0.19      0.06      0.00      0.00      0.00      0.00      0.00     97.86
01:55:53 PM     all      1.94      0.00      0.44      0.00      0.00      0.00      0.00      0.00      0.00     97.62
01:55:54 PM     all      1.69      0.00      0.38      0.13      0.00      0.00      0.06      0.00      0.00     97.74
01:55:55 PM     all      1.70      0.00      0.31      0.06      0.00      0.00      0.00      0.00      0.00     97.92
01:55:56 PM     all      1.94      0.00      0.19      0.00      0.00      0.00      0.00      0.00      0.00     97.87
01:55:57 PM     all      1.76      0.00      0.38      0.00      0.00      0.00      0.06      0.00      0.00     97.80
01:55:58 PM     all      1.39      0.00      0.25      0.00      0.00      0.00      0.00      0.00      0.00     98.36
01:55:59 PM     all      1.70      0.00      0.38      0.06      0.00      0.00      0.00      0.00      0.00     97.86
01:56:00 PM     all      1.45      0.00      0.38      0.00      0.00      0.00      0.06      0.00      0.00     98.11
01:56:01 PM     all      1.76      0.00      0.44      0.06      0.00      0.00      0.00      0.00      0.00     97.74
01:56:02 PM     all      1.64      0.00      0.19      0.00      0.00      0.00      0.06      0.00      0.00     98.11
01:56:03 PM     all      1.82      0.00      0.31      0.00      0.00      0.00      0.00      0.00      0.00     97.87
01:56:04 PM     all      2.08      0.00      0.50      0.13      0.00      0.00      0.06      0.00      0.00     97.22
01:56:05 PM     all      2.90      0.00      0.95      0.00      0.00      0.00      0.00      0.00      0.00     96.15
01:56:06 PM     all      1.70      0.00      0.50      0.00      0.00      0.00      0.00      0.00      0.00     97.80
01:56:07 PM     all      2.15      0.00      0.32      0.19      0.00      0.00      0.06      0.00      0.00     97.29
01:56:08 PM     all      1.88      0.00      0.44      0.00      0.00      0.00      0.00      0.00      0.00     97.68
01:56:09 PM     all      1.70      0.00      0.31      0.00      0.00      0.00      0.06      0.00      0.00     97.92
01:56:10 PM     all      1.63      0.00      0.38      0.00      0.00      0.00      0.00      0.00      0.00     97.99
01:56:11 PM     all      1.64      0.00      0.38      0.00      0.00      0.00      0.06      0.00      0.00     97.92
01:56:12 PM     all      2.01      0.00      0.44      0.13      0.00      0.00      0.00      0.00      0.00     97.43
01:56:13 PM     all      2.01      0.00      0.25      0.00      0.00      0.00      0.06      0.00      0.00     97.68
01:56:14 PM     all      1.75      0.00      0.50      0.00      0.00      0.00      0.00      0.00      0.00     97.75
01:56:15 PM     all      1.83      0.00      0.38      0.06      0.00      0.00      0.06      0.00      0.00     97.67
01:56:16 PM     all      1.76      0.00      0.31      0.00      0.00      0.00      0.00      0.00      0.00     97.93
01:56:17 PM     all      2.01      0.00      0.44      0.00      0.00      0.00      0.06      0.00      0.00     97.48
01:56:18 PM     all      1.57      0.00      0.25      0.13      0.00      0.00      0.00      0.00      0.00     98.05
01:56:19 PM     all      1.64      0.00      0.13      0.00      0.00      0.00      0.13      0.00      0.00     98.11
01:56:20 PM     all      1.39      0.00      0.38      0.00      0.00      0.00      0.00      0.00      0.00     98.23
01:56:21 PM     all      1.76      0.00      0.38      0.00      0.00      0.00      0.06      0.00      0.00     97.79
01:56:22 PM     all      1.51      0.00      0.25      0.00      0.00      0.00      0.00      0.00      0.00     98.24
01:56:23 PM     all      1.51      0.00      0.38      0.06      0.00      0.00      0.00      0.00      0.00     98.04
01:56:24 PM     all      1.51      0.00      0.31      0.00      0.00      0.00      0.00      0.00      0.00     98.18
01:56:25 PM     all      1.76      0.00      0.50      0.00      0.00      0.00      0.06      0.00      0.00     97.67
01:56:26 PM     all      1.51      0.00      0.38      0.00      0.00      0.00      0.00      0.00      0.00     98.11
01:56:27 PM     all      1.82      0.00      0.31      0.00      0.00      0.00      0.00      0.00      0.00     97.86
01:56:28 PM     all      1.95      0.00      0.44      0.06      0.00      0.00      0.00      0.00      0.00     97.54
01:56:29 PM     all      1.39      0.00      0.50      0.00      0.00      0.00      0.06      0.00      0.00     98.05
01:56:30 PM     all      1.39      0.00      0.13      0.00      0.00      0.00      0.00      0.00      0.00     98.49
01:56:31 PM     all      1.63      0.00      0.44      0.44      0.00      0.00      0.06      0.00      0.00     97.42
01:56:32 PM     all      1.70      0.00      0.25      0.00      0.00      0.00      0.00      0.00      0.00     98.05
01:56:33 PM     all      1.82      0.00      0.31      0.00      0.00      0.00      0.06      0.00      0.00     97.80
01:56:34 PM     all      1.38      0.00      0.38      0.00      0.00      0.00      0.06      0.00      0.00     98.17
01:56:35 PM     all      1.82      0.00      0.31      0.00      0.00      0.00      0.06      0.00      0.00     97.80
01:56:36 PM     all      1.33      0.00      0.19      0.06      0.00      0.00      0.00      0.00      0.00     98.42
01:56:37 PM     all      1.70      0.00      0.38      0.06      0.00      0.00      0.06      0.00      0.00     97.80
01:56:38 PM     all      1.70      0.00      0.31      0.00      0.00      0.00      0.00      0.00      0.00     97.99
01:56:39 PM     all      1.82      0.00      0.31      0.00      0.00      0.00      0.06      0.00      0.00     97.80
01:56:40 PM     all      1.57      0.00      0.19      0.00      0.00      0.00      0.00      0.00      0.00     98.24
01:56:41 PM     all      1.70      0.00      0.25      0.13      0.00      0.00      0.00      0.00      0.00     97.92
01:56:42 PM     all      1.26      0.00      0.57      0.00      0.00      0.00      0.00      0.00      0.00     98.18
01:56:43 PM     all      2.07      0.00      0.13      0.00      0.00      0.00      0.13      0.00      0.00     97.68
01:56:44 PM     all      1.75      0.00      0.25      0.00      0.00      0.00      0.13      0.00      0.00     97.87
01:56:45 PM     all      1.76      0.00      0.44      0.00      0.00      0.00      0.06      0.00      0.00     97.73
01:56:46 PM     all      1.88      0.00      0.31      0.00      0.00      0.00      0.00      0.00      0.00     97.81
01:56:47 PM     all      1.76      0.00      0.50      0.06      0.00      0.00      0.00      0.00      0.00     97.67
01:56:48 PM     all      1.69      0.00      0.44      0.00      0.00      0.00      0.06      0.00      0.00     97.81
01:56:49 PM     all      4.10      0.00      0.32      0.00      0.00      0.00      0.00      0.00      0.00     95.59
01:56:50 PM     all      1.76      0.00      0.19      0.00      0.00      0.00      0.06      0.00      0.00     97.99
01:56:51 PM     all      2.01      0.00      0.50      0.00      0.00      0.00      0.00      0.00      0.00     97.49
01:56:52 PM     all      1.58      0.00      0.44      0.13      0.00      0.00      0.06      0.00      0.00     97.79
01:56:53 PM     all      3.08      0.00      0.31      0.00      0.00      0.00      0.00      0.00      0.00     96.60
01:56:54 PM     all      5.36      0.00      0.69      0.00      0.00      0.00      0.06      0.00      0.00     93.89
01:56:55 PM     all      1.95      0.00      0.50      0.00      0.00      0.00      0.00      0.00      0.00     97.54
01:56:56 PM     all      1.94      0.00      0.50      0.00      0.00      0.00      0.06      0.00      0.00     97.50
01:56:57 PM     all      1.45      0.00      0.25      0.06      0.00      0.00      0.13      0.00      0.00     98.11
01:56:58 PM     all      1.94      0.00      0.38      0.00      0.00      0.00      0.00      0.00      0.00     97.68
01:56:59 PM     all      1.95      0.00      0.50      0.00      0.00      0.00      0.06      0.00      0.00     97.49
01:57:00 PM     all      1.39      0.00      0.25      0.00      0.00      0.00      0.00      0.00      0.00     98.35
01:57:01 PM     all      1.94      0.00      0.50      0.44      0.00      0.00      0.00      0.00      0.00     97.12
01:57:02 PM     all      1.82      0.00      0.25      0.00      0.00      0.00      0.06      0.00      0.00     97.86
01:57:03 PM     all      1.45      0.00      0.25      0.00      0.00      0.00      0.06      0.00      0.00     98.23
01:57:04 PM     all      2.51      0.00      0.88      0.00      0.00      0.00      0.00      0.00      0.00     96.61
01:57:05 PM     all      3.45      0.00      0.88      0.00      0.00      0.00      0.00      0.00      0.00     95.67
01:57:06 PM     all      1.82      0.00      0.56      0.13      0.00      0.00      0.06      0.00      0.00     97.43
01:57:07 PM     all      1.76      0.00      0.38      0.00      0.00      0.00      0.00      0.00      0.00     97.86
01:57:08 PM     all      1.64      0.00      0.31      0.00      0.00      0.00      0.00      0.00      0.00     98.05
01:57:09 PM     all      2.01      0.00      0.31      0.00      0.00      0.00      0.00      0.00      0.00     97.68
01:57:10 PM     all      1.45      0.00      0.38      0.00      0.00      0.00      0.00      0.00      0.00     98.18
01:57:11 PM     all      1.76      0.00      0.25      0.00      0.00      0.00      0.00      0.00      0.00     97.99
01:57:12 PM     all      1.70      0.00      0.38      0.06      0.00      0.00      0.13      0.00      0.00     97.74
01:57:13 PM     all      1.83      0.00      0.32      0.06      0.00      0.00      0.00      0.00      0.00     97.79
01:57:14 PM     all      2.07      0.00      0.19      0.00      0.00      0.00      0.06      0.00      0.00     97.68
01:57:15 PM     all      1.76      0.00      0.44      0.00      0.00      0.00      0.00      0.00      0.00     97.80
01:57:16 PM     all      1.64      0.00      0.19      0.00      0.00      0.00      0.00      0.00      0.00     98.17
01:57:17 PM     all      1.57      0.00      0.50      0.13      0.00      0.00      0.13      0.00      0.00     97.68
01:57:18 PM     all      1.58      0.00      0.25      0.00      0.00      0.00      0.00      0.00      0.00     98.17
01:57:19 PM     all      1.83      0.00      0.25      0.00      0.00      0.00      0.00      0.00      0.00     97.92
01:57:20 PM     all      1.63      0.00      0.44      0.00      0.00      0.00      0.06      0.00      0.00     97.86
01:57:21 PM     all      2.07      0.00      0.31      0.00      0.00      0.00      0.06      0.00      0.00     97.56
01:57:22 PM     all      1.82      0.00      0.13      0.06      0.00      0.00      0.00      0.00      0.00     97.99
01:57:23 PM     all      1.88      0.00      0.31      0.06      0.00      0.00      0.06      0.00      0.00     97.68
01:57:24 PM     all      1.70      0.00      0.57      0.00      0.00      0.00      0.00      0.00      0.00     97.73
01:57:25 PM     all      1.77      0.00      0.51      0.00      0.00      0.00      0.00      0.00      0.00     97.73
01:57:26 PM     all      1.52      0.00      0.32      0.00      0.00      0.00      0.06      0.00      0.00     98.10
01:57:27 PM     all      2.02      0.00      0.32      0.00      0.00      0.00      0.00      0.00      0.00     97.67
01:57:28 PM     all      1.57      0.00      0.75      0.13      0.00      0.00      0.00      0.00      0.00     97.55
01:57:29 PM     all      1.65      0.00      0.19      0.00      0.00      0.00      0.00      0.00      0.00     98.16
01:57:30 PM     all      1.76      0.00      0.31      0.00      0.00      0.00      0.06      0.00      0.00     97.87
01:57:31 PM     all      1.95      0.00      0.44      0.31      0.00      0.00      0.06      0.00      0.00     97.23
01:57:32 PM     all      1.64      0.00      0.38      0.00      0.00      0.00      0.00      0.00      0.00     97.98
01:57:33 PM     all      1.70      0.00      0.38      0.00      0.00      0.00      0.00      0.00      0.00     97.92
01:57:34 PM     all      2.07      0.00      0.25      0.00      0.00      0.00      0.06      0.00      0.00     97.62
01:57:35 PM     all      1.82      0.00      0.38      0.00      0.00      0.00      0.06      0.00      0.00     97.74
01:57:36 PM     all      1.39      0.00      0.19      0.13      0.00      0.00      0.00      0.00      0.00     98.30
01:57:37 PM     all      2.07      0.00      0.69      0.00      0.00      0.00      0.06      0.00      0.00     97.17
01:57:38 PM     all      1.89      0.00      0.38      0.00      0.00      0.00      0.00      0.00      0.00     97.73
01:57:39 PM     all      1.25      0.00      0.44      0.00      0.00      0.00      0.06      0.00      0.00     98.24
01:57:40 PM     all      0.19      0.00      0.19      0.00      0.00      0.00      0.06      0.00      0.00     99.56
01:57:41 PM     all      0.13      0.00      0.06      0.00      0.00      0.00      0.00      0.00      0.00     99.81
01:57:42 PM     all      0.13      0.00      0.13      0.06      0.00      0.00      0.00      0.00      0.00     99.69
01:57:43 PM     all      0.25      0.00      0.06      0.00      0.00      0.00      0.00      0.00      0.00     99.69
01:57:44 PM     all      0.13      0.00      0.00      0.06      0.00      0.00      0.00      0.00      0.00     99.81
01:57:45 PM     all      0.38      0.00      0.13      0.00      0.00      0.00      0.00      0.00      0.00     99.50
01:57:46 PM     all      0.19      0.00      0.25      0.00      0.00      0.00      0.00      0.00      0.00     99.56
01:57:47 PM     all      0.13      0.00      0.06      0.13      0.00      0.00      0.00      0.00      0.00     99.69
01:57:48 PM     all      0.06      0.00      0.13      0.00      0.00      0.00      0.00      0.00      0.00     99.81
01:57:49 PM     all      0.38      0.00      0.13      0.06      0.00      0.00      0.00      0.00      0.00     99.44
01:57:50 PM     all      0.19      0.00      0.06      0.00      0.00      0.00      0.00      0.00      0.00     99.75
01:57:51 PM     all      0.13      0.00      0.00      0.00      0.00      0.00      0.00      0.00      0.00     99.87
01:57:52 PM     all      0.25      0.00      0.13      0.06      0.00      0.00      0.00      0.00      0.00     99.56
01:57:53 PM     all      0.06      0.00      0.13      0.00      0.00      0.00      0.00      0.00      0.00     99.81
01:57:54 PM     all      0.19      0.00      0.00      0.06      0.00      0.00      0.00      0.00      0.00     99.75
01:57:55 PM     all      0.13      0.00      0.31      0.00      0.00      0.00      0.00      0.00      0.00     99.56
01:57:56 PM     all      0.06      0.00      0.06      0.19      0.00      0.00      0.00      0.00      0.00     99.69
01:57:57 PM     all      2.76      0.00      0.25      0.06      0.00      0.00      0.00      0.00      0.00     96.93
01:57:58 PM     all      0.19      0.00      0.13      0.00      0.00      0.00      0.00      0.00      0.00     99.69
01:57:59 PM     all      0.25      0.00      0.06      0.00      0.00      0.00      0.00      0.00      0.00     99.69
01:58:00 PM     all      0.31      0.00      0.06      0.00      0.00      0.00      0.00      0.00      0.00     99.62
01:58:01 PM     all      0.13      0.00      0.19      0.50      0.00      0.00      0.00      0.00      0.00     99.19
01:58:02 PM     all      0.69      0.00      0.38      0.00      0.00      0.00      0.00      0.00      0.00     98.93
01:58:03 PM     all      0.50      0.00      0.56      0.00      0.00      0.00      0.06      0.00      0.00     98.87
01:58:04 PM     all      0.13      0.00      0.13      0.00      0.00      0.00      0.00      0.00      0.00     99.75
01:58:05 PM     all      0.75      0.00      0.50      0.00      0.00      0.00      0.00      0.00      0.00     98.75
01:58:06 PM     all      1.82      0.00      0.88      0.13      0.00      0.00      0.00      0.00      0.00     97.18
01:58:07 PM     all      0.25      0.00      0.06      0.00      0.00      0.00      0.00      0.00      0.00     99.69
01:58:08 PM     all      0.19      0.00      0.06      0.06      0.00      0.00      0.00      0.00      0.00     99.69
01:58:09 PM     all      0.06      0.00      0.19      0.00      0.00      0.00      0.00      0.00      0.00     99.75
01:58:10 PM     all      0.31      0.00      0.13      0.00      0.00      0.00      0.00      0.00      0.00     99.56
01:58:11 PM     all      0.13      0.00      0.57      0.00      0.00      0.00      0.00      0.00      0.00     99.31
01:58:12 PM     all      1.07      0.00      1.07      0.13      0.00      0.00      0.00      0.00      0.00     97.74
01:58:13 PM     all      0.19      0.00      0.25      0.00      0.00      0.00      0.00      0.00      0.00     99.56
01:58:14 PM     all      0.69      0.00      0.19      0.00      0.00      0.00      0.00      0.00      0.00     99.12
01:58:15 PM     all      0.44      0.00      0.13      0.00      0.00      0.00      0.00      0.00      0.00     99.43
01:58:16 PM     all      0.31      0.00      0.25      0.00      0.00      0.00      0.00      0.00      0.00     99.44
01:58:17 PM     all      0.06      0.00      0.06      0.06      0.00      0.00      0.00      0.00      0.00     99.81
01:58:18 PM     all      0.19      0.00      0.13      0.00      0.00      0.00      0.00      0.00      0.00     99.69
01:58:19 PM     all      0.19      0.00      0.13      0.00      0.00      0.00      0.00      0.00      0.00     99.69
01:58:20 PM     all      0.44      0.00      0.19      0.00      0.00      0.00      0.00      0.00      0.00     99.37
01:58:21 PM     all      0.38      0.00      0.19      0.00      0.00      0.00      0.00      0.00      0.00     99.44
01:58:22 PM     all      0.50      0.00      0.13      0.19      0.00      0.00      0.00      0.00      0.00     99.19
01:58:23 PM     all      0.19      0.00      0.13      0.00      0.00      0.00      0.00      0.00      0.00     99.69
01:58:24 PM     all      0.06      0.00      0.13      0.00      0.00      0.00      0.00      0.00      0.00     99.81
01:58:25 PM     all      0.31      0.00      0.13      0.06      0.00      0.00      0.00      0.00      0.00     99.50
01:58:26 PM     all      0.13      0.00      0.13      0.00      0.00      0.00      0.00      0.00      0.00     99.75
01:58:27 PM     all      0.62      0.00      0.44      0.12      0.00      0.00      0.00      0.00      0.00     98.81
01:58:28 PM     all      0.38      0.00      0.13      0.00      0.00      0.00      0.00      0.00      0.00     99.50
01:58:29 PM     all      0.06      0.00      0.06      0.00      0.00      0.00      0.00      0.00      0.00     99.87
01:58:30 PM     all      0.19      0.00      0.06      0.00      0.00      0.00      0.00      0.00      0.00     99.75
01:58:31 PM     all      0.38      0.00      0.06      0.44      0.00      0.00      0.00      0.00      0.00     99.12
01:58:32 PM     all      0.25      0.00      0.06      0.00      0.00      0.00      0.00      0.00      0.00     99.69
01:58:33 PM     all      0.31      0.00      0.13      0.00      0.00      0.00      0.00      0.00      0.00     99.56
01:58:34 PM     all      0.06      0.00      0.00      0.00      0.00      0.00      0.00      0.00      0.00     99.94
01:58:35 PM     all      0.13      0.00      0.19      0.00      0.00      0.00      0.00      0.00      0.00     99.69
01:58:36 PM     all      0.44      0.00      0.00      0.06      0.00      0.00      0.00      0.00      0.00     99.50
01:58:37 PM     all      0.00      0.00      0.19      0.00      0.00      0.00      0.00      0.00      0.00     99.81
01:58:38 PM     all      0.19      0.00      0.13      0.00      0.00      0.00      0.00      0.00      0.00     99.69
01:58:39 PM     all      0.25      0.00      0.06      0.00      0.00      0.00      0.00      0.00      0.00     99.69
01:58:40 PM     all      3.38      0.00      0.44      0.00      0.00      0.00      0.00      0.00      0.00     96.18
01:58:41 PM     all      0.31      0.00      0.06      0.00      0.00      0.00      0.00      0.00      0.00     99.62
01:58:42 PM     all      0.25      0.00      0.06      0.19      0.00      0.00      0.00      0.00      0.00     99.50
01:58:43 PM     all      0.44      0.00      0.25      0.00      0.00      0.00      0.00      0.00      0.00     99.31
01:58:44 PM     all      0.00      0.00      0.19      0.00      0.00      0.00      0.00      0.00      0.00     99.81
01:58:45 PM     all      0.19      0.00      0.06      0.00      0.00      0.00      0.00      0.00      0.00     99.75
01:58:46 PM     all      0.44      0.00      0.19      0.00      0.00      0.00      0.00      0.00      0.00     99.37
01:58:47 PM     all      0.06      0.00      0.06      0.06      0.00      0.00      0.00      0.00      0.00     99.81
01:58:48 PM     all      0.06      0.00      0.06      0.00      0.00      0.00      0.00      0.00      0.00     99.87
01:58:49 PM     all      0.00      0.00      0.06      0.00      0.00      0.00      0.00      0.00      0.00     99.94
01:58:50 PM     all      0.38      0.00      0.13      0.00      0.00      0.00      0.00      0.00      0.00     99.50
01:58:51 PM     all      0.25      0.00      0.06      0.00      0.00      0.00      0.00      0.00      0.00     99.69
01:58:52 PM     all      0.13      0.00      0.25      0.13      0.00      0.00      0.00      0.00      0.00     99.50
01:58:53 PM     all      0.19      0.00      0.06      0.00      0.00      0.00      0.00      0.00      0.00     99.75
01:58:54 PM     all      0.19      0.00      0.06      0.00      0.00      0.00      0.00      0.00      0.00     99.75
01:58:55 PM     all      0.19      0.00      0.19      0.00      0.00      0.00      0.00      0.00      0.00     99.62
01:58:56 PM     all      0.13      0.00      0.06      0.00      0.00      0.00      0.00      0.00      0.00     99.81
01:58:57 PM     all      0.31      0.00      0.25      0.06      0.00      0.00      0.00      0.00      0.00     99.37
01:58:58 PM     all      0.13      0.00      0.00      0.00      0.00      0.00      0.00      0.00      0.00     99.87
01:58:59 PM     all      0.19      0.00      0.13      0.00      0.00      0.00      0.00      0.00      0.00     99.69
01:59:00 PM     all      0.50      0.00      0.19      0.13      0.00      0.00      0.00      0.00      0.00     99.18
01:59:01 PM     all      0.50      0.00      0.13      0.44      0.00      0.00      0.00      0.00      0.00     98.93
01:59:02 PM     all      0.44      0.00      0.19      0.00      0.00      0.00      0.00      0.00      0.00     99.37
01:59:03 PM     all      0.13      0.00      0.13      0.00      0.00      0.00      0.00      0.00      0.00     99.75
01:59:04 PM     all      0.00      0.00      0.06      0.00      0.00      0.00      0.00      0.00      0.00     99.94
01:59:05 PM     all      1.26      0.00      0.63      0.00      0.00      0.00      0.00      0.00      0.00     98.11
01:59:06 PM     all      3.40      0.00      1.57      0.13      0.00      0.00      0.00      0.00      0.00     94.91

Average:        all      1.83      0.00      0.38      0.03      0.00      0.00      0.03      0.00      0.00     97.73
