Linux 7.0.0-15-generic (bruker-ThinkPad-P14s-Gen-3) 	05/26/2026 	_x86_64_	(16 CPU)

09:52:35 AM     CPU      %usr     %nice      %sys   %iowait    %steal      %irq     %soft    %guest    %gnice     %idle
09:52:36 AM     all     25.18      0.00      4.41      0.00      0.00      0.00      0.96      0.00      0.00     69.46
09:52:37 AM     all     18.35      0.00      2.60      0.00      0.00      0.00      0.70      0.00      0.00     78.35
09:52:38 AM     all     19.12      0.00      2.93      0.00      0.00      0.00      0.70      0.00      0.00     77.25
09:52:39 AM     all     18.50      0.00      3.07      0.06      0.00      0.00      0.77      0.00      0.00     77.59
09:52:40 AM     all     16.77      0.00      2.30      0.00      0.00      0.00      0.70      0.00      0.00     80.23
09:52:41 AM     all     17.16      0.00      2.29      0.00      0.00      0.00      0.95      0.00      0.00     79.59
09:52:42 AM     all     17.97      0.00      2.17      0.00      0.00      0.00      0.83      0.00      0.00     79.03
09:52:43 AM     all     16.73      0.00      2.18      0.00      0.00      0.00      0.71      0.00      0.00     80.38
09:52:44 AM     all     17.19      0.00      2.11      0.00      0.00      0.00      0.70      0.00      0.00     80.00
09:52:45 AM     all     18.04      0.00      2.10      0.06      0.00      0.00      0.83      0.00      0.00     78.97
09:52:46 AM     all     17.36      0.00      2.11      0.00      0.00      0.00      0.64      0.00      0.00     79.90
09:52:47 AM     all     18.25      0.00      2.09      0.00      0.00      0.00      0.82      0.00      0.00     78.83
09:52:48 AM     all     17.86      0.00      2.61      0.00      0.00      0.00      0.57      0.00      0.00     78.95
09:52:49 AM     all     17.32      0.00      2.04      0.06      0.00      0.00      0.64      0.00      0.00     79.94
09:52:50 AM     all     17.63      0.00      2.09      0.13      0.00      0.00      0.82      0.00      0.00     79.33
09:52:51 AM     all     17.47      0.00      1.91      0.00      0.00      0.00      0.64      0.00      0.00     79.97
09:52:52 AM     all     16.68      0.00      2.29      0.00      0.00      0.00      0.89      0.00      0.00     80.14
09:52:53 AM     all     18.35      0.00      1.79      0.00      0.00      0.00      0.58      0.00      0.00     79.28
09:52:54 AM     all     16.78      0.00      2.35      0.00      0.00      0.00      0.70      0.00      0.00     80.17
09:52:55 AM     all     17.11      0.00      2.04      0.13      0.00      0.00      0.83      0.00      0.00     79.89
09:52:56 AM     all     16.74      0.00      2.48      0.00      0.00      0.00      0.76      0.00      0.00     80.01
09:52:57 AM     all     16.69      0.00      2.11      0.00      0.00      0.00      0.83      0.00      0.00     80.37
09:52:58 AM     all     16.67      0.00      2.48      0.06      0.00      0.00      0.70      0.00      0.00     80.09
09:52:59 AM     all     16.84      0.00      2.23      0.00      0.00      0.00      0.96      0.00      0.00     79.97
09:53:00 AM     all     17.70      0.00      2.28      0.06      0.00      0.00      0.89      0.00      0.00     79.06
09:53:01 AM     all     17.84      0.00      1.92      0.00      0.00      0.00      0.64      0.00      0.00     79.60
09:53:02 AM     all     17.43      0.00      2.23      0.00      0.00      0.00      0.64      0.00      0.00     79.69
09:53:03 AM     all     17.22      0.00      2.35      0.00      0.00      0.00      0.76      0.00      0.00     79.67
09:53:04 AM     all     17.50      0.00      1.97      0.00      0.00      0.00      1.02      0.00      0.00     79.50
09:53:05 AM     all     18.63      0.00      2.34      0.00      0.00      0.00      0.89      0.00      0.00     78.14
09:53:06 AM     all     19.45      0.00      2.17      0.06      0.00      0.00      0.77      0.00      0.00     77.55
09:53:07 AM     all     17.86      0.00      2.10      0.00      0.00      0.00      0.89      0.00      0.00     79.15
09:53:08 AM     all     16.65      0.00      1.85      0.00      0.00      0.00      0.77      0.00      0.00     80.74
09:53:09 AM     all     17.24      0.00      2.23      0.00      0.00      0.00      0.77      0.00      0.00     79.76
09:53:10 AM     all     18.24      0.00      2.17      0.00      0.00      0.00      0.70      0.00      0.00     78.89
09:53:11 AM     all     18.17      0.00      2.11      0.06      0.00      0.00      0.64      0.00      0.00     79.01
09:53:12 AM     all     18.51      0.00      2.29      0.00      0.00      0.00      0.89      0.00      0.00     78.31
09:53:13 AM     all     18.11      0.00      2.23      0.00      0.00      0.00      0.70      0.00      0.00     78.95
09:53:14 AM     all     17.95      0.06      2.35      0.00      0.00      0.00      0.82      0.00      0.00     78.82
09:53:15 AM     all     18.71      0.00      2.47      0.00      0.00      0.00      0.95      0.00      0.00     77.87
09:53:16 AM     all     18.50      0.00      2.18      0.06      0.00      0.00      0.70      0.00      0.00     78.55
09:53:17 AM     all     19.03      0.00      2.53      0.00      0.00      0.00      0.88      0.00      0.00     77.56
09:53:18 AM     all     18.37      0.00      2.37      0.00      0.00      0.00      0.64      0.00      0.00     78.62
09:53:19 AM     all     17.66      0.00      2.10      0.00      0.00      0.00      0.89      0.00      0.00     79.35
09:53:20 AM     all     17.70      0.00      2.41      0.00      0.00      0.00      0.76      0.00      0.00     79.12
09:53:21 AM     all     18.30      0.00      2.48      0.13      0.00      0.00      0.64      0.00      0.00     78.46
09:53:22 AM     all     19.31      0.00      2.16      0.00      0.00      0.00      0.64      0.00      0.00     77.89
09:53:23 AM     all     16.54      0.00      2.09      0.00      0.00      0.00      0.70      0.00      0.00     80.67
09:53:24 AM     all     16.45      0.00      1.98      0.00      0.00      0.00      0.57      0.00      0.00     80.99
09:53:25 AM     all     16.74      0.00      2.16      0.06      0.00      0.00      0.70      0.00      0.00     80.34
09:53:26 AM     all     16.70      0.00      2.10      0.13      0.00      0.00      0.57      0.00      0.00     80.50
09:53:27 AM     all     17.08      0.00      2.10      0.00      0.00      0.00      0.76      0.00      0.00     80.05
09:53:28 AM     all     17.82      0.00      2.42      0.00      0.00      0.00      0.76      0.00      0.00     78.99
09:53:29 AM     all     16.20      0.00      2.30      0.00      0.00      0.00      0.51      0.00      0.00     80.99
09:53:30 AM     all     17.73      0.00      2.16      0.06      0.00      0.00      0.64      0.00      0.00     79.42
09:53:31 AM     all     17.10      0.00      1.99      0.00      0.00      0.00      0.70      0.00      0.00     80.20
09:53:32 AM     all     16.63      0.00      2.03      0.13      0.00      0.00      0.63      0.00      0.00     80.57
09:53:33 AM     all     16.94      0.00      2.11      0.00      0.00      0.00      0.70      0.00      0.00     80.24
09:53:34 AM     all     17.29      0.00      2.03      0.00      0.00      0.00      0.83      0.00      0.00     79.85
09:53:35 AM     all     17.22      0.00      2.23      0.00      0.00      0.00      0.83      0.00      0.00     79.72
09:53:36 AM     all     17.46      0.00      2.29      0.00      0.00      0.00      0.76      0.00      0.00     79.48
09:53:37 AM     all     16.97      0.00      2.16      0.00      0.00      0.00      0.95      0.00      0.00     79.91
09:53:38 AM     all     17.08      0.00      2.23      0.06      0.00      0.00      0.83      0.00      0.00     79.80
09:53:39 AM     all     17.65      0.00      2.94      0.00      0.00      0.00      0.64      0.00      0.00     78.77
09:53:40 AM     all     18.10      0.00      3.06      0.06      0.00      0.00      0.57      0.00      0.00     78.20
09:53:41 AM     all     16.91      0.00      2.42      0.06      0.00      0.00      0.76      0.00      0.00     79.85
09:53:42 AM     all     17.09      0.00      2.10      0.13      0.00      0.00      0.64      0.00      0.00     80.04
09:53:43 AM     all     17.28      0.00      2.16      0.38      0.00      0.00      0.64      0.00      0.00     79.54
09:53:44 AM     all     17.19      0.00      2.17      0.06      0.00      0.00      0.83      0.00      0.00     79.74
09:53:45 AM     all     17.80      0.00      2.30      0.19      0.00      0.00      0.70      0.00      0.00     79.00
09:53:46 AM     all     16.54      0.00      1.91      0.00      0.00      0.00      0.70      0.00      0.00     80.85
09:53:47 AM     all     16.43      0.00      2.42      0.06      0.00      0.00      0.83      0.00      0.00     80.25
09:53:48 AM     all     16.49      0.00      2.17      0.00      0.00      0.00      0.70      0.00      0.00     80.64
09:53:49 AM     all     17.20      0.00      2.17      0.00      0.00      0.00      0.70      0.00      0.00     79.92
09:53:50 AM     all     17.53      0.00      2.35      0.13      0.00      0.00      0.83      0.00      0.00     79.16
09:53:51 AM     all     17.89      0.00      2.09      0.00      0.00      0.00      0.70      0.00      0.00     79.31
09:53:52 AM     all     18.37      0.00      2.23      0.00      0.00      0.00      0.77      0.00      0.00     78.64
09:53:53 AM     all     17.67      0.00      2.17      0.00      0.00      0.00      0.89      0.00      0.00     79.27
09:53:54 AM     all     18.43      0.00      2.55      0.00      0.00      0.00      0.77      0.00      0.00     78.25
09:53:55 AM     all     17.25      0.00      2.11      0.06      0.00      0.00      0.77      0.00      0.00     79.81
09:53:56 AM     all     17.83      0.00      2.21      0.00      0.00      0.00      0.88      0.00      0.00     79.08
09:53:57 AM     all     16.70      0.00      2.44      0.00      0.00      0.00      0.90      0.00      0.00     79.96
09:53:58 AM     all     17.02      0.00      2.11      0.00      0.00      0.00      0.70      0.00      0.00     80.17
09:53:59 AM     all     17.17      0.00      2.17      0.00      0.00      0.00      0.89      0.00      0.00     79.77
09:54:00 AM     all     17.39      0.00      1.91      0.06      0.00      0.00      0.64      0.00      0.00     80.00
09:54:01 AM     all     17.56      0.00      2.30      0.06      0.00      0.00      0.64      0.00      0.00     79.44
09:54:02 AM     all     17.47      0.00      2.16      0.00      0.00      0.00      0.64      0.00      0.00     79.73
09:54:03 AM     all     17.16      0.00      2.23      0.00      0.00      0.00      0.83      0.00      0.00     79.78
09:54:04 AM     all     16.94      0.00      1.91      0.00      0.00      0.00      0.76      0.00      0.00     80.38
09:54:05 AM     all     16.92      0.00      2.12      0.06      0.00      0.00      0.96      0.00      0.00     79.94
09:54:06 AM     all     20.62      0.00      2.42      0.00      0.00      0.00      0.76      0.00      0.00     76.19
09:54:07 AM     all     17.44      0.00      2.23      0.00      0.00      0.00      0.76      0.00      0.00     79.57
09:54:08 AM     all     16.57      0.00      2.61      0.06      0.00      0.00      0.76      0.00      0.00     79.99
09:54:09 AM     all     16.63      0.00      2.29      0.00      0.00      0.00      0.83      0.00      0.00     80.25
09:54:10 AM     all     17.11      0.00      2.29      0.25      0.00      0.00      0.89      0.00      0.00     79.45
09:54:11 AM     all     17.74      0.00      2.49      0.00      0.00      0.00      0.64      0.00      0.00     79.13
09:54:12 AM     all     17.84      0.00      2.17      0.00      0.00      0.00      0.51      0.00      0.00     79.48
09:54:13 AM     all     17.91      0.00      2.29      0.00      0.00      0.00      0.76      0.00      0.00     79.03
09:54:14 AM     all     18.17      0.00      2.21      0.00      0.00      0.00      0.82      0.00      0.00     78.80
09:54:15 AM     all     18.73      0.00      2.37      0.06      0.00      0.00      0.58      0.00      0.00     78.26
09:54:16 AM     all     17.79      0.00      2.36      0.00      0.00      0.00      0.83      0.00      0.00     79.02
09:54:17 AM     all     18.06      0.00      2.79      0.13      0.00      0.00      1.01      0.00      0.00     78.01
09:54:18 AM     all     17.48      0.00      2.29      0.00      0.00      0.00      0.83      0.00      0.00     79.40
09:54:19 AM     all     17.31      0.00      2.48      0.00      0.00      0.00      0.83      0.00      0.00     79.38
09:54:20 AM     all     17.86      0.00      2.55      0.00      0.00      0.00      0.64      0.00      0.00     78.95
09:54:21 AM     all     17.26      0.00      2.24      0.00      0.00      0.00      0.70      0.00      0.00     79.80
09:54:22 AM     all     17.20      0.00      1.85      0.00      0.00      0.00      0.70      0.00      0.00     80.25
09:54:23 AM     all     17.10      0.00      2.18      0.13      0.00      0.00      0.77      0.00      0.00     79.82
09:54:24 AM     all     17.01      0.00      2.28      0.00      0.00      0.00      0.95      0.00      0.00     79.76
09:54:25 AM     all     16.17      0.00      2.17      0.00      0.00      0.00      0.77      0.00      0.00     80.89
09:54:26 AM     all     15.85      0.00      2.12      0.00      0.00      0.00      0.83      0.00      0.00     81.19
09:54:27 AM     all     16.61      0.00      2.23      0.00      0.00      0.00      0.64      0.00      0.00     80.52
09:54:28 AM     all     17.05      0.00      2.42      0.13      0.00      0.00      0.70      0.00      0.00     79.71
09:54:29 AM     all     16.57      0.00      2.36      0.00      0.00      0.00      0.83      0.00      0.00     80.24
09:54:30 AM     all     16.30      0.00      2.04      0.00      0.00      0.00      0.76      0.00      0.00     80.90
09:54:31 AM     all     16.51      0.00      2.29      0.00      0.00      0.00      0.89      0.00      0.00     80.32
09:54:32 AM     all     17.22      0.00      2.54      0.00      0.00      0.00      0.76      0.00      0.00     79.48
09:54:33 AM     all     15.80      0.00      2.37      0.06      0.00      0.00      0.70      0.00      0.00     81.06
09:54:34 AM     all     16.68      0.00      1.90      0.00      0.00      0.00      0.82      0.00      0.00     80.60
09:54:35 AM     all     16.42      0.00      2.11      0.00      0.00      0.00      0.51      0.00      0.00     80.96
09:54:36 AM     all     17.12      0.00      2.09      0.06      0.00      0.00      1.14      0.00      0.00     79.58
09:54:37 AM     all     16.29      0.00      2.05      0.00      0.00      0.00      0.71      0.00      0.00     80.95
09:54:38 AM     all     16.94      0.00      2.35      0.13      0.00      0.00      0.76      0.00      0.00     79.82
09:54:39 AM     all     15.92      0.00      2.37      0.00      0.00      0.00      0.70      0.00      0.00     81.01
09:54:40 AM     all     16.67      0.00      3.11      0.00      0.00      0.00      0.51      0.00      0.00     79.72
09:54:41 AM     all     16.83      0.00      2.23      0.00      0.00      0.00      0.89      0.00      0.00     80.05
09:54:42 AM     all     16.60      0.00      2.12      0.00      0.00      0.00      0.83      0.00      0.00     80.45
09:54:43 AM     all     16.24      0.00      2.42      0.00      0.00      0.00      0.70      0.00      0.00     80.64
09:54:44 AM     all     17.68      0.00      2.30      0.00      0.00      0.00      0.77      0.00      0.00     79.26
09:54:45 AM     all     16.49      0.00      2.48      0.00      0.00      0.00      0.83      0.00      0.00     80.20
09:54:46 AM     all     16.77      0.00      2.10      0.00      0.00      0.00      0.76      0.00      0.00     80.37
09:54:47 AM     all     16.78      0.00      1.91      0.00      0.00      0.00      0.77      0.00      0.00     80.54
09:54:48 AM     all     16.37      0.00      2.43      0.00      0.00      0.00      0.58      0.00      0.00     80.63
09:54:49 AM     all     16.68      0.00      2.23      0.13      0.00      0.00      0.70      0.00      0.00     80.27
09:54:50 AM     all     17.27      0.00      2.49      0.00      0.00      0.00      0.70      0.00      0.00     79.54
09:54:51 AM     all     16.92      0.00      2.04      0.00      0.00      0.00      0.51      0.00      0.00     80.52
09:54:52 AM     all     16.19      0.00      2.05      0.00      0.00      0.00      0.96      0.00      0.00     80.81
09:54:53 AM     all     17.63      0.00      2.35      0.00      0.00      0.00      0.82      0.00      0.00     79.20
09:54:54 AM     all     17.23      0.00      2.09      0.06      0.00      0.00      1.08      0.00      0.00     79.54
09:54:55 AM     all     16.62      0.00      2.17      0.00      0.00      0.00      0.70      0.00      0.00     80.50
09:54:56 AM     all     16.55      0.00      2.36      0.00      0.00      0.00      0.89      0.00      0.00     80.20
09:54:57 AM     all     17.90      0.00      2.23      0.00      0.00      0.00      0.70      0.00      0.00     79.17
09:54:58 AM     all     16.67      0.00      2.23      0.00      0.00      0.00      0.83      0.00      0.00     80.27
09:54:59 AM     all     16.85      0.00      2.48      0.13      0.00      0.00      0.89      0.00      0.00     79.66
09:55:00 AM     all     17.27      0.00      2.61      0.00      0.00      0.00      0.83      0.00      0.00     79.29
09:55:01 AM     all     15.72      0.00      2.03      0.00      0.00      0.00      1.01      0.00      0.00     81.24
09:55:02 AM     all     16.87      0.00      2.24      0.00      0.00      0.00      0.77      0.00      0.00     80.13
09:55:03 AM     all     17.10      0.00      2.05      0.00      0.00      0.00      0.77      0.00      0.00     80.08
09:55:04 AM     all     17.64      0.00      2.48      0.06      0.00      0.00      0.83      0.00      0.00     78.98
09:55:05 AM     all     17.24      0.00      2.54      0.00      0.00      0.00      0.83      0.00      0.00     79.39
09:55:06 AM     all     18.04      0.00      2.48      0.00      0.00      0.00      0.70      0.00      0.00     78.78
09:55:07 AM     all     16.88      0.00      2.17      0.00      0.00      0.00      0.77      0.00      0.00     80.18
09:55:08 AM     all     18.16      0.00      2.10      0.00      0.00      0.00      0.64      0.00      0.00     79.09
09:55:09 AM     all     17.77      0.00      2.47      0.06      0.00      0.00      0.70      0.00      0.00     79.00
09:55:10 AM     all     16.75      0.00      1.72      0.00      0.00      0.00      0.70      0.00      0.00     80.83
09:55:11 AM     all     17.37      0.00      2.29      0.06      0.00      0.00      0.89      0.00      0.00     79.39
09:55:12 AM     all     16.58      0.00      2.22      0.06      0.00      0.00      0.70      0.00      0.00     80.43
09:55:13 AM     all     17.07      0.00      2.10      0.00      0.00      0.00      0.89      0.00      0.00     79.94
09:55:14 AM     all     21.44      0.00      2.43      0.06      0.00      0.00      0.64      0.00      0.00     75.43
09:55:15 AM     all     17.76      0.00      2.48      0.00      0.00      0.00      1.02      0.00      0.00     78.74
09:55:16 AM     all     17.88      0.00      2.43      0.00      0.00      0.00      0.64      0.00      0.00     79.05
09:55:17 AM     all     17.72      0.00      2.17      0.00      0.00      0.00      0.57      0.00      0.00     79.54
09:55:18 AM     all     18.15      0.00      2.47      0.00      0.00      0.00      0.95      0.00      0.00     78.43
09:55:19 AM     all     18.26      0.00      2.75      0.06      0.00      0.00      0.70      0.00      0.00     78.22
09:55:20 AM     all     18.65      0.00      1.91      0.00      0.00      0.00      0.89      0.00      0.00     78.55
09:55:21 AM     all     17.79      0.00      2.30      0.00      0.00      0.00      0.96      0.00      0.00     78.95
09:55:22 AM     all     16.93      0.00      2.09      0.00      0.00      0.00      0.63      0.00      0.00     80.34


Average:        all     17.41      0.00      2.27      0.03      0.00      0.00      0.76      0.00      0.00     79.52
