\BOOKMARK [1][-]{Doc-Start}{\376\377\000L\000i\000s\000t\000\040\000o\000f\000\040\000F\000i\000g\000u\000r\000e\000s}{}% 1
\BOOKMARK [1][-]{Doc-Start}{\376\377\000L\000i\000s\000t\000\040\000o\000f\000\040\000T\000a\000b\000l\000e\000s}{}% 2
\BOOKMARK [1][-]{section.1}{\376\377\000I\000n\000t\000r\000o\000d\000u\000c\000t\000i\000o\000n}{}% 3
\BOOKMARK [2][-]{subsection.1.1}{\376\377\000B\000a\000c\000k\000g\000r\000o\000u\000n\000d\000\040\000a\000n\000d\000\040\000M\000o\000t\000i\000v\000a\000t\000i\000o\000n}{section.1}% 4
\BOOKMARK [2][-]{subsection.1.2}{\376\377\000P\000r\000o\000b\000l\000e\000m}{section.1}% 5
\BOOKMARK [2][-]{subsection.1.3}{\376\377\000O\000b\000j\000e\000c\000t\000i\000v\000e\000s}{section.1}% 6
\BOOKMARK [2][-]{subsection.1.4}{\376\377\000R\000e\000s\000e\000a\000r\000c\000h\000\040\000Q\000u\000e\000s\000t\000i\000o\000n\000s}{section.1}% 7
\BOOKMARK [2][-]{subsection.1.5}{\376\377\000S\000c\000o\000p\000e\000\040\000a\000n\000d\000\040\000L\000i\000m\000i\000t\000a\000t\000i\000o\000n\000s}{section.1}% 8
\BOOKMARK [2][-]{subsection.1.6}{\376\377\000O\000u\000t\000l\000i\000n\000e\000\040\000o\000f\000\040\000S\000t\000r\000u\000c\000t\000u\000r\000e}{section.1}% 9
\BOOKMARK [1][-]{section.2}{\376\377\000T\000h\000e\000o\000r\000y}{}% 10
\BOOKMARK [2][-]{subsection.2.1}{\376\377\000R\000e\000m\000o\000t\000e\000\040\000T\000r\000a\000i\000n\000\040\000O\000p\000e\000r\000a\000t\000i\000o\000n\000s}{section.2}% 11
\BOOKMARK [3][-]{subsubsection.2.1.1}{\376\377\000G\000r\000a\000d\000e\000s\000\040\000o\000f\000\040\000A\000u\000t\000o\000m\000a\000t\000i\000o\000n}{subsection.2.1}% 12
\BOOKMARK [3][-]{subsubsection.2.1.2}{\376\377\000R\000o\000l\000e\000\040\000o\000f\000\040\000V\000i\000d\000e\000o\000\040\000i\000n\000\040\000R\000e\000m\000o\000t\000e\000\040\000O\000p\000e\000r\000a\000t\000i\000o\000n}{subsection.2.1}% 13
\BOOKMARK [3][-]{subsubsection.2.1.3}{\376\377\000L\000a\000t\000e\000n\000c\000y\000\040\000R\000e\000q\000u\000i\000r\000e\000m\000e\000n\000t\000s\000\040\000a\000n\000d\000\040\000R\000e\000g\000u\000l\000a\000t\000i\000o\000n\000s}{subsection.2.1}% 14
\BOOKMARK [2][-]{subsection.2.2}{\376\377\000V\000i\000d\000e\000o\000\040\000S\000t\000r\000e\000a\000m\000i\000n\000g}{section.2}% 15
\BOOKMARK [2][-]{subsection.2.3}{\376\377\000V\000i\000d\000e\000o\000\040\000C\000o\000m\000p\000r\000e\000s\000s\000i\000o\000n}{section.2}% 16
\BOOKMARK [3][-]{subsubsection.2.3.1}{\376\377\000H\000.\0002\0006\0004}{subsection.2.3}% 17
\BOOKMARK [3][-]{subsubsection.2.3.2}{\376\377\000H\000.\0002\0006\0005}{subsection.2.3}% 18
\BOOKMARK [3][-]{subsubsection.2.3.3}{\376\377\000F\000r\000a\000m\000e\000\040\000T\000y\000p\000e\000s}{subsection.2.3}% 19
\BOOKMARK [3][-]{subsubsection.2.3.4}{\376\377\000N\000A\000L\000\040\000U\000n\000i\000t\000s}{subsection.2.3}% 20
\BOOKMARK [3][-]{subsubsection.2.3.5}{\376\377\000M\000J\000P\000E\000G}{subsection.2.3}% 21
\BOOKMARK [2][-]{subsection.2.4}{\376\377\000T\000r\000a\000n\000s\000p\000o\000r\000t\000\040\000P\000r\000o\000t\000o\000c\000o\000l\000s}{section.2}% 22
\BOOKMARK [3][-]{subsubsection.2.4.1}{\376\377\000R\000T\000P\000\040\000a\000n\000d\000\040\000S\000R\000T\000P}{subsection.2.4}% 23
\BOOKMARK [3][-]{subsubsection.2.4.2}{\376\377\000U\000D\000P}{subsection.2.4}% 24
\BOOKMARK [3][-]{subsubsection.2.4.3}{\376\377\000T\000C\000P}{subsection.2.4}% 25
\BOOKMARK [2][-]{subsection.2.5}{\376\377\000S\000t\000r\000e\000a\000m\000i\000n\000g\000\040\000P\000a\000r\000a\000m\000e\000t\000e\000r\000s}{section.2}% 26
\BOOKMARK [3][-]{subsubsection.2.5.1}{\376\377\000B\000a\000n\000d\000w\000i\000d\000t\000h}{subsection.2.5}% 27
\BOOKMARK [3][-]{subsubsection.2.5.2}{\376\377\000R\000e\000s\000o\000l\000u\000t\000i\000o\000n}{subsection.2.5}% 28
\BOOKMARK [2][-]{subsection.2.6}{\376\377\000L\000a\000t\000e\000n\000c\000y\000\040\000S\000o\000u\000r\000c\000e\000s\000\040\000i\000n\000\040\000a\000\040\000V\000i\000d\000e\000o\000\040\000S\000t\000r\000e\000a\000m\000i\000n\000g\000\040\000P\000i\000p\000e\000l\000i\000n\000e}{section.2}% 29
\BOOKMARK [3][-]{subsubsection.2.6.1}{\376\377\000C\000a\000p\000t\000u\000r\000i\000n\000g}{subsection.2.6}% 30
\BOOKMARK [3][-]{subsubsection.2.6.2}{\376\377\000E\000n\000c\000o\000d\000i\000n\000g}{subsection.2.6}% 31
\BOOKMARK [3][-]{subsubsection.2.6.3}{\376\377\000T\000r\000a\000n\000s\000m\000i\000t\000t\000i\000n\000g}{subsection.2.6}% 32
\BOOKMARK [3][-]{subsubsection.2.6.4}{\376\377\000D\000e\000c\000o\000d\000i\000n\000g}{subsection.2.6}% 33
\BOOKMARK [3][-]{subsubsection.2.6.5}{\376\377\000R\000e\000n\000d\000e\000r\000i\000n\000g}{subsection.2.6}% 34
\BOOKMARK [2][-]{subsection.2.7}{\376\377\000C\000l\000o\000c\000k\000\040\000S\000y\000n\000c\000h\000r\000o\000n\000i\000s\000a\000t\000i\000o\000n}{section.2}% 35
\BOOKMARK [3][-]{subsubsection.2.7.1}{\376\377\000G\000P\000S\000-\000B\000a\000s\000e\000d\000\040\000C\000l\000o\000c\000k\000\040\000S\000y\000n\000c\000h\000r\000o\000n\000i\000s\000a\000t\000i\000o\000n}{subsection.2.7}% 36
\BOOKMARK [3][-]{subsubsection.2.7.2}{\376\377\000N\000e\000t\000w\000o\000r\000k\000-\000B\000a\000s\000e\000d\000\040\000C\000l\000o\000c\000k\000\040\000S\000y\000n\000c\000h\000r\000o\000n\000i\000s\000a\000t\000i\000o\000n\000\040\000w\000i\000t\000h\000\040\000C\000h\000r\000o\000n\000y}{subsection.2.7}% 37
\BOOKMARK [2][-]{subsection.2.8}{\376\377\000G\000S\000t\000r\000e\000a\000m\000e\000r}{section.2}% 38
\BOOKMARK [3][-]{subsubsection.2.8.1}{\376\377\000P\000i\000p\000e\000l\000i\000n\000e\000\040\000a\000n\000d\000\040\000E\000l\000e\000m\000e\000n\000t\000s}{subsection.2.8}% 39
\BOOKMARK [3][-]{subsubsection.2.8.2}{\376\377\000P\000a\000d\000s}{subsection.2.8}% 40
\BOOKMARK [3][-]{subsubsection.2.8.3}{\376\377\000S\000i\000n\000k\000s}{subsection.2.8}% 41
\BOOKMARK [3][-]{subsubsection.2.8.4}{\376\377\000P\000r\000o\000b\000e\000s}{subsection.2.8}% 42
\BOOKMARK [2][-]{subsection.2.9}{\376\377\000N\000e\000t\000w\000o\000r\000k\000\040\000a\000n\000d\000\040\000C\000o\000m\000m\000u\000n\000i\000c\000a\000t\000i\000o\000n}{section.2}% 43
\BOOKMARK [3][-]{subsubsection.2.9.1}{\376\377\000W\000i\000-\000F\000i}{subsection.2.9}% 44
\BOOKMARK [3][-]{subsubsection.2.9.2}{\376\377\000C\000e\000l\000l\000u\000l\000a\000r\000\040\000a\000n\000d\000\040\0005\000G}{subsection.2.9}% 45
\BOOKMARK [3][-]{subsubsection.2.9.3}{\376\377\000T\000a\000i\000l\000s\000c\000a\000l\000e}{subsection.2.9}% 46
\BOOKMARK [2][-]{subsection.2.10}{\376\377\000P\000e\000r\000f\000o\000r\000m\000a\000n\000c\000e\000\040\000M\000e\000t\000r\000i\000c\000s}{section.2}% 47
\BOOKMARK [3][-]{subsubsection.2.10.1}{\376\377\000L\000a\000t\000e\000n\000c\000y}{subsection.2.10}% 48
\BOOKMARK [3][-]{subsubsection.2.10.2}{\376\377\000P\000a\000c\000k\000e\000t\000\040\000L\000o\000s\000s}{subsection.2.10}% 49
\BOOKMARK [3][-]{subsubsection.2.10.3}{\376\377\000T\000h\000r\000o\000u\000g\000h\000p\000u\000t}{subsection.2.10}% 50
\BOOKMARK [3][-]{subsubsection.2.10.4}{\376\377\000C\000P\000U\000\040\000U\000s\000a\000g\000e}{subsection.2.10}% 51
\BOOKMARK [3][-]{subsubsection.2.10.5}{\376\377\000V\000i\000s\000u\000a\000l\000\040\000Q\000u\000a\000l\000i\000t\000y}{subsection.2.10}% 52
\BOOKMARK [1][-]{section.3}{\376\377\000S\000y\000s\000t\000e\000m\000\040\000D\000e\000s\000i\000g\000n}{}% 53
\BOOKMARK [2][-]{subsection.3.1}{\376\377\000R\000e\000q\000u\000i\000r\000e\000m\000e\000n\000t\000s}{section.3}% 54
\BOOKMARK [2][-]{subsection.3.2}{\376\377\000D\000e\000v\000e\000l\000o\000p\000m\000e\000n\000t\000\040\000M\000e\000t\000h\000o\000d\000o\000l\000o\000g\000y}{section.3}% 55
\BOOKMARK [3][-]{subsubsection.3.2.1}{\376\377\000I\000t\000e\000r\000a\000t\000i\000v\000e\000\040\000D\000e\000s\000i\000g\000n\000\040\000a\000n\000d\000\040\000t\000h\000e\000\040\000M\000i\000n\000i\000m\000u\000m\000\040\000V\000i\000a\000b\000l\000e\000\040\000P\000r\000o\000d\000u\000c\000t}{subsection.3.2}% 56
\BOOKMARK [3][-]{subsubsection.3.2.2}{\376\377\000S\000p\000r\000i\000n\000t\000s}{subsection.3.2}% 57
\BOOKMARK [2][-]{subsection.3.3}{\376\377\000S\000y\000s\000t\000e\000m\000\040\000O\000v\000e\000r\000v\000